<?xml version="1.0" encoding="utf-8"?>
<TestRun id="a81b31ea-4d8c-431c-a2cb-b1f4ddeb614c" name="pnaro@LAPTOP-35RG0TO8 2020-12-13 12:26:19" runUser="LAPTOP-35RG0TO8\pnaro" xmlns="http://microsoft.com/schemas/VisualStudio/TeamTest/2010">
  <Times creation="2020-12-13T12:26:19.2318219+01:00" queuing="2020-12-13T12:26:19.2318226+01:00" start="2020-12-13T12:26:18.0230683+01:00" finish="2020-12-13T12:26:20.8531661+01:00" />
  <TestSettings name="default" id="a7168dea-0d42-47ad-bc2a-01dd7bad0bdf">
    <Deployment runDeploymentRoot="pnaro_LAPTOP-35RG0TO8_2020-12-13_12_26_19" />
  </TestSettings>
  <Results>
    <UnitTestResult executionId="44152967-d87d-40b3-912a-6efa51b231e6" testId="375e425c-9b53-a326-01d6-888b92935a87" testName="_2020.Tests.Days.Day7Tests.Part1_pack(testCaseName: &quot;example1&quot;, expectedResult: &quot;4&quot;, _: &quot;&quot;, fileContent: &quot;light red bags contain 1 bright white bag, 2 muted&quot;...)" computerName="LAPTOP-35RG0TO8" duration="00:00:00.0001533" startTime="2020-12-13T12:26:19.2167611+01:00" endTime="2020-12-13T12:26:19.2167612+01:00" testType="13cdc9d9-ddb5-4fa4-a97d-d965ccfc6d4b" outcome="Passed" testListId="8c84fa94-04c1-424b-9868-57a2d4851a1d" relativeResultsDirectory="44152967-d87d-40b3-912a-6efa51b231e6" />
    <UnitTestResult executionId="1a0cebd0-a9fd-4b11-9e4f-f71104a168fe" testId="32ed6bd8-e0af-dd5c-7f74-96ea03b7cf74" testName="_2020.Tests.Days.Day11Tests.Part2_Pack(testCaseName: &quot;example1&quot;, _: &quot;37&quot;, expectedResult: &quot;26&quot;, fileContent: &quot;L.LL.LL.LL\r\nLLLLLLL.LL\r\nL.L.L..L..\r\nLLLL.LL.&quot;...)" computerName="LAPTOP-35RG0TO8" duration="00:00:00.0361842" startTime="2020-12-13T12:26:19.2065183+01:00" endTime="2020-12-13T12:26:19.2065185+01:00" testType="13cdc9d9-ddb5-4fa4-a97d-d965ccfc6d4b" outcome="Passed" testListId="8c84fa94-04c1-424b-9868-57a2d4851a1d" relativeResultsDirectory="1a0cebd0-a9fd-4b11-9e4f-f71104a168fe" />
    <UnitTestResult executionId="88f8e0e0-bd3e-4a1a-8509-2e10b9df6f5c" testId="5d9c47dd-439e-67ac-b1d4-8dc742348d44" testName="_2020.Tests.Days.Day10Tests.Part1_pack(testCaseName: &quot;example2&quot;, expectedResult: &quot;220&quot;, _: &quot;19208&quot;, fileContent: &quot;28\r\n33\r\n18\r\n42\r\n31\r\n14\r\n46\r\n20\r\n48&quot;...)" computerName="LAPTOP-35RG0TO8" duration="00:00:00.0000337" startTime="2020-12-13T12:26:19.2046773+01:00" endTime="2020-12-13T12:26:19.2046776+01:00" testType="13cdc9d9-ddb5-4fa4-a97d-d965ccfc6d4b" outcome="Passed" testListId="8c84fa94-04c1-424b-9868-57a2d4851a1d" relativeResultsDirectory="88f8e0e0-bd3e-4a1a-8509-2e10b9df6f5c" />
    <UnitTestResult executionId="08d7f1f0-ce58-4f6e-a688-3dfc0e2aa089" testId="3e90431b-d28c-c271-ef23-978dcb2898e8" testName="_2020.Tests.Days.Day3Tests.Move_Works(fileContent: &quot;...\r\nX..&quot;, coordinates: [0, 0, 0, 1], isTree: False)" computerName="LAPTOP-35RG0TO8" duration="00:00:00.0154737" startTime="2020-12-13T12:26:19.1858913+01:00" endTime="2020-12-13T12:26:19.1858917+01:00" testType="13cdc9d9-ddb5-4fa4-a97d-d965ccfc6d4b" outcome="Passed" testListId="8c84fa94-04c1-424b-9868-57a2d4851a1d" relativeResultsDirectory="08d7f1f0-ce58-4f6e-a688-3dfc0e2aa089" />
    <UnitTestResult executionId="3e22106c-fa9d-4b80-8e27-304959b8fe6f" testId="4d95249a-c4ec-74a6-909c-c074eed39474" testName="_2020.Tests.Days.Day10Tests.Part1_pack(testCaseName: &quot;example1&quot;, expectedResult: &quot;35&quot;, _: &quot;8&quot;, fileContent: &quot;16\r\n10\r\n15\r\n5\r\n1\r\n11\r\n7\r\n19\r\n6\r\n&quot;...)" computerName="LAPTOP-35RG0TO8" duration="00:00:00.0253511" startTime="2020-12-13T12:26:19.1872139+01:00" endTime="2020-12-13T12:26:19.1872155+01:00" testType="13cdc9d9-ddb5-4fa4-a97d-d965ccfc6d4b" outcome="Passed" testListId="8c84fa94-04c1-424b-9868-57a2d4851a1d" relativeResultsDirectory="3e22106c-fa9d-4b80-8e27-304959b8fe6f" />
    <UnitTestResult executionId="efe1c87b-0131-4cb7-88d9-117be2002c30" testId="de573764-ea0d-8509-05be-8709ab895a61" testName="_2020.Tests.Days.Day4Tests.Part1(fileContent: &quot;eyr:2027\r\nhcl:#602927\r\nhgt:186cm byr:1939 iyr:&quot;...)" computerName="LAPTOP-35RG0TO8" duration="00:00:00.0053565" startTime="2020-12-13T12:26:19.2166330+01:00" endTime="2020-12-13T12:26:19.2166332+01:00" testType="13cdc9d9-ddb5-4fa4-a97d-d965ccfc6d4b" outcome="Passed" testListId="8c84fa94-04c1-424b-9868-57a2d4851a1d" relativeResultsDirectory="efe1c87b-0131-4cb7-88d9-117be2002c30">
      <Output>
        <StdOut>answer for part 1 is: 235</StdOut>
      </Output>
    </UnitTestResult>
    <UnitTestResult executionId="7d21226f-6897-4a50-8fb9-7c5a37e61daf" testId="b27c9020-e789-a65d-c36f-5611503fe0b7" testName="_2020.Tests.Days.Day8Tests.Part1_pack(testCaseName: &quot;puzzleinput&quot;, expectedResult: &quot;2051&quot;, _: &quot;2304&quot;, fileContent: &quot;jmp +583\r\nacc +9\r\njmp +525\r\njmp +302\r\njmp &quot;...)" computerName="LAPTOP-35RG0TO8" duration="00:00:00.0003212" startTime="2020-12-13T12:26:19.2126991+01:00" endTime="2020-12-13T12:26:19.2126993+01:00" testType="13cdc9d9-ddb5-4fa4-a97d-d965ccfc6d4b" outcome="Passed" testListId="8c84fa94-04c1-424b-9868-57a2d4851a1d" relativeResultsDirectory="7d21226f-6897-4a50-8fb9-7c5a37e61daf" />
    <UnitTestResult executionId="79327249-58c9-4e0d-8bd0-d685d86546b4" testId="159d3ea9-44fc-4aaa-9da0-18c06a48805e" testName="_2020.Tests.Days.Day4Tests.Part2_Pack(testCaseName: &quot;valid&quot;, _: &quot;4&quot;, expectedResult: &quot;4&quot;, fileContent: &quot;pid:087499704 hgt:74in ecl:grn iyr:2012 eyr:2030 b&quot;...)" computerName="LAPTOP-35RG0TO8" duration="00:00:00.0008427" startTime="2020-12-13T12:26:19.2150296+01:00" endTime="2020-12-13T12:26:19.2150298+01:00" testType="13cdc9d9-ddb5-4fa4-a97d-d965ccfc6d4b" outcome="Passed" testListId="8c84fa94-04c1-424b-9868-57a2d4851a1d" relativeResultsDirectory="79327249-58c9-4e0d-8bd0-d685d86546b4" />
    <UnitTestResult executionId="2636abbf-0e95-48ad-b12d-552680111268" testId="f6865024-5e66-1a8c-8eaa-13d5eb300007" testName="_2020.Tests.Days.Day6Tests.Part1_pack(testCaseName: &quot;puzzleinput&quot;, expectedResult: &quot;6551&quot;, _: &quot;3358&quot;, fileContent: &quot;nvlyak\r\nnyvha\r\nyaen\r\nqynia\r\n\r\nkend\r\nen&quot;...)" computerName="LAPTOP-35RG0TO8" duration="00:00:00.0118344" startTime="2020-12-13T12:26:19.2126399+01:00" endTime="2020-12-13T12:26:19.2126400+01:00" testType="13cdc9d9-ddb5-4fa4-a97d-d965ccfc6d4b" outcome="Passed" testListId="8c84fa94-04c1-424b-9868-57a2d4851a1d" relativeResultsDirectory="2636abbf-0e95-48ad-b12d-552680111268" />
    <UnitTestResult executionId="0293119c-43e3-45b6-9746-f4d1326d4824" testId="9b48be43-b6dc-ab4a-e9b5-a0f0a0083d37" testName="_2020.Tests.Days.Day3Tests.Move_Works(fileContent: &quot;...\r\n#..&quot;, coordinates: [0, 0, 0, 1], isTree: True)" computerName="LAPTOP-35RG0TO8" duration="00:00:00.0000132" startTime="2020-12-13T12:26:19.2022116+01:00" endTime="2020-12-13T12:26:19.2022117+01:00" testType="13cdc9d9-ddb5-4fa4-a97d-d965ccfc6d4b" outcome="Passed" testListId="8c84fa94-04c1-424b-9868-57a2d4851a1d" relativeResultsDirectory="0293119c-43e3-45b6-9746-f4d1326d4824" />
    <UnitTestResult executionId="28936a72-e733-4212-8616-7f50a0ea7c79" testId="02ecd7ab-bcdf-e3ce-73c4-60d49e1f8cf1" testName="_2020.Tests.Days.Day12Tests.Part2_Pack(testCaseName: &quot;example1&quot;, _: &quot;25&quot;, expectedResult: &quot;286&quot;, fileContent: &quot;F10\r\nN3\r\nF7\r\nR90\r\nF11&quot;)" computerName="LAPTOP-35RG0TO8" duration="00:00:00.0000730" startTime="2020-12-13T12:26:19.2021158+01:00" endTime="2020-12-13T12:26:19.2021165+01:00" testType="13cdc9d9-ddb5-4fa4-a97d-d965ccfc6d4b" outcome="Passed" testListId="8c84fa94-04c1-424b-9868-57a2d4851a1d" relativeResultsDirectory="28936a72-e733-4212-8616-7f50a0ea7c79" />
    <UnitTestResult executionId="7eb946f5-2f5c-4bbd-ba13-bf934f86c596" testId="b9a0883d-021b-16e7-be90-275f6000cc9d" testName="_2020.Tests.Days.Day2Tests.Part1(fileContent: &quot;1-5 k: kkkkhkkkkkkkkkk\r\n5-7 k: blkqhtxfgktdkxzkk&quot;...)" computerName="LAPTOP-35RG0TO8" duration="00:00:00.0185934" startTime="2020-12-13T12:26:19.1865315+01:00" endTime="2020-12-13T12:26:19.1865337+01:00" testType="13cdc9d9-ddb5-4fa4-a97d-d965ccfc6d4b" outcome="Passed" testListId="8c84fa94-04c1-424b-9868-57a2d4851a1d" relativeResultsDirectory="7eb946f5-2f5c-4bbd-ba13-bf934f86c596">
      <Output>
        <StdOut>answer for part 1 is: 519</StdOut>
      </Output>
    </UnitTestResult>
    <UnitTestResult executionId="80da92dc-94e1-4d8d-9d4d-aa6a9f039522" testId="d87515a5-cd25-21bb-1381-51ed2081f274" testName="_2020.Tests.Days.Day8Tests.Part2_Pack(testCaseName: &quot;example1&quot;, _: &quot;5&quot;, expectedResult: &quot;8&quot;, fileContent: &quot;nop +0\r\nacc +1\r\njmp +4\r\nacc +3\r\njmp -3\r\n&quot;...)" computerName="LAPTOP-35RG0TO8" duration="00:00:00.0156843" startTime="2020-12-13T12:26:19.1858601+01:00" endTime="2020-12-13T12:26:19.1858604+01:00" testType="13cdc9d9-ddb5-4fa4-a97d-d965ccfc6d4b" outcome="Passed" testListId="8c84fa94-04c1-424b-9868-57a2d4851a1d" relativeResultsDirectory="80da92dc-94e1-4d8d-9d4d-aa6a9f039522" />
    <UnitTestResult executionId="6b4c8d8a-eca0-435a-a8ad-fd7a3223165c" testId="d07cd30b-d230-d13b-93e4-5f93de4f56b2" testName="_2020.Tests.Days.Day12Tests.Part1_pack(testCaseName: &quot;example1&quot;, expectedResult: &quot;25&quot;, _: &quot;286&quot;, fileContent: &quot;F10\r\nN3\r\nF7\r\nR90\r\nF11&quot;)" computerName="LAPTOP-35RG0TO8" duration="00:00:00.0039049" startTime="2020-12-13T12:26:19.2048839+01:00" endTime="2020-12-13T12:26:19.2048841+01:00" testType="13cdc9d9-ddb5-4fa4-a97d-d965ccfc6d4b" outcome="Passed" testListId="8c84fa94-04c1-424b-9868-57a2d4851a1d" relativeResultsDirectory="6b4c8d8a-eca0-435a-a8ad-fd7a3223165c" />
    <UnitTestResult executionId="b72cbee6-237f-4f86-bc4c-3f8d64b433ea" testId="4dc9e345-1e1c-7c56-ffd6-51f432d6c33b" testName="_2020.Tests.Days.Day9Tests.Part1_pack(testCaseName: &quot;example1&quot;, expectedResult: &quot;127&quot;, preamble: &quot;5&quot;, _: &quot;62&quot;, fileContent: &quot;35\r\n20\r\n15\r\n25\r\n47\r\n40\r\n62\r\n55\r\n65&quot;...)" computerName="LAPTOP-35RG0TO8" duration="00:00:00.0317696" startTime="2020-12-13T12:26:19.2048289+01:00" endTime="2020-12-13T12:26:19.2048292+01:00" testType="13cdc9d9-ddb5-4fa4-a97d-d965ccfc6d4b" outcome="Passed" testListId="8c84fa94-04c1-424b-9868-57a2d4851a1d" relativeResultsDirectory="b72cbee6-237f-4f86-bc4c-3f8d64b433ea" />
    <UnitTestResult executionId="e50b4106-977a-42ac-a434-91220a0483dd" testId="0b60d97b-b22a-43f0-3b65-c801f8f15e8d" testName="_2020.Tests.Days.Day9Tests.Part2_Pack(testCaseName: &quot;puzzleinput&quot;, _: &quot;41682220&quot;, preamble: &quot;25&quot;, expectedResult: &quot;5388976&quot;, fileContent: &quot;23\r\n3\r\n36\r\n14\r\n50\r\n8\r\n2\r\n44\r\n30\r\&quot;...)" computerName="LAPTOP-35RG0TO8" duration="00:00:00.0021444" startTime="2020-12-13T12:26:19.2064549+01:00" endTime="2020-12-13T12:26:19.2064551+01:00" testType="13cdc9d9-ddb5-4fa4-a97d-d965ccfc6d4b" outcome="Passed" testListId="8c84fa94-04c1-424b-9868-57a2d4851a1d" relativeResultsDirectory="e50b4106-977a-42ac-a434-91220a0483dd" />
    <UnitTestResult executionId="b9a99950-cb10-4a96-bc60-28999a1aebaf" testId="9f0ccaf6-c07d-b20e-be6b-7733f88e5aab" testName="_2020.Tests.Days.Day11Tests.Part1_pack(testCaseName: &quot;example1&quot;, expectedResult: &quot;37&quot;, _: &quot;26&quot;, fileContent: &quot;L.LL.LL.LL\r\nLLLLLLL.LL\r\nL.L.L..L..\r\nLLLL.LL.&quot;...)" computerName="LAPTOP-35RG0TO8" duration="00:00:00.0003204" startTime="2020-12-13T12:26:20.7883668+01:00" endTime="2020-12-13T12:26:20.7883677+01:00" testType="13cdc9d9-ddb5-4fa4-a97d-d965ccfc6d4b" outcome="Passed" testListId="8c84fa94-04c1-424b-9868-57a2d4851a1d" relativeResultsDirectory="b9a99950-cb10-4a96-bc60-28999a1aebaf" />
    <UnitTestResult executionId="97e4bde2-f838-464d-8a2a-45070fb69a30" testId="136cf6b3-49e2-8bb0-486f-d1f9a3983f12" testName="_2020.Tests.Days.Day3Tests.Part1_case2(fileContent: &quot;...\r\n#..&quot;)" computerName="LAPTOP-35RG0TO8" duration="00:00:00.0063974" startTime="2020-12-13T12:26:19.2108159+01:00" endTime="2020-12-13T12:26:19.2108163+01:00" testType="13cdc9d9-ddb5-4fa4-a97d-d965ccfc6d4b" outcome="Passed" testListId="8c84fa94-04c1-424b-9868-57a2d4851a1d" relativeResultsDirectory="97e4bde2-f838-464d-8a2a-45070fb69a30">
      <Output>
        <StdOut>answer for part 1 is: 1</StdOut>
      </Output>
    </UnitTestResult>
    <UnitTestResult executionId="4c85a7ce-e0dc-4822-9f68-e175d2b1dfca" testId="26f20c36-20b3-9005-cb04-ee3276a58fd4" testName="_2020.Tests.Days.Day1Tests.Part1(lines: &quot;1753\r\n1976\r\n1574\r\n308\r\n1384\r\n1191\r\n173&quot;...)" computerName="LAPTOP-35RG0TO8" duration="00:00:00.0024919" startTime="2020-12-13T12:26:19.2063989+01:00" endTime="2020-12-13T12:26:19.2063993+01:00" testType="13cdc9d9-ddb5-4fa4-a97d-d965ccfc6d4b" outcome="Passed" testListId="8c84fa94-04c1-424b-9868-57a2d4851a1d" relativeResultsDirectory="4c85a7ce-e0dc-4822-9f68-e175d2b1dfca">
      <Output>
        <StdOut>answer for part 1 is: 989824</StdOut>
      </Output>
    </UnitTestResult>
    <UnitTestResult executionId="3bf0956e-f721-4398-b11a-3c6a61c60e2f" testId="dce4b7c0-81f4-b41c-94b9-afb06d0ad99d" testName="_2020.Tests.Days.Day6Tests.Part1_pack(testCaseName: &quot;example1&quot;, expectedResult: &quot;11&quot;, _: &quot;6&quot;, fileContent: &quot;abc\r\n\r\na\r\nb\r\nc\r\n\r\nab\r\nac\r\n\r\na\r\&quot;...)" computerName="LAPTOP-35RG0TO8" duration="00:00:00.0000398" startTime="2020-12-13T12:26:19.2126731+01:00" endTime="2020-12-13T12:26:19.2126732+01:00" testType="13cdc9d9-ddb5-4fa4-a97d-d965ccfc6d4b" outcome="Passed" testListId="8c84fa94-04c1-424b-9868-57a2d4851a1d" relativeResultsDirectory="3bf0956e-f721-4398-b11a-3c6a61c60e2f" />
    <UnitTestResult executionId="4489c695-9bed-4b1e-a55e-9f4c11422d4a" testId="e3b45518-8d0a-2cd6-89ed-a43178b94cdf" testName="_2020.Tests.Days.Day9Tests.Part2_Pack(testCaseName: &quot;example1&quot;, _: &quot;127&quot;, preamble: &quot;5&quot;, expectedResult: &quot;62&quot;, fileContent: &quot;35\r\n20\r\n15\r\n25\r\n47\r\n40\r\n62\r\n55\r\n65&quot;...)" computerName="LAPTOP-35RG0TO8" duration="00:00:00.0000718" startTime="2020-12-13T12:26:19.2064934+01:00" endTime="2020-12-13T12:26:19.2064936+01:00" testType="13cdc9d9-ddb5-4fa4-a97d-d965ccfc6d4b" outcome="Passed" testListId="8c84fa94-04c1-424b-9868-57a2d4851a1d" relativeResultsDirectory="4489c695-9bed-4b1e-a55e-9f4c11422d4a" />
    <UnitTestResult executionId="814308b7-94f2-4772-832f-8e28637e3bbf" testId="216f5805-6dfd-d79f-4066-e2138129ea68" testName="_2020.Tests.Days.Day5Tests.Part1_pack(testCaseName: &quot;mydata&quot;, expectedResult: &quot;998&quot;, _: &quot;676&quot;, fileContent: &quot;BFBBBBBLLR\r\nBBFFBBFRRL\r\nFBFBFFFRRL\r\nBBFFFBFR&quot;...)" computerName="LAPTOP-35RG0TO8" duration="00:00:00.0130833" startTime="2020-12-13T12:26:19.1858448+01:00" endTime="2020-12-13T12:26:19.1858450+01:00" testType="13cdc9d9-ddb5-4fa4-a97d-d965ccfc6d4b" outcome="Passed" testListId="8c84fa94-04c1-424b-9868-57a2d4851a1d" relativeResultsDirectory="814308b7-94f2-4772-832f-8e28637e3bbf" />
    <UnitTestResult executionId="608fa773-6e88-4a0e-af4d-ff7d3cbf2706" testId="e7fe6284-3fcb-b9cb-9a4e-f74cf392b140" testName="_2020.Tests.Days.Day3Tests.Part1_case3(fileContent: &quot;..##.......\r\n#...#...#..\r\n.#....#..#.\r\n..#.#&quot;...)" computerName="LAPTOP-35RG0TO8" duration="00:00:00.0002340" startTime="2020-12-13T12:26:19.2148586+01:00" endTime="2020-12-13T12:26:19.2148588+01:00" testType="13cdc9d9-ddb5-4fa4-a97d-d965ccfc6d4b" outcome="Passed" testListId="8c84fa94-04c1-424b-9868-57a2d4851a1d" relativeResultsDirectory="608fa773-6e88-4a0e-af4d-ff7d3cbf2706" />
    <UnitTestResult executionId="36c79f8f-f7b2-435a-980c-041fc1befe54" testId="bdaba18c-2c59-04ae-e240-7ebf7e7a64fb" testName="_2020.Tests.Days.Day7Tests.Part2_Pack(testCaseName: &quot;puzzleinput&quot;, _: &quot;335&quot;, expectedResult: &quot;2431&quot;, fileContent: &quot;dim silver bags contain 3 posh fuchsia bags.\r\nwa&quot;...)" computerName="LAPTOP-35RG0TO8" duration="00:00:00.0181649" startTime="2020-12-13T12:26:19.2166981+01:00" endTime="2020-12-13T12:26:19.2166983+01:00" testType="13cdc9d9-ddb5-4fa4-a97d-d965ccfc6d4b" outcome="Passed" testListId="8c84fa94-04c1-424b-9868-57a2d4851a1d" relativeResultsDirectory="36c79f8f-f7b2-435a-980c-041fc1befe54" />
    <UnitTestResult executionId="6640e30f-26d2-4d3e-b622-b25c3305eee0" testId="56b8ecc6-4451-516f-e6ef-1f4a55f10fe8" testName="_2020.Tests.Days.Day13Tests.Part2_Pack(testCaseName: &quot;example1&quot;, _: &quot;295&quot;, expectedResult: &quot;1068781&quot;, fileContent: &quot;939\r\n7,13,x,x,59,x,31,19&quot;)" computerName="LAPTOP-35RG0TO8" duration="00:00:00.0000974" startTime="2020-12-13T12:26:19.2127864+01:00" endTime="2020-12-13T12:26:19.2127865+01:00" testType="13cdc9d9-ddb5-4fa4-a97d-d965ccfc6d4b" outcome="Passed" testListId="8c84fa94-04c1-424b-9868-57a2d4851a1d" relativeResultsDirectory="6640e30f-26d2-4d3e-b622-b25c3305eee0" />
    <UnitTestResult executionId="8b61f14a-f076-4c40-a16e-85c250c90bc0" testId="7505053a-8388-b504-70a1-f4bcc9da9d25" testName="_2020.Tests.Days.Day4Tests.Part1_pack(testCaseName: &quot;invalid&quot;, expectedResult: &quot;4&quot;, _: &quot;0&quot;, fileContent: &quot;eyr:1972 cid:100\r\nhcl:#18171d ecl:amb hgt:170 pi&quot;...)" computerName="LAPTOP-35RG0TO8" duration="00:00:00.0000564" startTime="2020-12-13T12:26:19.2147531+01:00" endTime="2020-12-13T12:26:19.2147532+01:00" testType="13cdc9d9-ddb5-4fa4-a97d-d965ccfc6d4b" outcome="Passed" testListId="8c84fa94-04c1-424b-9868-57a2d4851a1d" relativeResultsDirectory="8b61f14a-f076-4c40-a16e-85c250c90bc0" />
    <UnitTestResult executionId="270c238b-f2f2-48fe-ac74-66c4fcaf7b4f" testId="fc6461b5-e450-3964-c0c6-8dde33d0fbf9" testName="_2020.Tests.Days.Day4Tests.Part1Example(fileContent: &quot;ecl:gry pid:860033327 eyr:2020 hcl:#fffffd\r\nbyr:&quot;...)" computerName="LAPTOP-35RG0TO8" duration="00:00:00.0021989" startTime="2020-12-13T12:26:19.2165527+01:00" endTime="2020-12-13T12:26:19.2165531+01:00" testType="13cdc9d9-ddb5-4fa4-a97d-d965ccfc6d4b" outcome="Passed" testListId="8c84fa94-04c1-424b-9868-57a2d4851a1d" relativeResultsDirectory="270c238b-f2f2-48fe-ac74-66c4fcaf7b4f">
      <Output>
        <StdOut>answer for part 1 is: 2</StdOut>
      </Output>
    </UnitTestResult>
    <UnitTestResult executionId="6cd084ad-3599-48db-97b1-98b26cf32daf" testId="4884422f-a201-6166-d234-44d86f6dd8d3" testName="_2020.Tests.Days.Day3Tests.Move_Works(fileContent: &quot;.......\r\n...X...\r\n......X&quot;, coordinates: [3, 1, 6, 2], isTree: False)" computerName="LAPTOP-35RG0TO8" duration="00:00:00.0000094" startTime="2020-12-13T12:26:19.2023017+01:00" endTime="2020-12-13T12:26:19.2023019+01:00" testType="13cdc9d9-ddb5-4fa4-a97d-d965ccfc6d4b" outcome="Passed" testListId="8c84fa94-04c1-424b-9868-57a2d4851a1d" relativeResultsDirectory="6cd084ad-3599-48db-97b1-98b26cf32daf" />
    <UnitTestResult executionId="1e11f664-6842-4580-8ad5-49f2349d60b1" testId="04f07e51-e06f-f9ef-687e-27f8f50cd69c" testName="_2020.Tests.Days.Day10Tests.Part1_pack(testCaseName: &quot;example_small&quot;, expectedResult: &quot;12&quot;, _: &quot;4&quot;, fileContent: &quot;3\r\n4\r\n5\r\n8\r\n9\r\n10&quot;)" computerName="LAPTOP-35RG0TO8" duration="00:00:00.0002909" startTime="2020-12-13T12:26:19.2023175+01:00" endTime="2020-12-13T12:26:19.2023177+01:00" testType="13cdc9d9-ddb5-4fa4-a97d-d965ccfc6d4b" outcome="Passed" testListId="8c84fa94-04c1-424b-9868-57a2d4851a1d" relativeResultsDirectory="1e11f664-6842-4580-8ad5-49f2349d60b1" />
    <UnitTestResult executionId="232a0375-94e4-4617-a9e8-ce2d22dfe07c" testId="1bd4918e-984f-4b09-f089-8b165ff131a6" testName="_2020.Tests.Days.Day12Tests.Part2_Pack(testCaseName: &quot;puzzleinput&quot;, _: &quot;1565&quot;, expectedResult: &quot;78883&quot;, fileContent: &quot;E5\r\nR90\r\nE5\r\nL90\r\nF80\r\nL90\r\nE3\r\nN5\r&quot;...)" computerName="LAPTOP-35RG0TO8" duration="00:00:00.0130104" startTime="2020-12-13T12:26:19.1857728+01:00" endTime="2020-12-13T12:26:19.1857743+01:00" testType="13cdc9d9-ddb5-4fa4-a97d-d965ccfc6d4b" outcome="Passed" testListId="8c84fa94-04c1-424b-9868-57a2d4851a1d" relativeResultsDirectory="232a0375-94e4-4617-a9e8-ce2d22dfe07c" />
    <UnitTestResult executionId="a8300479-2fdc-407d-b595-f80e9a1c8a8e" testId="de2d88b7-cfd9-036b-e718-618c36e4686c" testName="_2020.Tests.Days.Day4Tests.Part2(fileContent: &quot;eyr:2027\r\nhcl:#602927\r\nhgt:186cm byr:1939 iyr:&quot;...)" computerName="LAPTOP-35RG0TO8" duration="00:00:00.0029676" startTime="2020-12-13T12:26:19.2166735+01:00" endTime="2020-12-13T12:26:19.2166736+01:00" testType="13cdc9d9-ddb5-4fa4-a97d-d965ccfc6d4b" outcome="Passed" testListId="8c84fa94-04c1-424b-9868-57a2d4851a1d" relativeResultsDirectory="a8300479-2fdc-407d-b595-f80e9a1c8a8e">
      <Output>
        <StdOut>answer for part 2 is: 194</StdOut>
      </Output>
    </UnitTestResult>
    <UnitTestResult executionId="e4fdd2cd-05b0-4e89-9676-73f069cefd37" testId="6b95806a-569f-591e-33c5-cf371e97a169" testName="_2020.Tests.Days.Day7Tests.Part1_pack(testCaseName: &quot;puzzleinput&quot;, expectedResult: &quot;335&quot;, _: &quot;2431&quot;, fileContent: &quot;dim silver bags contain 3 posh fuchsia bags.\r\nwa&quot;...)" computerName="LAPTOP-35RG0TO8" duration="00:00:00.0092966" startTime="2020-12-13T12:26:19.2167327+01:00" endTime="2020-12-13T12:26:19.2167329+01:00" testType="13cdc9d9-ddb5-4fa4-a97d-d965ccfc6d4b" outcome="Passed" testListId="8c84fa94-04c1-424b-9868-57a2d4851a1d" relativeResultsDirectory="e4fdd2cd-05b0-4e89-9676-73f069cefd37" />
    <UnitTestResult executionId="5468c20b-dc9f-4523-a23b-7d1455844aa7" testId="9fcb3a2b-27f0-5f22-0206-56c0549b9a84" testName="_2020.Tests.Days.Day6Tests.Part2_Pack(testCaseName: &quot;example1&quot;, _: &quot;11&quot;, expectedResult: &quot;6&quot;, fileContent: &quot;abc\r\n\r\na\r\nb\r\nc\r\n\r\nab\r\nac\r\n\r\na\r\&quot;...)" computerName="LAPTOP-35RG0TO8" duration="00:00:00.0216287" startTime="2020-12-13T12:26:19.1740482+01:00" endTime="2020-12-13T12:26:19.1746689+01:00" testType="13cdc9d9-ddb5-4fa4-a97d-d965ccfc6d4b" outcome="Passed" testListId="8c84fa94-04c1-424b-9868-57a2d4851a1d" relativeResultsDirectory="5468c20b-dc9f-4523-a23b-7d1455844aa7" />
    <UnitTestResult executionId="b381c32a-8b11-45aa-83ea-246004f41c9b" testId="8aed83a5-1388-ee14-1e01-687801be888e" testName="_2020.Tests.Days.Day4Tests.Part1_pack(testCaseName: &quot;valid&quot;, expectedResult: &quot;4&quot;, _: &quot;4&quot;, fileContent: &quot;pid:087499704 hgt:74in ecl:grn iyr:2012 eyr:2030 b&quot;...)" computerName="LAPTOP-35RG0TO8" duration="00:00:00.0050178" startTime="2020-12-13T12:26:19.2147086+01:00" endTime="2020-12-13T12:26:19.2147093+01:00" testType="13cdc9d9-ddb5-4fa4-a97d-d965ccfc6d4b" outcome="Passed" testListId="8c84fa94-04c1-424b-9868-57a2d4851a1d" relativeResultsDirectory="b381c32a-8b11-45aa-83ea-246004f41c9b" />
    <UnitTestResult executionId="56e48e8c-64ca-4161-bd6e-c73716911cc2" testId="db94a0d2-a22c-8314-89a3-1a38e815913a" testName="_2020.Tests.Days.Day1Tests.Part2(lines: &quot;1753\r\n1976\r\n1574\r\n308\r\n1384\r\n1191\r\n173&quot;...)" computerName="LAPTOP-35RG0TO8" duration="00:00:00.0155690" startTime="2020-12-13T12:26:19.1858243+01:00" endTime="2020-12-13T12:26:19.1858247+01:00" testType="13cdc9d9-ddb5-4fa4-a97d-d965ccfc6d4b" outcome="Passed" testListId="8c84fa94-04c1-424b-9868-57a2d4851a1d" relativeResultsDirectory="56e48e8c-64ca-4161-bd6e-c73716911cc2" />
    <UnitTestResult executionId="23617949-cbb8-42dd-bb32-849b9afa7a25" testId="ea350fd8-4960-b90d-698c-7f319b46d10e" testName="_2020.Tests.Days.Day11Tests.Part1_pack(testCaseName: &quot;puzzleinput&quot;, expectedResult: &quot;2310&quot;, _: &quot;2074&quot;, fileContent: &quot;LLLLLLLLLL.LLLLLLLL.LLLLLLLLLLLLL.LLLLL.LLLL.LL.L.&quot;...)" computerName="LAPTOP-35RG0TO8" duration="00:00:00.8376095" startTime="2020-12-13T12:26:20.7878990+01:00" endTime="2020-12-13T12:26:20.7879070+01:00" testType="13cdc9d9-ddb5-4fa4-a97d-d965ccfc6d4b" outcome="Passed" testListId="8c84fa94-04c1-424b-9868-57a2d4851a1d" relativeResultsDirectory="23617949-cbb8-42dd-bb32-849b9afa7a25" />
    <UnitTestResult executionId="c2bd2c24-d52a-4320-b188-92200e1e11da" testId="de8b5722-7c80-d4eb-b97c-ebe57717fb6c" testName="_2020.Tests.Days.Day5Tests.Part1_pack(testCaseName: &quot;example1&quot;, expectedResult: &quot;820&quot;, _: &quot;&quot;, fileContent: &quot;BFFFBBFRRR\r\nFFFBBBFRRR\r\nBBFFBBFRLL&quot;)" computerName="LAPTOP-35RG0TO8" duration="00:00:00.0000730" startTime="2020-12-13T12:26:19.2021597+01:00" endTime="2020-12-13T12:26:19.2021599+01:00" testType="13cdc9d9-ddb5-4fa4-a97d-d965ccfc6d4b" outcome="Passed" testListId="8c84fa94-04c1-424b-9868-57a2d4851a1d" relativeResultsDirectory="c2bd2c24-d52a-4320-b188-92200e1e11da" />
    <UnitTestResult executionId="a71a83ae-7b6b-4b00-9015-93ca351c0115" testId="d612b35d-eb74-c9d6-7c08-b6087fbf724b" testName="_2020.Tests.Days.Day13Tests.Part1_pack(testCaseName: &quot;puzzleinput&quot;, expectedResult: &quot;4135&quot;, _: &quot;640856202464541&quot;, fileContent: &quot;1011416\r\n41,x,x,x,x,x,x,x,x,x,x,x,x,x,x,x,x,x,x,&quot;...)" computerName="LAPTOP-35RG0TO8" duration="00:00:00.0060603" startTime="2020-12-13T12:26:19.2150699+01:00" endTime="2020-12-13T12:26:19.2150701+01:00" testType="13cdc9d9-ddb5-4fa4-a97d-d965ccfc6d4b" outcome="Passed" testListId="8c84fa94-04c1-424b-9868-57a2d4851a1d" relativeResultsDirectory="a71a83ae-7b6b-4b00-9015-93ca351c0115" />
    <UnitTestResult executionId="5d5a5f1e-d78f-43f6-959e-4e13f2a7ab1b" testId="26e5e629-8263-4046-5e10-c84b3539586e" testName="_2020.Tests.Days.Day2Tests.Part2(fileContent: &quot;1-5 k: kkkkhkkkkkkkkkk\r\n5-7 k: blkqhtxfgktdkxzkk&quot;...)" computerName="LAPTOP-35RG0TO8" duration="00:00:00.0052116" startTime="2020-12-13T12:26:19.2107396+01:00" endTime="2020-12-13T12:26:19.2107404+01:00" testType="13cdc9d9-ddb5-4fa4-a97d-d965ccfc6d4b" outcome="Passed" testListId="8c84fa94-04c1-424b-9868-57a2d4851a1d" relativeResultsDirectory="5d5a5f1e-d78f-43f6-959e-4e13f2a7ab1b">
      <Output>
        <StdOut>answer for part 2 is: 708</StdOut>
      </Output>
    </UnitTestResult>
    <UnitTestResult executionId="db4b07b4-b543-4394-8deb-eabf3beca192" testId="0ae8165c-5db8-2151-c07c-655806764c15" testName="_2020.Tests.Days.Day6Tests.Part2_Pack(testCaseName: &quot;puzzleinput&quot;, _: &quot;6551&quot;, expectedResult: &quot;3358&quot;, fileContent: &quot;nvlyak\r\nnyvha\r\nyaen\r\nqynia\r\n\r\nkend\r\nen&quot;...)" computerName="LAPTOP-35RG0TO8" duration="00:00:00.0055246" startTime="2020-12-13T12:26:19.2063002+01:00" endTime="2020-12-13T12:26:19.2063004+01:00" testType="13cdc9d9-ddb5-4fa4-a97d-d965ccfc6d4b" outcome="Passed" testListId="8c84fa94-04c1-424b-9868-57a2d4851a1d" relativeResultsDirectory="db4b07b4-b543-4394-8deb-eabf3beca192" />
    <UnitTestResult executionId="cd73bab0-2eaa-474a-ba85-980b34487801" testId="5cb521d9-b508-87d2-d6b3-9430721a3a5b" testName="_2020.Tests.Days.Day11Tests.Part2_Pack(testCaseName: &quot;puzzleinput&quot;, _: &quot;2310&quot;, expectedResult: &quot;2074&quot;, fileContent: &quot;LLLLLLLLLL.LLLLLLLL.LLLLLLLLLLLLL.LLLLL.LLLL.LL.L.&quot;...)" computerName="LAPTOP-35RG0TO8" duration="00:00:00.7730285" startTime="2020-12-13T12:26:19.9500673+01:00" endTime="2020-12-13T12:26:19.9500789+01:00" testType="13cdc9d9-ddb5-4fa4-a97d-d965ccfc6d4b" outcome="Passed" testListId="8c84fa94-04c1-424b-9868-57a2d4851a1d" relativeResultsDirectory="cd73bab0-2eaa-474a-ba85-980b34487801" />
    <UnitTestResult executionId="21edbd99-46f7-473e-a5b7-97992a488a34" testId="844a928f-443a-c27a-8ee8-10b193eadc8b" testName="_2020.Tests.Days.Day7Tests.Part2_Pack(testCaseName: &quot;example2&quot;, _: &quot;&quot;, expectedResult: &quot;126&quot;, fileContent: &quot;shiny gold bags contain 2 dark red bags.\r\ndark r&quot;...)" computerName="LAPTOP-35RG0TO8" duration="00:00:00.0457751" startTime="2020-12-13T12:26:19.2127247+01:00" endTime="2020-12-13T12:26:19.2127249+01:00" testType="13cdc9d9-ddb5-4fa4-a97d-d965ccfc6d4b" outcome="Passed" testListId="8c84fa94-04c1-424b-9868-57a2d4851a1d" relativeResultsDirectory="21edbd99-46f7-473e-a5b7-97992a488a34" />
    <UnitTestResult executionId="0128a030-3ad6-423b-8e78-accd7ac2434b" testId="99b22c00-0b2b-9e79-261c-dcb39b52aa8e" testName="_2020.Tests.Days.Day3Tests.Part1(fileContent: &quot;.#.......#...........#.........\r\n..##.......#.#.&quot;...)" computerName="LAPTOP-35RG0TO8" duration="00:00:00.0002228" startTime="2020-12-13T12:26:19.2149072+01:00" endTime="2020-12-13T12:26:19.2149074+01:00" testType="13cdc9d9-ddb5-4fa4-a97d-d965ccfc6d4b" outcome="Passed" testListId="8c84fa94-04c1-424b-9868-57a2d4851a1d" relativeResultsDirectory="0128a030-3ad6-423b-8e78-accd7ac2434b">
      <Output>
        <StdOut>answer for part 1 is: 209</StdOut>
      </Output>
    </UnitTestResult>
    <UnitTestResult executionId="6da75df2-ebc8-4ed0-9e07-27ccdc3dfa98" testId="01c6738e-928f-12e9-002b-a3010d7f109b" testName="_2020.Tests.Days.Day8Tests.Part2_Pack(testCaseName: &quot;puzzleinput&quot;, _: &quot;2051&quot;, expectedResult: &quot;2304&quot;, fileContent: &quot;jmp +583\r\nacc +9\r\njmp +525\r\njmp +302\r\njmp &quot;...)" computerName="LAPTOP-35RG0TO8" duration="00:00:00.0166376" startTime="2020-12-13T12:26:19.2110404+01:00" endTime="2020-12-13T12:26:19.2110409+01:00" testType="13cdc9d9-ddb5-4fa4-a97d-d965ccfc6d4b" outcome="Passed" testListId="8c84fa94-04c1-424b-9868-57a2d4851a1d" relativeResultsDirectory="6da75df2-ebc8-4ed0-9e07-27ccdc3dfa98" />
    <UnitTestResult executionId="543ecc0c-77d5-4867-af12-d72936927d83" testId="b73fc7b5-5c4f-ce2b-029f-5099fc932df8" testName="_2020.Tests.Days.Day9Tests.Part1_pack(testCaseName: &quot;puzzleinput&quot;, expectedResult: &quot;41682220&quot;, preamble: &quot;25&quot;, _: &quot;5388976&quot;, fileContent: &quot;23\r\n3\r\n36\r\n14\r\n50\r\n8\r\n2\r\n44\r\n30\r\&quot;...)" computerName="LAPTOP-35RG0TO8" duration="00:00:00.0004430" startTime="2020-12-13T12:26:19.2062286+01:00" endTime="2020-12-13T12:26:19.2062292+01:00" testType="13cdc9d9-ddb5-4fa4-a97d-d965ccfc6d4b" outcome="Passed" testListId="8c84fa94-04c1-424b-9868-57a2d4851a1d" relativeResultsDirectory="543ecc0c-77d5-4867-af12-d72936927d83" />
    <UnitTestResult executionId="ca4cd4b3-9e96-4f6c-8cc9-c03073cea819" testId="d36ee119-83d8-bc35-7ac6-7f5ac328dab5" testName="_2020.Tests.Days.Day3Tests.Move_Works(fileContent: &quot;.......\r\n...#...\r\n......#&quot;, coordinates: [0, 0, 3, 1], isTree: True)" computerName="LAPTOP-35RG0TO8" duration="00:00:00.0000117" startTime="2020-12-13T12:26:19.2022419+01:00" endTime="2020-12-13T12:26:19.2022421+01:00" testType="13cdc9d9-ddb5-4fa4-a97d-d965ccfc6d4b" outcome="Passed" testListId="8c84fa94-04c1-424b-9868-57a2d4851a1d" relativeResultsDirectory="ca4cd4b3-9e96-4f6c-8cc9-c03073cea819" />
    <UnitTestResult executionId="01ff7a43-9056-484e-be88-c947aa881bee" testId="9cf0cba5-172e-c153-e796-92c43fe8b799" testName="_2020.Tests.Days.Day13Tests.Part2_Pack(testCaseName: &quot;puzzleinput&quot;, _: &quot;4135&quot;, expectedResult: &quot;640856202464541&quot;, fileContent: &quot;1011416\r\n41,x,x,x,x,x,x,x,x,x,x,x,x,x,x,x,x,x,x,&quot;...)" computerName="LAPTOP-35RG0TO8" duration="00:00:00.0463018" startTime="2020-12-13T12:26:19.2127550+01:00" endTime="2020-12-13T12:26:19.2127552+01:00" testType="13cdc9d9-ddb5-4fa4-a97d-d965ccfc6d4b" outcome="Passed" testListId="8c84fa94-04c1-424b-9868-57a2d4851a1d" relativeResultsDirectory="01ff7a43-9056-484e-be88-c947aa881bee" />
    <UnitTestResult executionId="f823dc18-d7b2-4cf3-9ce2-17bca29b7a28" testId="8146e86e-cd6b-cf36-e743-61cfc2778296" testName="_2020.Tests.Days.Day3Tests.Move_Works(fileContent: &quot;.......\r\n...X...\r\n......X&quot;, coordinates: [0, 0, 3, 1], isTree: False)" computerName="LAPTOP-35RG0TO8" duration="00:00:00.0000090" startTime="2020-12-13T12:26:19.2022721+01:00" endTime="2020-12-13T12:26:19.2022722+01:00" testType="13cdc9d9-ddb5-4fa4-a97d-d965ccfc6d4b" outcome="Passed" testListId="8c84fa94-04c1-424b-9868-57a2d4851a1d" relativeResultsDirectory="f823dc18-d7b2-4cf3-9ce2-17bca29b7a28" />
    <UnitTestResult executionId="2b109b21-de99-4af1-9f0b-27927b58d684" testId="9e27424c-7bf4-a54a-a23f-62f6c33d62bb" testName="_2020.Tests.Days.Day3Tests.Part2(fileContent: &quot;.#.......#...........#.........\r\n..##.......#.#.&quot;...)" computerName="LAPTOP-35RG0TO8" duration="00:00:00.0096908" startTime="2020-12-13T12:26:19.2148122+01:00" endTime="2020-12-13T12:26:19.2148124+01:00" testType="13cdc9d9-ddb5-4fa4-a97d-d965ccfc6d4b" outcome="Passed" testListId="8c84fa94-04c1-424b-9868-57a2d4851a1d" relativeResultsDirectory="2b109b21-de99-4af1-9f0b-27927b58d684">
      <Output>
        <StdOut>answer for part 2 is: 1574890240</StdOut>
      </Output>
    </UnitTestResult>
    <UnitTestResult executionId="3389c59e-3453-4674-a229-426b007eb732" testId="7e2b291f-4d36-b74a-6972-5466517a8596" testName="_2020.Tests.Days.Day10Tests.Part2_Pack(testCaseName: &quot;example2&quot;, _: &quot;220&quot;, expectedResult: &quot;19208&quot;, fileContent: &quot;28\r\n33\r\n18\r\n42\r\n31\r\n14\r\n46\r\n20\r\n48&quot;...)" computerName="LAPTOP-35RG0TO8" duration="00:00:00.0000339" startTime="2020-12-13T12:26:19.2109361+01:00" endTime="2020-12-13T12:26:19.2109362+01:00" testType="13cdc9d9-ddb5-4fa4-a97d-d965ccfc6d4b" outcome="Passed" testListId="8c84fa94-04c1-424b-9868-57a2d4851a1d" relativeResultsDirectory="3389c59e-3453-4674-a229-426b007eb732" />
    <UnitTestResult executionId="9ea5eb5b-180d-400a-ae39-6067e03ad12a" testId="7deeee6f-5f68-e96c-55d2-19a70aab7c3d" testName="_2020.Tests.Days.Day3Tests.Move_Works(fileContent: &quot;.......\r\n...#...\r\n......#&quot;, coordinates: [3, 1, 6, 2], isTree: True)" computerName="LAPTOP-35RG0TO8" duration="00:00:00.0000472" startTime="2020-12-13T12:26:19.2021809+01:00" endTime="2020-12-13T12:26:19.2021811+01:00" testType="13cdc9d9-ddb5-4fa4-a97d-d965ccfc6d4b" outcome="Passed" testListId="8c84fa94-04c1-424b-9868-57a2d4851a1d" relativeResultsDirectory="9ea5eb5b-180d-400a-ae39-6067e03ad12a" />
    <UnitTestResult executionId="dda35a7e-3add-4e03-96d0-1695d797466e" testId="0f9af31d-0f66-fa47-7811-06be3c347ad8" testName="_2020.Tests.Days.Day4Tests.Part2_Pack(testCaseName: &quot;invalid&quot;, _: &quot;4&quot;, expectedResult: &quot;0&quot;, fileContent: &quot;eyr:1972 cid:100\r\nhcl:#18171d ecl:amb hgt:170 pi&quot;...)" computerName="LAPTOP-35RG0TO8" duration="00:00:00.0015872" startTime="2020-12-13T12:26:19.2149926+01:00" endTime="2020-12-13T12:26:19.2149929+01:00" testType="13cdc9d9-ddb5-4fa4-a97d-d965ccfc6d4b" outcome="Passed" testListId="8c84fa94-04c1-424b-9868-57a2d4851a1d" relativeResultsDirectory="dda35a7e-3add-4e03-96d0-1695d797466e" />
    <UnitTestResult executionId="445fc09e-1619-46d1-bbff-9ad474a9f7c9" testId="5670067d-1cf3-a96b-1c13-3fd4f02d341b" testName="_2020.Tests.Days.Day5Tests.Part2_Pack(testCaseName: &quot;mydata&quot;, _: &quot;998&quot;, expectedResult: &quot;676&quot;, fileContent: &quot;BFBBBBBLLR\r\nBBFFBBFRRL\r\nFBFBFFFRRL\r\nBBFFFBFR&quot;...)" computerName="LAPTOP-35RG0TO8" duration="00:00:00.0097550" startTime="2020-12-13T12:26:19.2125785+01:00" endTime="2020-12-13T12:26:19.2125789+01:00" testType="13cdc9d9-ddb5-4fa4-a97d-d965ccfc6d4b" outcome="Passed" testListId="8c84fa94-04c1-424b-9868-57a2d4851a1d" relativeResultsDirectory="445fc09e-1619-46d1-bbff-9ad474a9f7c9" />
    <UnitTestResult executionId="320113b9-3538-45c1-b2f8-0ba2e4575858" testId="edfee89c-6991-817a-4b5f-507b7c5607c8" testName="_2020.Tests.Days.Day8Tests.Part1_pack(testCaseName: &quot;example1&quot;, expectedResult: &quot;5&quot;, _: &quot;8&quot;, fileContent: &quot;nop +0\r\nacc +1\r\njmp +4\r\nacc +3\r\njmp -3\r\n&quot;...)" computerName="LAPTOP-35RG0TO8" duration="00:00:00.0005424" startTime="2020-12-13T12:26:19.2126097+01:00" endTime="2020-12-13T12:26:19.2126098+01:00" testType="13cdc9d9-ddb5-4fa4-a97d-d965ccfc6d4b" outcome="Passed" testListId="8c84fa94-04c1-424b-9868-57a2d4851a1d" relativeResultsDirectory="320113b9-3538-45c1-b2f8-0ba2e4575858" />
    <UnitTestResult executionId="2db66e8c-bab0-4977-9402-393132a4a630" testId="0a2c2f88-73a7-a432-398b-2f86564fd773" testName="_2020.Tests.Days.Day13Tests.Part1_pack(testCaseName: &quot;example1&quot;, expectedResult: &quot;295&quot;, _: &quot;1068781&quot;, fileContent: &quot;939\r\n7,13,x,x,59,x,31,19&quot;)" computerName="LAPTOP-35RG0TO8" duration="00:00:00.0000508" startTime="2020-12-13T12:26:19.2166014+01:00" endTime="2020-12-13T12:26:19.2166015+01:00" testType="13cdc9d9-ddb5-4fa4-a97d-d965ccfc6d4b" outcome="Passed" testListId="8c84fa94-04c1-424b-9868-57a2d4851a1d" relativeResultsDirectory="2db66e8c-bab0-4977-9402-393132a4a630" />
    <UnitTestResult executionId="d97120fa-b578-4e91-818c-2efb6a623c23" testId="9d63c5ca-cd81-dfa2-45c3-bef99b47c927" testName="_2020.Tests.Days.Day3Tests.Part2_TC3(fileContent: &quot;..##.......\r\n#...#...#..\r\n.#....#..#.\r\n..#.#&quot;...)" computerName="LAPTOP-35RG0TO8" duration="00:00:00.0001574" startTime="2020-12-13T12:26:19.2149498+01:00" endTime="2020-12-13T12:26:19.2149500+01:00" testType="13cdc9d9-ddb5-4fa4-a97d-d965ccfc6d4b" outcome="Passed" testListId="8c84fa94-04c1-424b-9868-57a2d4851a1d" relativeResultsDirectory="d97120fa-b578-4e91-818c-2efb6a623c23" />
    <UnitTestResult executionId="8f9a59a4-b9dd-4232-9bf0-69ca457d801f" testId="0e0b30c5-6422-25c8-2172-d67c44a7d25d" testName="_2020.Tests.Days.Day10Tests.Part1_pack(testCaseName: &quot;puzzleinput&quot;, expectedResult: &quot;2059&quot;, _: &quot;86812553324672&quot;, fileContent: &quot;77\r\n58\r\n25\r\n92\r\n14\r\n154\r\n105\r\n112\r\&quot;...)" computerName="LAPTOP-35RG0TO8" duration="00:00:00.0000786" startTime="2020-12-13T12:26:19.2045511+01:00" endTime="2020-12-13T12:26:19.2045518+01:00" testType="13cdc9d9-ddb5-4fa4-a97d-d965ccfc6d4b" outcome="Passed" testListId="8c84fa94-04c1-424b-9868-57a2d4851a1d" relativeResultsDirectory="8f9a59a4-b9dd-4232-9bf0-69ca457d801f" />
    <UnitTestResult executionId="9301c07f-f654-4f98-afe3-0c8540495b8a" testId="2cc010d6-e101-5b64-2847-d92eb3aca667" testName="_2020.Tests.Days.Day10Tests.Part2_Pack(testCaseName: &quot;puzzleinput&quot;, _: &quot;2059&quot;, expectedResult: &quot;86812553324672&quot;, fileContent: &quot;77\r\n58\r\n25\r\n92\r\n14\r\n154\r\n105\r\n112\r\&quot;...)" computerName="LAPTOP-35RG0TO8" duration="00:00:00.0001047" startTime="2020-12-13T12:26:19.2109066+01:00" endTime="2020-12-13T12:26:19.2109068+01:00" testType="13cdc9d9-ddb5-4fa4-a97d-d965ccfc6d4b" outcome="Passed" testListId="8c84fa94-04c1-424b-9868-57a2d4851a1d" relativeResultsDirectory="9301c07f-f654-4f98-afe3-0c8540495b8a" />
    <UnitTestResult executionId="4d371ab9-2712-4e70-b5a2-7e5a209d2db7" testId="b2758025-0ea6-8920-1ed3-b47e23fd5591" testName="_2020.Tests.Days.Day10Tests.Part2_Pack(testCaseName: &quot;example1&quot;, _: &quot;35&quot;, expectedResult: &quot;8&quot;, fileContent: &quot;16\r\n10\r\n15\r\n5\r\n1\r\n11\r\n7\r\n19\r\n6\r\n&quot;...)" computerName="LAPTOP-35RG0TO8" duration="00:00:00.0108196" startTime="2020-12-13T12:26:19.2108653+01:00" endTime="2020-12-13T12:26:19.2108655+01:00" testType="13cdc9d9-ddb5-4fa4-a97d-d965ccfc6d4b" outcome="Passed" testListId="8c84fa94-04c1-424b-9868-57a2d4851a1d" relativeResultsDirectory="4d371ab9-2712-4e70-b5a2-7e5a209d2db7" />
    <UnitTestResult executionId="50cc4c80-433b-451b-b8b2-c8f4696c6c67" testId="db9d81cc-9f3b-68f2-2d29-410e4425b6d1" testName="_2020.Tests.Days.Day10Tests.Part2_Pack(testCaseName: &quot;example_small&quot;, _: &quot;12&quot;, expectedResult: &quot;4&quot;, fileContent: &quot;3\r\n4\r\n5\r\n8\r\n9\r\n10&quot;)" computerName="LAPTOP-35RG0TO8" duration="00:00:00.0000226" startTime="2020-12-13T12:26:19.2109651+01:00" endTime="2020-12-13T12:26:19.2109652+01:00" testType="13cdc9d9-ddb5-4fa4-a97d-d965ccfc6d4b" outcome="Passed" testListId="8c84fa94-04c1-424b-9868-57a2d4851a1d" relativeResultsDirectory="50cc4c80-433b-451b-b8b2-c8f4696c6c67" />
    <UnitTestResult executionId="aa0baa6a-d9c4-4f34-8937-f0393f600687" testId="f7e40ddb-a284-7426-9379-70e1c4cc7afa" testName="_2020.Tests.Days.Day12Tests.Part1_pack(testCaseName: &quot;puzzleinput&quot;, expectedResult: &quot;1565&quot;, _: &quot;78883&quot;, fileContent: &quot;E5\r\nR90\r\nE5\r\nL90\r\nF80\r\nL90\r\nE3\r\nN5\r&quot;...)" computerName="LAPTOP-35RG0TO8" duration="00:00:00.0004060" startTime="2020-12-13T12:26:19.2062856+01:00" endTime="2020-12-13T12:26:19.2062858+01:00" testType="13cdc9d9-ddb5-4fa4-a97d-d965ccfc6d4b" outcome="Passed" testListId="8c84fa94-04c1-424b-9868-57a2d4851a1d" relativeResultsDirectory="aa0baa6a-d9c4-4f34-8937-f0393f600687" />
  </Results>
  <TestDefinitions>
    <UnitTest name="_2020.Tests.Days.Day9Tests.Part1_pack(testCaseName: &quot;example1&quot;, expectedResult: &quot;127&quot;, preamble: &quot;5&quot;, _: &quot;62&quot;, fileContent: &quot;35\r\n20\r\n15\r\n25\r\n47\r\n40\r\n62\r\n55\r\n65&quot;...)" storage="c:\workspace\github\adventofcode\2020.tests\bin\debug\netcoreapp3.1\2020.tests.dll" id="4dc9e345-1e1c-7c56-ffd6-51f432d6c33b">
      <Execution id="b72cbee6-237f-4f86-bc4c-3f8d64b433ea" />
      <TestMethod codeBase="C:\Workspace\GitHub\AdventOfCode\2020.Tests\bin\Debug\netcoreapp3.1\2020.Tests.dll" adapterTypeName="executor://xunit/VsTestRunner2/netcoreapp" className="_2020.Tests.Days.Day9Tests" name="Part1_pack" />
    </UnitTest>
    <UnitTest name="_2020.Tests.Days.Day7Tests.Part2_Pack(testCaseName: &quot;example2&quot;, _: &quot;&quot;, expectedResult: &quot;126&quot;, fileContent: &quot;shiny gold bags contain 2 dark red bags.\r\ndark r&quot;...)" storage="c:\workspace\github\adventofcode\2020.tests\bin\debug\netcoreapp3.1\2020.tests.dll" id="844a928f-443a-c27a-8ee8-10b193eadc8b">
      <Execution id="21edbd99-46f7-473e-a5b7-97992a488a34" />
      <TestMethod codeBase="C:\Workspace\GitHub\AdventOfCode\2020.Tests\bin\Debug\netcoreapp3.1\2020.Tests.dll" adapterTypeName="executor://xunit/VsTestRunner2/netcoreapp" className="_2020.Tests.Days.Day7Tests" name="Part2_Pack" />
    </UnitTest>
    <UnitTest name="_2020.Tests.Days.Day11Tests.Part1_pack(testCaseName: &quot;example1&quot;, expectedResult: &quot;37&quot;, _: &quot;26&quot;, fileContent: &quot;L.LL.LL.LL\r\nLLLLLLL.LL\r\nL.L.L..L..\r\nLLLL.LL.&quot;...)" storage="c:\workspace\github\adventofcode\2020.tests\bin\debug\netcoreapp3.1\2020.tests.dll" id="9f0ccaf6-c07d-b20e-be6b-7733f88e5aab">
      <Execution id="b9a99950-cb10-4a96-bc60-28999a1aebaf" />
      <TestMethod codeBase="C:\Workspace\GitHub\AdventOfCode\2020.Tests\bin\Debug\netcoreapp3.1\2020.Tests.dll" adapterTypeName="executor://xunit/VsTestRunner2/netcoreapp" className="_2020.Tests.Days.Day11Tests" name="Part1_pack" />
    </UnitTest>
    <UnitTest name="_2020.Tests.Days.Day10Tests.Part1_pack(testCaseName: &quot;example1&quot;, expectedResult: &quot;35&quot;, _: &quot;8&quot;, fileContent: &quot;16\r\n10\r\n15\r\n5\r\n1\r\n11\r\n7\r\n19\r\n6\r\n&quot;...)" storage="c:\workspace\github\adventofcode\2020.tests\bin\debug\netcoreapp3.1\2020.tests.dll" id="4d95249a-c4ec-74a6-909c-c074eed39474">
      <Execution id="3e22106c-fa9d-4b80-8e27-304959b8fe6f" />
      <TestMethod codeBase="C:\Workspace\GitHub\AdventOfCode\2020.Tests\bin\Debug\netcoreapp3.1\2020.Tests.dll" adapterTypeName="executor://xunit/VsTestRunner2/netcoreapp" className="_2020.Tests.Days.Day10Tests" name="Part1_pack" />
    </UnitTest>
    <UnitTest name="_2020.Tests.Days.Day5Tests.Part1_pack(testCaseName: &quot;example1&quot;, expectedResult: &quot;820&quot;, _: &quot;&quot;, fileContent: &quot;BFFFBBFRRR\r\nFFFBBBFRRR\r\nBBFFBBFRLL&quot;)" storage="c:\workspace\github\adventofcode\2020.tests\bin\debug\netcoreapp3.1\2020.tests.dll" id="de8b5722-7c80-d4eb-b97c-ebe57717fb6c">
      <Execution id="c2bd2c24-d52a-4320-b188-92200e1e11da" />
      <TestMethod codeBase="C:\Workspace\GitHub\AdventOfCode\2020.Tests\bin\Debug\netcoreapp3.1\2020.Tests.dll" adapterTypeName="executor://xunit/VsTestRunner2/netcoreapp" className="_2020.Tests.Days.Day5Tests" name="Part1_pack" />
    </UnitTest>
    <UnitTest name="_2020.Tests.Days.Day3Tests.Part2_TC3(fileContent: &quot;..##.......\r\n#...#...#..\r\n.#....#..#.\r\n..#.#&quot;...)" storage="c:\workspace\github\adventofcode\2020.tests\bin\debug\netcoreapp3.1\2020.tests.dll" id="9d63c5ca-cd81-dfa2-45c3-bef99b47c927">
      <Execution id="d97120fa-b578-4e91-818c-2efb6a623c23" />
      <TestMethod codeBase="C:\Workspace\GitHub\AdventOfCode\2020.Tests\bin\Debug\netcoreapp3.1\2020.Tests.dll" adapterTypeName="executor://xunit/VsTestRunner2/netcoreapp" className="_2020.Tests.Days.Day3Tests" name="Part2_TC3" />
    </UnitTest>
    <UnitTest name="_2020.Tests.Days.Day10Tests.Part2_Pack(testCaseName: &quot;puzzleinput&quot;, _: &quot;2059&quot;, expectedResult: &quot;86812553324672&quot;, fileContent: &quot;77\r\n58\r\n25\r\n92\r\n14\r\n154\r\n105\r\n112\r\&quot;...)" storage="c:\workspace\github\adventofcode\2020.tests\bin\debug\netcoreapp3.1\2020.tests.dll" id="2cc010d6-e101-5b64-2847-d92eb3aca667">
      <Execution id="9301c07f-f654-4f98-afe3-0c8540495b8a" />
      <TestMethod codeBase="C:\Workspace\GitHub\AdventOfCode\2020.Tests\bin\Debug\netcoreapp3.1\2020.Tests.dll" adapterTypeName="executor://xunit/VsTestRunner2/netcoreapp" className="_2020.Tests.Days.Day10Tests" name="Part2_Pack" />
    </UnitTest>
    <UnitTest name="_2020.Tests.Days.Day7Tests.Part2_Pack(testCaseName: &quot;puzzleinput&quot;, _: &quot;335&quot;, expectedResult: &quot;2431&quot;, fileContent: &quot;dim silver bags contain 3 posh fuchsia bags.\r\nwa&quot;...)" storage="c:\workspace\github\adventofcode\2020.tests\bin\debug\netcoreapp3.1\2020.tests.dll" id="bdaba18c-2c59-04ae-e240-7ebf7e7a64fb">
      <Execution id="36c79f8f-f7b2-435a-980c-041fc1befe54" />
      <TestMethod codeBase="C:\Workspace\GitHub\AdventOfCode\2020.Tests\bin\Debug\netcoreapp3.1\2020.Tests.dll" adapterTypeName="executor://xunit/VsTestRunner2/netcoreapp" className="_2020.Tests.Days.Day7Tests" name="Part2_Pack" />
    </UnitTest>
    <UnitTest name="_2020.Tests.Days.Day4Tests.Part1_pack(testCaseName: &quot;valid&quot;, expectedResult: &quot;4&quot;, _: &quot;4&quot;, fileContent: &quot;pid:087499704 hgt:74in ecl:grn iyr:2012 eyr:2030 b&quot;...)" storage="c:\workspace\github\adventofcode\2020.tests\bin\debug\netcoreapp3.1\2020.tests.dll" id="8aed83a5-1388-ee14-1e01-687801be888e">
      <Execution id="b381c32a-8b11-45aa-83ea-246004f41c9b" />
      <TestMethod codeBase="C:\Workspace\GitHub\AdventOfCode\2020.Tests\bin\Debug\netcoreapp3.1\2020.Tests.dll" adapterTypeName="executor://xunit/VsTestRunner2/netcoreapp" className="_2020.Tests.Days.Day4Tests" name="Part1_pack" />
    </UnitTest>
    <UnitTest name="_2020.Tests.Days.Day13Tests.Part1_pack(testCaseName: &quot;puzzleinput&quot;, expectedResult: &quot;4135&quot;, _: &quot;640856202464541&quot;, fileContent: &quot;1011416\r\n41,x,x,x,x,x,x,x,x,x,x,x,x,x,x,x,x,x,x,&quot;...)" storage="c:\workspace\github\adventofcode\2020.tests\bin\debug\netcoreapp3.1\2020.tests.dll" id="d612b35d-eb74-c9d6-7c08-b6087fbf724b">
      <Execution id="a71a83ae-7b6b-4b00-9015-93ca351c0115" />
      <TestMethod codeBase="C:\Workspace\GitHub\AdventOfCode\2020.Tests\bin\Debug\netcoreapp3.1\2020.Tests.dll" adapterTypeName="executor://xunit/VsTestRunner2/netcoreapp" className="_2020.Tests.Days.Day13Tests" name="Part1_pack" />
    </UnitTest>
    <UnitTest name="_2020.Tests.Days.Day10Tests.Part1_pack(testCaseName: &quot;puzzleinput&quot;, expectedResult: &quot;2059&quot;, _: &quot;86812553324672&quot;, fileContent: &quot;77\r\n58\r\n25\r\n92\r\n14\r\n154\r\n105\r\n112\r\&quot;...)" storage="c:\workspace\github\adventofcode\2020.tests\bin\debug\netcoreapp3.1\2020.tests.dll" id="0e0b30c5-6422-25c8-2172-d67c44a7d25d">
      <Execution id="8f9a59a4-b9dd-4232-9bf0-69ca457d801f" />
      <TestMethod codeBase="C:\Workspace\GitHub\AdventOfCode\2020.Tests\bin\Debug\netcoreapp3.1\2020.Tests.dll" adapterTypeName="executor://xunit/VsTestRunner2/netcoreapp" className="_2020.Tests.Days.Day10Tests" name="Part1_pack" />
    </UnitTest>
    <UnitTest name="_2020.Tests.Days.Day3Tests.Move_Works(fileContent: &quot;...\r\n#..&quot;, coordinates: [0, 0, 0, 1], isTree: True)" storage="c:\workspace\github\adventofcode\2020.tests\bin\debug\netcoreapp3.1\2020.tests.dll" id="9b48be43-b6dc-ab4a-e9b5-a0f0a0083d37">
      <Execution id="0293119c-43e3-45b6-9746-f4d1326d4824" />
      <TestMethod codeBase="C:\Workspace\GitHub\AdventOfCode\2020.Tests\bin\Debug\netcoreapp3.1\2020.Tests.dll" adapterTypeName="executor://xunit/VsTestRunner2/netcoreapp" className="_2020.Tests.Days.Day3Tests" name="Move_Works" />
    </UnitTest>
    <UnitTest name="_2020.Tests.Days.Day8Tests.Part1_pack(testCaseName: &quot;example1&quot;, expectedResult: &quot;5&quot;, _: &quot;8&quot;, fileContent: &quot;nop +0\r\nacc +1\r\njmp +4\r\nacc +3\r\njmp -3\r\n&quot;...)" storage="c:\workspace\github\adventofcode\2020.tests\bin\debug\netcoreapp3.1\2020.tests.dll" id="edfee89c-6991-817a-4b5f-507b7c5607c8">
      <Execution id="320113b9-3538-45c1-b2f8-0ba2e4575858" />
      <TestMethod codeBase="C:\Workspace\GitHub\AdventOfCode\2020.Tests\bin\Debug\netcoreapp3.1\2020.Tests.dll" adapterTypeName="executor://xunit/VsTestRunner2/netcoreapp" className="_2020.Tests.Days.Day8Tests" name="Part1_pack" />
    </UnitTest>
    <UnitTest name="_2020.Tests.Days.Day8Tests.Part2_Pack(testCaseName: &quot;example1&quot;, _: &quot;5&quot;, expectedResult: &quot;8&quot;, fileContent: &quot;nop +0\r\nacc +1\r\njmp +4\r\nacc +3\r\njmp -3\r\n&quot;...)" storage="c:\workspace\github\adventofcode\2020.tests\bin\debug\netcoreapp3.1\2020.tests.dll" id="d87515a5-cd25-21bb-1381-51ed2081f274">
      <Execution id="80da92dc-94e1-4d8d-9d4d-aa6a9f039522" />
      <TestMethod codeBase="C:\Workspace\GitHub\AdventOfCode\2020.Tests\bin\Debug\netcoreapp3.1\2020.Tests.dll" adapterTypeName="executor://xunit/VsTestRunner2/netcoreapp" className="_2020.Tests.Days.Day8Tests" name="Part2_Pack" />
    </UnitTest>
    <UnitTest name="_2020.Tests.Days.Day12Tests.Part2_Pack(testCaseName: &quot;example1&quot;, _: &quot;25&quot;, expectedResult: &quot;286&quot;, fileContent: &quot;F10\r\nN3\r\nF7\r\nR90\r\nF11&quot;)" storage="c:\workspace\github\adventofcode\2020.tests\bin\debug\netcoreapp3.1\2020.tests.dll" id="02ecd7ab-bcdf-e3ce-73c4-60d49e1f8cf1">
      <Execution id="28936a72-e733-4212-8616-7f50a0ea7c79" />
      <TestMethod codeBase="C:\Workspace\GitHub\AdventOfCode\2020.Tests\bin\Debug\netcoreapp3.1\2020.Tests.dll" adapterTypeName="executor://xunit/VsTestRunner2/netcoreapp" className="_2020.Tests.Days.Day12Tests" name="Part2_Pack" />
    </UnitTest>
    <UnitTest name="_2020.Tests.Days.Day6Tests.Part2_Pack(testCaseName: &quot;puzzleinput&quot;, _: &quot;6551&quot;, expectedResult: &quot;3358&quot;, fileContent: &quot;nvlyak\r\nnyvha\r\nyaen\r\nqynia\r\n\r\nkend\r\nen&quot;...)" storage="c:\workspace\github\adventofcode\2020.tests\bin\debug\netcoreapp3.1\2020.tests.dll" id="0ae8165c-5db8-2151-c07c-655806764c15">
      <Execution id="db4b07b4-b543-4394-8deb-eabf3beca192" />
      <TestMethod codeBase="C:\Workspace\GitHub\AdventOfCode\2020.Tests\bin\Debug\netcoreapp3.1\2020.Tests.dll" adapterTypeName="executor://xunit/VsTestRunner2/netcoreapp" className="_2020.Tests.Days.Day6Tests" name="Part2_Pack" />
    </UnitTest>
    <UnitTest name="_2020.Tests.Days.Day10Tests.Part2_Pack(testCaseName: &quot;example1&quot;, _: &quot;35&quot;, expectedResult: &quot;8&quot;, fileContent: &quot;16\r\n10\r\n15\r\n5\r\n1\r\n11\r\n7\r\n19\r\n6\r\n&quot;...)" storage="c:\workspace\github\adventofcode\2020.tests\bin\debug\netcoreapp3.1\2020.tests.dll" id="b2758025-0ea6-8920-1ed3-b47e23fd5591">
      <Execution id="4d371ab9-2712-4e70-b5a2-7e5a209d2db7" />
      <TestMethod codeBase="C:\Workspace\GitHub\AdventOfCode\2020.Tests\bin\Debug\netcoreapp3.1\2020.Tests.dll" adapterTypeName="executor://xunit/VsTestRunner2/netcoreapp" className="_2020.Tests.Days.Day10Tests" name="Part2_Pack" />
    </UnitTest>
    <UnitTest name="_2020.Tests.Days.Day5Tests.Part2_Pack(testCaseName: &quot;mydata&quot;, _: &quot;998&quot;, expectedResult: &quot;676&quot;, fileContent: &quot;BFBBBBBLLR\r\nBBFFBBFRRL\r\nFBFBFFFRRL\r\nBBFFFBFR&quot;...)" storage="c:\workspace\github\adventofcode\2020.tests\bin\debug\netcoreapp3.1\2020.tests.dll" id="5670067d-1cf3-a96b-1c13-3fd4f02d341b">
      <Execution id="445fc09e-1619-46d1-bbff-9ad474a9f7c9" />
      <TestMethod codeBase="C:\Workspace\GitHub\AdventOfCode\2020.Tests\bin\Debug\netcoreapp3.1\2020.Tests.dll" adapterTypeName="executor://xunit/VsTestRunner2/netcoreapp" className="_2020.Tests.Days.Day5Tests" name="Part2_Pack" />
    </UnitTest>
    <UnitTest name="_2020.Tests.Days.Day10Tests.Part1_pack(testCaseName: &quot;example_small&quot;, expectedResult: &quot;12&quot;, _: &quot;4&quot;, fileContent: &quot;3\r\n4\r\n5\r\n8\r\n9\r\n10&quot;)" storage="c:\workspace\github\adventofcode\2020.tests\bin\debug\netcoreapp3.1\2020.tests.dll" id="04f07e51-e06f-f9ef-687e-27f8f50cd69c">
      <Execution id="1e11f664-6842-4580-8ad5-49f2349d60b1" />
      <TestMethod codeBase="C:\Workspace\GitHub\AdventOfCode\2020.Tests\bin\Debug\netcoreapp3.1\2020.Tests.dll" adapterTypeName="executor://xunit/VsTestRunner2/netcoreapp" className="_2020.Tests.Days.Day10Tests" name="Part1_pack" />
    </UnitTest>
    <UnitTest name="_2020.Tests.Days.Day8Tests.Part2_Pack(testCaseName: &quot;puzzleinput&quot;, _: &quot;2051&quot;, expectedResult: &quot;2304&quot;, fileContent: &quot;jmp +583\r\nacc +9\r\njmp +525\r\njmp +302\r\njmp &quot;...)" storage="c:\workspace\github\adventofcode\2020.tests\bin\debug\netcoreapp3.1\2020.tests.dll" id="01c6738e-928f-12e9-002b-a3010d7f109b">
      <Execution id="6da75df2-ebc8-4ed0-9e07-27ccdc3dfa98" />
      <TestMethod codeBase="C:\Workspace\GitHub\AdventOfCode\2020.Tests\bin\Debug\netcoreapp3.1\2020.Tests.dll" adapterTypeName="executor://xunit/VsTestRunner2/netcoreapp" className="_2020.Tests.Days.Day8Tests" name="Part2_Pack" />
    </UnitTest>
    <UnitTest name="_2020.Tests.Days.Day9Tests.Part1_pack(testCaseName: &quot;puzzleinput&quot;, expectedResult: &quot;41682220&quot;, preamble: &quot;25&quot;, _: &quot;5388976&quot;, fileContent: &quot;23\r\n3\r\n36\r\n14\r\n50\r\n8\r\n2\r\n44\r\n30\r\&quot;...)" storage="c:\workspace\github\adventofcode\2020.tests\bin\debug\netcoreapp3.1\2020.tests.dll" id="b73fc7b5-5c4f-ce2b-029f-5099fc932df8">
      <Execution id="543ecc0c-77d5-4867-af12-d72936927d83" />
      <TestMethod codeBase="C:\Workspace\GitHub\AdventOfCode\2020.Tests\bin\Debug\netcoreapp3.1\2020.Tests.dll" adapterTypeName="executor://xunit/VsTestRunner2/netcoreapp" className="_2020.Tests.Days.Day9Tests" name="Part1_pack" />
    </UnitTest>
    <UnitTest name="_2020.Tests.Days.Day3Tests.Part1(fileContent: &quot;.#.......#...........#.........\r\n..##.......#.#.&quot;...)" storage="c:\workspace\github\adventofcode\2020.tests\bin\debug\netcoreapp3.1\2020.tests.dll" id="99b22c00-0b2b-9e79-261c-dcb39b52aa8e">
      <Execution id="0128a030-3ad6-423b-8e78-accd7ac2434b" />
      <TestMethod codeBase="C:\Workspace\GitHub\AdventOfCode\2020.Tests\bin\Debug\netcoreapp3.1\2020.Tests.dll" adapterTypeName="executor://xunit/VsTestRunner2/netcoreapp" className="_2020.Tests.Days.Day3Tests" name="Part1" />
    </UnitTest>
    <UnitTest name="_2020.Tests.Days.Day13Tests.Part2_Pack(testCaseName: &quot;puzzleinput&quot;, _: &quot;4135&quot;, expectedResult: &quot;640856202464541&quot;, fileContent: &quot;1011416\r\n41,x,x,x,x,x,x,x,x,x,x,x,x,x,x,x,x,x,x,&quot;...)" storage="c:\workspace\github\adventofcode\2020.tests\bin\debug\netcoreapp3.1\2020.tests.dll" id="9cf0cba5-172e-c153-e796-92c43fe8b799">
      <Execution id="01ff7a43-9056-484e-be88-c947aa881bee" />
      <TestMethod codeBase="C:\Workspace\GitHub\AdventOfCode\2020.Tests\bin\Debug\netcoreapp3.1\2020.Tests.dll" adapterTypeName="executor://xunit/VsTestRunner2/netcoreapp" className="_2020.Tests.Days.Day13Tests" name="Part2_Pack" />
    </UnitTest>
    <UnitTest name="_2020.Tests.Days.Day3Tests.Move_Works(fileContent: &quot;.......\r\n...X...\r\n......X&quot;, coordinates: [3, 1, 6, 2], isTree: False)" storage="c:\workspace\github\adventofcode\2020.tests\bin\debug\netcoreapp3.1\2020.tests.dll" id="4884422f-a201-6166-d234-44d86f6dd8d3">
      <Execution id="6cd084ad-3599-48db-97b1-98b26cf32daf" />
      <TestMethod codeBase="C:\Workspace\GitHub\AdventOfCode\2020.Tests\bin\Debug\netcoreapp3.1\2020.Tests.dll" adapterTypeName="executor://xunit/VsTestRunner2/netcoreapp" className="_2020.Tests.Days.Day3Tests" name="Move_Works" />
    </UnitTest>
    <UnitTest name="_2020.Tests.Days.Day10Tests.Part2_Pack(testCaseName: &quot;example2&quot;, _: &quot;220&quot;, expectedResult: &quot;19208&quot;, fileContent: &quot;28\r\n33\r\n18\r\n42\r\n31\r\n14\r\n46\r\n20\r\n48&quot;...)" storage="c:\workspace\github\adventofcode\2020.tests\bin\debug\netcoreapp3.1\2020.tests.dll" id="7e2b291f-4d36-b74a-6972-5466517a8596">
      <Execution id="3389c59e-3453-4674-a229-426b007eb732" />
      <TestMethod codeBase="C:\Workspace\GitHub\AdventOfCode\2020.Tests\bin\Debug\netcoreapp3.1\2020.Tests.dll" adapterTypeName="executor://xunit/VsTestRunner2/netcoreapp" className="_2020.Tests.Days.Day10Tests" name="Part2_Pack" />
    </UnitTest>
    <UnitTest name="_2020.Tests.Days.Day10Tests.Part2_Pack(testCaseName: &quot;example_small&quot;, _: &quot;12&quot;, expectedResult: &quot;4&quot;, fileContent: &quot;3\r\n4\r\n5\r\n8\r\n9\r\n10&quot;)" storage="c:\workspace\github\adventofcode\2020.tests\bin\debug\netcoreapp3.1\2020.tests.dll" id="db9d81cc-9f3b-68f2-2d29-410e4425b6d1">
      <Execution id="50cc4c80-433b-451b-b8b2-c8f4696c6c67" />
      <TestMethod codeBase="C:\Workspace\GitHub\AdventOfCode\2020.Tests\bin\Debug\netcoreapp3.1\2020.Tests.dll" adapterTypeName="executor://xunit/VsTestRunner2/netcoreapp" className="_2020.Tests.Days.Day10Tests" name="Part2_Pack" />
    </UnitTest>
    <UnitTest name="_2020.Tests.Days.Day4Tests.Part2_Pack(testCaseName: &quot;invalid&quot;, _: &quot;4&quot;, expectedResult: &quot;0&quot;, fileContent: &quot;eyr:1972 cid:100\r\nhcl:#18171d ecl:amb hgt:170 pi&quot;...)" storage="c:\workspace\github\adventofcode\2020.tests\bin\debug\netcoreapp3.1\2020.tests.dll" id="0f9af31d-0f66-fa47-7811-06be3c347ad8">
      <Execution id="dda35a7e-3add-4e03-96d0-1695d797466e" />
      <TestMethod codeBase="C:\Workspace\GitHub\AdventOfCode\2020.Tests\bin\Debug\netcoreapp3.1\2020.Tests.dll" adapterTypeName="executor://xunit/VsTestRunner2/netcoreapp" className="_2020.Tests.Days.Day4Tests" name="Part2_Pack" />
    </UnitTest>
    <UnitTest name="_2020.Tests.Days.Day4Tests.Part1(fileContent: &quot;eyr:2027\r\nhcl:#602927\r\nhgt:186cm byr:1939 iyr:&quot;...)" storage="c:\workspace\github\adventofcode\2020.tests\bin\debug\netcoreapp3.1\2020.tests.dll" id="de573764-ea0d-8509-05be-8709ab895a61">
      <Execution id="efe1c87b-0131-4cb7-88d9-117be2002c30" />
      <TestMethod codeBase="C:\Workspace\GitHub\AdventOfCode\2020.Tests\bin\Debug\netcoreapp3.1\2020.Tests.dll" adapterTypeName="executor://xunit/VsTestRunner2/netcoreapp" className="_2020.Tests.Days.Day4Tests" name="Part1" />
    </UnitTest>
    <UnitTest name="_2020.Tests.Days.Day2Tests.Part2(fileContent: &quot;1-5 k: kkkkhkkkkkkkkkk\r\n5-7 k: blkqhtxfgktdkxzkk&quot;...)" storage="c:\workspace\github\adventofcode\2020.tests\bin\debug\netcoreapp3.1\2020.tests.dll" id="26e5e629-8263-4046-5e10-c84b3539586e">
      <Execution id="5d5a5f1e-d78f-43f6-959e-4e13f2a7ab1b" />
      <TestMethod codeBase="C:\Workspace\GitHub\AdventOfCode\2020.Tests\bin\Debug\netcoreapp3.1\2020.Tests.dll" adapterTypeName="executor://xunit/VsTestRunner2/netcoreapp" className="_2020.Tests.Days.Day2Tests" name="Part2" />
    </UnitTest>
    <UnitTest name="_2020.Tests.Days.Day1Tests.Part2(lines: &quot;1753\r\n1976\r\n1574\r\n308\r\n1384\r\n1191\r\n173&quot;...)" storage="c:\workspace\github\adventofcode\2020.tests\bin\debug\netcoreapp3.1\2020.tests.dll" id="db94a0d2-a22c-8314-89a3-1a38e815913a">
      <Execution id="56e48e8c-64ca-4161-bd6e-c73716911cc2" />
      <TestMethod codeBase="C:\Workspace\GitHub\AdventOfCode\2020.Tests\bin\Debug\netcoreapp3.1\2020.Tests.dll" adapterTypeName="executor://xunit/VsTestRunner2/netcoreapp" className="_2020.Tests.Days.Day1Tests" name="Part2" />
    </UnitTest>
    <UnitTest name="_2020.Tests.Days.Day13Tests.Part1_pack(testCaseName: &quot;example1&quot;, expectedResult: &quot;295&quot;, _: &quot;1068781&quot;, fileContent: &quot;939\r\n7,13,x,x,59,x,31,19&quot;)" storage="c:\workspace\github\adventofcode\2020.tests\bin\debug\netcoreapp3.1\2020.tests.dll" id="0a2c2f88-73a7-a432-398b-2f86564fd773">
      <Execution id="2db66e8c-bab0-4977-9402-393132a4a630" />
      <TestMethod codeBase="C:\Workspace\GitHub\AdventOfCode\2020.Tests\bin\Debug\netcoreapp3.1\2020.Tests.dll" adapterTypeName="executor://xunit/VsTestRunner2/netcoreapp" className="_2020.Tests.Days.Day13Tests" name="Part1_pack" />
    </UnitTest>
    <UnitTest name="_2020.Tests.Days.Day4Tests.Part2_Pack(testCaseName: &quot;valid&quot;, _: &quot;4&quot;, expectedResult: &quot;4&quot;, fileContent: &quot;pid:087499704 hgt:74in ecl:grn iyr:2012 eyr:2030 b&quot;...)" storage="c:\workspace\github\adventofcode\2020.tests\bin\debug\netcoreapp3.1\2020.tests.dll" id="159d3ea9-44fc-4aaa-9da0-18c06a48805e">
      <Execution id="79327249-58c9-4e0d-8bd0-d685d86546b4" />
      <TestMethod codeBase="C:\Workspace\GitHub\AdventOfCode\2020.Tests\bin\Debug\netcoreapp3.1\2020.Tests.dll" adapterTypeName="executor://xunit/VsTestRunner2/netcoreapp" className="_2020.Tests.Days.Day4Tests" name="Part2_Pack" />
    </UnitTest>
    <UnitTest name="_2020.Tests.Days.Day6Tests.Part2_Pack(testCaseName: &quot;example1&quot;, _: &quot;11&quot;, expectedResult: &quot;6&quot;, fileContent: &quot;abc\r\n\r\na\r\nb\r\nc\r\n\r\nab\r\nac\r\n\r\na\r\&quot;...)" storage="c:\workspace\github\adventofcode\2020.tests\bin\debug\netcoreapp3.1\2020.tests.dll" id="9fcb3a2b-27f0-5f22-0206-56c0549b9a84">
      <Execution id="5468c20b-dc9f-4523-a23b-7d1455844aa7" />
      <TestMethod codeBase="C:\Workspace\GitHub\AdventOfCode\2020.Tests\bin\Debug\netcoreapp3.1\2020.Tests.dll" adapterTypeName="executor://xunit/VsTestRunner2/netcoreapp" className="_2020.Tests.Days.Day6Tests" name="Part2_Pack" />
    </UnitTest>
    <UnitTest name="_2020.Tests.Days.Day7Tests.Part1_pack(testCaseName: &quot;example1&quot;, expectedResult: &quot;4&quot;, _: &quot;&quot;, fileContent: &quot;light red bags contain 1 bright white bag, 2 muted&quot;...)" storage="c:\workspace\github\adventofcode\2020.tests\bin\debug\netcoreapp3.1\2020.tests.dll" id="375e425c-9b53-a326-01d6-888b92935a87">
      <Execution id="44152967-d87d-40b3-912a-6efa51b231e6" />
      <TestMethod codeBase="C:\Workspace\GitHub\AdventOfCode\2020.Tests\bin\Debug\netcoreapp3.1\2020.Tests.dll" adapterTypeName="executor://xunit/VsTestRunner2/netcoreapp" className="_2020.Tests.Days.Day7Tests" name="Part1_pack" />
    </UnitTest>
    <UnitTest name="_2020.Tests.Days.Day2Tests.Part1(fileContent: &quot;1-5 k: kkkkhkkkkkkkkkk\r\n5-7 k: blkqhtxfgktdkxzkk&quot;...)" storage="c:\workspace\github\adventofcode\2020.tests\bin\debug\netcoreapp3.1\2020.tests.dll" id="b9a0883d-021b-16e7-be90-275f6000cc9d">
      <Execution id="7eb946f5-2f5c-4bbd-ba13-bf934f86c596" />
      <TestMethod codeBase="C:\Workspace\GitHub\AdventOfCode\2020.Tests\bin\Debug\netcoreapp3.1\2020.Tests.dll" adapterTypeName="executor://xunit/VsTestRunner2/netcoreapp" className="_2020.Tests.Days.Day2Tests" name="Part1" />
    </UnitTest>
    <UnitTest name="_2020.Tests.Days.Day8Tests.Part1_pack(testCaseName: &quot;puzzleinput&quot;, expectedResult: &quot;2051&quot;, _: &quot;2304&quot;, fileContent: &quot;jmp +583\r\nacc +9\r\njmp +525\r\njmp +302\r\njmp &quot;...)" storage="c:\workspace\github\adventofcode\2020.tests\bin\debug\netcoreapp3.1\2020.tests.dll" id="b27c9020-e789-a65d-c36f-5611503fe0b7">
      <Execution id="7d21226f-6897-4a50-8fb9-7c5a37e61daf" />
      <TestMethod codeBase="C:\Workspace\GitHub\AdventOfCode\2020.Tests\bin\Debug\netcoreapp3.1\2020.Tests.dll" adapterTypeName="executor://xunit/VsTestRunner2/netcoreapp" className="_2020.Tests.Days.Day8Tests" name="Part1_pack" />
    </UnitTest>
    <UnitTest name="_2020.Tests.Days.Day11Tests.Part2_Pack(testCaseName: &quot;puzzleinput&quot;, _: &quot;2310&quot;, expectedResult: &quot;2074&quot;, fileContent: &quot;LLLLLLLLLL.LLLLLLLL.LLLLLLLLLLLLL.LLLLL.LLLL.LL.L.&quot;...)" storage="c:\workspace\github\adventofcode\2020.tests\bin\debug\netcoreapp3.1\2020.tests.dll" id="5cb521d9-b508-87d2-d6b3-9430721a3a5b">
      <Execution id="cd73bab0-2eaa-474a-ba85-980b34487801" />
      <TestMethod codeBase="C:\Workspace\GitHub\AdventOfCode\2020.Tests\bin\Debug\netcoreapp3.1\2020.Tests.dll" adapterTypeName="executor://xunit/VsTestRunner2/netcoreapp" className="_2020.Tests.Days.Day11Tests" name="Part2_Pack" />
    </UnitTest>
    <UnitTest name="_2020.Tests.Days.Day7Tests.Part1_pack(testCaseName: &quot;puzzleinput&quot;, expectedResult: &quot;335&quot;, _: &quot;2431&quot;, fileContent: &quot;dim silver bags contain 3 posh fuchsia bags.\r\nwa&quot;...)" storage="c:\workspace\github\adventofcode\2020.tests\bin\debug\netcoreapp3.1\2020.tests.dll" id="6b95806a-569f-591e-33c5-cf371e97a169">
      <Execution id="e4fdd2cd-05b0-4e89-9676-73f069cefd37" />
      <TestMethod codeBase="C:\Workspace\GitHub\AdventOfCode\2020.Tests\bin\Debug\netcoreapp3.1\2020.Tests.dll" adapterTypeName="executor://xunit/VsTestRunner2/netcoreapp" className="_2020.Tests.Days.Day7Tests" name="Part1_pack" />
    </UnitTest>
    <UnitTest name="_2020.Tests.Days.Day3Tests.Move_Works(fileContent: &quot;...\r\nX..&quot;, coordinates: [0, 0, 0, 1], isTree: False)" storage="c:\workspace\github\adventofcode\2020.tests\bin\debug\netcoreapp3.1\2020.tests.dll" id="3e90431b-d28c-c271-ef23-978dcb2898e8">
      <Execution id="08d7f1f0-ce58-4f6e-a688-3dfc0e2aa089" />
      <TestMethod codeBase="C:\Workspace\GitHub\AdventOfCode\2020.Tests\bin\Debug\netcoreapp3.1\2020.Tests.dll" adapterTypeName="executor://xunit/VsTestRunner2/netcoreapp" className="_2020.Tests.Days.Day3Tests" name="Move_Works" />
    </UnitTest>
    <UnitTest name="_2020.Tests.Days.Day9Tests.Part2_Pack(testCaseName: &quot;example1&quot;, _: &quot;127&quot;, preamble: &quot;5&quot;, expectedResult: &quot;62&quot;, fileContent: &quot;35\r\n20\r\n15\r\n25\r\n47\r\n40\r\n62\r\n55\r\n65&quot;...)" storage="c:\workspace\github\adventofcode\2020.tests\bin\debug\netcoreapp3.1\2020.tests.dll" id="e3b45518-8d0a-2cd6-89ed-a43178b94cdf">
      <Execution id="4489c695-9bed-4b1e-a55e-9f4c11422d4a" />
      <TestMethod codeBase="C:\Workspace\GitHub\AdventOfCode\2020.Tests\bin\Debug\netcoreapp3.1\2020.Tests.dll" adapterTypeName="executor://xunit/VsTestRunner2/netcoreapp" className="_2020.Tests.Days.Day9Tests" name="Part2_Pack" />
    </UnitTest>
    <UnitTest name="_2020.Tests.Days.Day12Tests.Part1_pack(testCaseName: &quot;puzzleinput&quot;, expectedResult: &quot;1565&quot;, _: &quot;78883&quot;, fileContent: &quot;E5\r\nR90\r\nE5\r\nL90\r\nF80\r\nL90\r\nE3\r\nN5\r&quot;...)" storage="c:\workspace\github\adventofcode\2020.tests\bin\debug\netcoreapp3.1\2020.tests.dll" id="f7e40ddb-a284-7426-9379-70e1c4cc7afa">
      <Execution id="aa0baa6a-d9c4-4f34-8937-f0393f600687" />
      <TestMethod codeBase="C:\Workspace\GitHub\AdventOfCode\2020.Tests\bin\Debug\netcoreapp3.1\2020.Tests.dll" adapterTypeName="executor://xunit/VsTestRunner2/netcoreapp" className="_2020.Tests.Days.Day12Tests" name="Part1_pack" />
    </UnitTest>
    <UnitTest name="_2020.Tests.Days.Day10Tests.Part1_pack(testCaseName: &quot;example2&quot;, expectedResult: &quot;220&quot;, _: &quot;19208&quot;, fileContent: &quot;28\r\n33\r\n18\r\n42\r\n31\r\n14\r\n46\r\n20\r\n48&quot;...)" storage="c:\workspace\github\adventofcode\2020.tests\bin\debug\netcoreapp3.1\2020.tests.dll" id="5d9c47dd-439e-67ac-b1d4-8dc742348d44">
      <Execution id="88f8e0e0-bd3e-4a1a-8509-2e10b9df6f5c" />
      <TestMethod codeBase="C:\Workspace\GitHub\AdventOfCode\2020.Tests\bin\Debug\netcoreapp3.1\2020.Tests.dll" adapterTypeName="executor://xunit/VsTestRunner2/netcoreapp" className="_2020.Tests.Days.Day10Tests" name="Part1_pack" />
    </UnitTest>
    <UnitTest name="_2020.Tests.Days.Day1Tests.Part1(lines: &quot;1753\r\n1976\r\n1574\r\n308\r\n1384\r\n1191\r\n173&quot;...)" storage="c:\workspace\github\adventofcode\2020.tests\bin\debug\netcoreapp3.1\2020.tests.dll" id="26f20c36-20b3-9005-cb04-ee3276a58fd4">
      <Execution id="4c85a7ce-e0dc-4822-9f68-e175d2b1dfca" />
      <TestMethod codeBase="C:\Workspace\GitHub\AdventOfCode\2020.Tests\bin\Debug\netcoreapp3.1\2020.Tests.dll" adapterTypeName="executor://xunit/VsTestRunner2/netcoreapp" className="_2020.Tests.Days.Day1Tests" name="Part1" />
    </UnitTest>
    <UnitTest name="_2020.Tests.Days.Day13Tests.Part2_Pack(testCaseName: &quot;example1&quot;, _: &quot;295&quot;, expectedResult: &quot;1068781&quot;, fileContent: &quot;939\r\n7,13,x,x,59,x,31,19&quot;)" storage="c:\workspace\github\adventofcode\2020.tests\bin\debug\netcoreapp3.1\2020.tests.dll" id="56b8ecc6-4451-516f-e6ef-1f4a55f10fe8">
      <Execution id="6640e30f-26d2-4d3e-b622-b25c3305eee0" />
      <TestMethod codeBase="C:\Workspace\GitHub\AdventOfCode\2020.Tests\bin\Debug\netcoreapp3.1\2020.Tests.dll" adapterTypeName="executor://xunit/VsTestRunner2/netcoreapp" className="_2020.Tests.Days.Day13Tests" name="Part2_Pack" />
    </UnitTest>
    <UnitTest name="_2020.Tests.Days.Day11Tests.Part1_pack(testCaseName: &quot;puzzleinput&quot;, expectedResult: &quot;2310&quot;, _: &quot;2074&quot;, fileContent: &quot;LLLLLLLLLL.LLLLLLLL.LLLLLLLLLLLLL.LLLLL.LLLL.LL.L.&quot;...)" storage="c:\workspace\github\adventofcode\2020.tests\bin\debug\netcoreapp3.1\2020.tests.dll" id="ea350fd8-4960-b90d-698c-7f319b46d10e">
      <Execution id="23617949-cbb8-42dd-bb32-849b9afa7a25" />
      <TestMethod codeBase="C:\Workspace\GitHub\AdventOfCode\2020.Tests\bin\Debug\netcoreapp3.1\2020.Tests.dll" adapterTypeName="executor://xunit/VsTestRunner2/netcoreapp" className="_2020.Tests.Days.Day11Tests" name="Part1_pack" />
    </UnitTest>
    <UnitTest name="_2020.Tests.Days.Day5Tests.Part1_pack(testCaseName: &quot;mydata&quot;, expectedResult: &quot;998&quot;, _: &quot;676&quot;, fileContent: &quot;BFBBBBBLLR\r\nBBFFBBFRRL\r\nFBFBFFFRRL\r\nBBFFFBFR&quot;...)" storage="c:\workspace\github\adventofcode\2020.tests\bin\debug\netcoreapp3.1\2020.tests.dll" id="216f5805-6dfd-d79f-4066-e2138129ea68">
      <Execution id="814308b7-94f2-4772-832f-8e28637e3bbf" />
      <TestMethod codeBase="C:\Workspace\GitHub\AdventOfCode\2020.Tests\bin\Debug\netcoreapp3.1\2020.Tests.dll" adapterTypeName="executor://xunit/VsTestRunner2/netcoreapp" className="_2020.Tests.Days.Day5Tests" name="Part1_pack" />
    </UnitTest>
    <UnitTest name="_2020.Tests.Days.Day3Tests.Part2(fileContent: &quot;.#.......#...........#.........\r\n..##.......#.#.&quot;...)" storage="c:\workspace\github\adventofcode\2020.tests\bin\debug\netcoreapp3.1\2020.tests.dll" id="9e27424c-7bf4-a54a-a23f-62f6c33d62bb">
      <Execution id="2b109b21-de99-4af1-9f0b-27927b58d684" />
      <TestMethod codeBase="C:\Workspace\GitHub\AdventOfCode\2020.Tests\bin\Debug\netcoreapp3.1\2020.Tests.dll" adapterTypeName="executor://xunit/VsTestRunner2/netcoreapp" className="_2020.Tests.Days.Day3Tests" name="Part2" />
    </UnitTest>
    <UnitTest name="_2020.Tests.Days.Day3Tests.Move_Works(fileContent: &quot;.......\r\n...#...\r\n......#&quot;, coordinates: [0, 0, 3, 1], isTree: True)" storage="c:\workspace\github\adventofcode\2020.tests\bin\debug\netcoreapp3.1\2020.tests.dll" id="d36ee119-83d8-bc35-7ac6-7f5ac328dab5">
      <Execution id="ca4cd4b3-9e96-4f6c-8cc9-c03073cea819" />
      <TestMethod codeBase="C:\Workspace\GitHub\AdventOfCode\2020.Tests\bin\Debug\netcoreapp3.1\2020.Tests.dll" adapterTypeName="executor://xunit/VsTestRunner2/netcoreapp" className="_2020.Tests.Days.Day3Tests" name="Move_Works" />
    </UnitTest>
    <UnitTest name="_2020.Tests.Days.Day12Tests.Part2_Pack(testCaseName: &quot;puzzleinput&quot;, _: &quot;1565&quot;, expectedResult: &quot;78883&quot;, fileContent: &quot;E5\r\nR90\r\nE5\r\nL90\r\nF80\r\nL90\r\nE3\r\nN5\r&quot;...)" storage="c:\workspace\github\adventofcode\2020.tests\bin\debug\netcoreapp3.1\2020.tests.dll" id="1bd4918e-984f-4b09-f089-8b165ff131a6">
      <Execution id="232a0375-94e4-4617-a9e8-ce2d22dfe07c" />
      <TestMethod codeBase="C:\Workspace\GitHub\AdventOfCode\2020.Tests\bin\Debug\netcoreapp3.1\2020.Tests.dll" adapterTypeName="executor://xunit/VsTestRunner2/netcoreapp" className="_2020.Tests.Days.Day12Tests" name="Part2_Pack" />
    </UnitTest>
    <UnitTest name="_2020.Tests.Days.Day6Tests.Part1_pack(testCaseName: &quot;example1&quot;, expectedResult: &quot;11&quot;, _: &quot;6&quot;, fileContent: &quot;abc\r\n\r\na\r\nb\r\nc\r\n\r\nab\r\nac\r\n\r\na\r\&quot;...)" storage="c:\workspace\github\adventofcode\2020.tests\bin\debug\netcoreapp3.1\2020.tests.dll" id="dce4b7c0-81f4-b41c-94b9-afb06d0ad99d">
      <Execution id="3bf0956e-f721-4398-b11a-3c6a61c60e2f" />
      <TestMethod codeBase="C:\Workspace\GitHub\AdventOfCode\2020.Tests\bin\Debug\netcoreapp3.1\2020.Tests.dll" adapterTypeName="executor://xunit/VsTestRunner2/netcoreapp" className="_2020.Tests.Days.Day6Tests" name="Part1_pack" />
    </UnitTest>
    <UnitTest name="_2020.Tests.Days.Day9Tests.Part2_Pack(testCaseName: &quot;puzzleinput&quot;, _: &quot;41682220&quot;, preamble: &quot;25&quot;, expectedResult: &quot;5388976&quot;, fileContent: &quot;23\r\n3\r\n36\r\n14\r\n50\r\n8\r\n2\r\n44\r\n30\r\&quot;...)" storage="c:\workspace\github\adventofcode\2020.tests\bin\debug\netcoreapp3.1\2020.tests.dll" id="0b60d97b-b22a-43f0-3b65-c801f8f15e8d">
      <Execution id="e50b4106-977a-42ac-a434-91220a0483dd" />
      <TestMethod codeBase="C:\Workspace\GitHub\AdventOfCode\2020.Tests\bin\Debug\netcoreapp3.1\2020.Tests.dll" adapterTypeName="executor://xunit/VsTestRunner2/netcoreapp" className="_2020.Tests.Days.Day9Tests" name="Part2_Pack" />
    </UnitTest>
    <UnitTest name="_2020.Tests.Days.Day12Tests.Part1_pack(testCaseName: &quot;example1&quot;, expectedResult: &quot;25&quot;, _: &quot;286&quot;, fileContent: &quot;F10\r\nN3\r\nF7\r\nR90\r\nF11&quot;)" storage="c:\workspace\github\adventofcode\2020.tests\bin\debug\netcoreapp3.1\2020.tests.dll" id="d07cd30b-d230-d13b-93e4-5f93de4f56b2">
      <Execution id="6b4c8d8a-eca0-435a-a8ad-fd7a3223165c" />
      <TestMethod codeBase="C:\Workspace\GitHub\AdventOfCode\2020.Tests\bin\Debug\netcoreapp3.1\2020.Tests.dll" adapterTypeName="executor://xunit/VsTestRunner2/netcoreapp" className="_2020.Tests.Days.Day12Tests" name="Part1_pack" />
    </UnitTest>
    <UnitTest name="_2020.Tests.Days.Day3Tests.Move_Works(fileContent: &quot;.......\r\n...#...\r\n......#&quot;, coordinates: [3, 1, 6, 2], isTree: True)" storage="c:\workspace\github\adventofcode\2020.tests\bin\debug\netcoreapp3.1\2020.tests.dll" id="7deeee6f-5f68-e96c-55d2-19a70aab7c3d">
      <Execution id="9ea5eb5b-180d-400a-ae39-6067e03ad12a" />
      <TestMethod codeBase="C:\Workspace\GitHub\AdventOfCode\2020.Tests\bin\Debug\netcoreapp3.1\2020.Tests.dll" adapterTypeName="executor://xunit/VsTestRunner2/netcoreapp" className="_2020.Tests.Days.Day3Tests" name="Move_Works" />
    </UnitTest>
    <UnitTest name="_2020.Tests.Days.Day4Tests.Part2(fileContent: &quot;eyr:2027\r\nhcl:#602927\r\nhgt:186cm byr:1939 iyr:&quot;...)" storage="c:\workspace\github\adventofcode\2020.tests\bin\debug\netcoreapp3.1\2020.tests.dll" id="de2d88b7-cfd9-036b-e718-618c36e4686c">
      <Execution id="a8300479-2fdc-407d-b595-f80e9a1c8a8e" />
      <TestMethod codeBase="C:\Workspace\GitHub\AdventOfCode\2020.Tests\bin\Debug\netcoreapp3.1\2020.Tests.dll" adapterTypeName="executor://xunit/VsTestRunner2/netcoreapp" className="_2020.Tests.Days.Day4Tests" name="Part2" />
    </UnitTest>
    <UnitTest name="_2020.Tests.Days.Day6Tests.Part1_pack(testCaseName: &quot;puzzleinput&quot;, expectedResult: &quot;6551&quot;, _: &quot;3358&quot;, fileContent: &quot;nvlyak\r\nnyvha\r\nyaen\r\nqynia\r\n\r\nkend\r\nen&quot;...)" storage="c:\workspace\github\adventofcode\2020.tests\bin\debug\netcoreapp3.1\2020.tests.dll" id="f6865024-5e66-1a8c-8eaa-13d5eb300007">
      <Execution id="2636abbf-0e95-48ad-b12d-552680111268" />
      <TestMethod codeBase="C:\Workspace\GitHub\AdventOfCode\2020.Tests\bin\Debug\netcoreapp3.1\2020.Tests.dll" adapterTypeName="executor://xunit/VsTestRunner2/netcoreapp" className="_2020.Tests.Days.Day6Tests" name="Part1_pack" />
    </UnitTest>
    <UnitTest name="_2020.Tests.Days.Day4Tests.Part1_pack(testCaseName: &quot;invalid&quot;, expectedResult: &quot;4&quot;, _: &quot;0&quot;, fileContent: &quot;eyr:1972 cid:100\r\nhcl:#18171d ecl:amb hgt:170 pi&quot;...)" storage="c:\workspace\github\adventofcode\2020.tests\bin\debug\netcoreapp3.1\2020.tests.dll" id="7505053a-8388-b504-70a1-f4bcc9da9d25">
      <Execution id="8b61f14a-f076-4c40-a16e-85c250c90bc0" />
      <TestMethod codeBase="C:\Workspace\GitHub\AdventOfCode\2020.Tests\bin\Debug\netcoreapp3.1\2020.Tests.dll" adapterTypeName="executor://xunit/VsTestRunner2/netcoreapp" className="_2020.Tests.Days.Day4Tests" name="Part1_pack" />
    </UnitTest>
    <UnitTest name="_2020.Tests.Days.Day4Tests.Part1Example(fileContent: &quot;ecl:gry pid:860033327 eyr:2020 hcl:#fffffd\r\nbyr:&quot;...)" storage="c:\workspace\github\adventofcode\2020.tests\bin\debug\netcoreapp3.1\2020.tests.dll" id="fc6461b5-e450-3964-c0c6-8dde33d0fbf9">
      <Execution id="270c238b-f2f2-48fe-ac74-66c4fcaf7b4f" />
      <TestMethod codeBase="C:\Workspace\GitHub\AdventOfCode\2020.Tests\bin\Debug\netcoreapp3.1\2020.Tests.dll" adapterTypeName="executor://xunit/VsTestRunner2/netcoreapp" className="_2020.Tests.Days.Day4Tests" name="Part1Example" />
    </UnitTest>
    <UnitTest name="_2020.Tests.Days.Day3Tests.Move_Works(fileContent: &quot;.......\r\n...X...\r\n......X&quot;, coordinates: [0, 0, 3, 1], isTree: False)" storage="c:\workspace\github\adventofcode\2020.tests\bin\debug\netcoreapp3.1\2020.tests.dll" id="8146e86e-cd6b-cf36-e743-61cfc2778296">
      <Execution id="f823dc18-d7b2-4cf3-9ce2-17bca29b7a28" />
      <TestMethod codeBase="C:\Workspace\GitHub\AdventOfCode\2020.Tests\bin\Debug\netcoreapp3.1\2020.Tests.dll" adapterTypeName="executor://xunit/VsTestRunner2/netcoreapp" className="_2020.Tests.Days.Day3Tests" name="Move_Works" />
    </UnitTest>
    <UnitTest name="_2020.Tests.Days.Day3Tests.Part1_case3(fileContent: &quot;..##.......\r\n#...#...#..\r\n.#....#..#.\r\n..#.#&quot;...)" storage="c:\workspace\github\adventofcode\2020.tests\bin\debug\netcoreapp3.1\2020.tests.dll" id="e7fe6284-3fcb-b9cb-9a4e-f74cf392b140">
      <Execution id="608fa773-6e88-4a0e-af4d-ff7d3cbf2706" />
      <TestMethod codeBase="C:\Workspace\GitHub\AdventOfCode\2020.Tests\bin\Debug\netcoreapp3.1\2020.Tests.dll" adapterTypeName="executor://xunit/VsTestRunner2/netcoreapp" className="_2020.Tests.Days.Day3Tests" name="Part1_case3" />
    </UnitTest>
    <UnitTest name="_2020.Tests.Days.Day11Tests.Part2_Pack(testCaseName: &quot;example1&quot;, _: &quot;37&quot;, expectedResult: &quot;26&quot;, fileContent: &quot;L.LL.LL.LL\r\nLLLLLLL.LL\r\nL.L.L..L..\r\nLLLL.LL.&quot;...)" storage="c:\workspace\github\adventofcode\2020.tests\bin\debug\netcoreapp3.1\2020.tests.dll" id="32ed6bd8-e0af-dd5c-7f74-96ea03b7cf74">
      <Execution id="1a0cebd0-a9fd-4b11-9e4f-f71104a168fe" />
      <TestMethod codeBase="C:\Workspace\GitHub\AdventOfCode\2020.Tests\bin\Debug\netcoreapp3.1\2020.Tests.dll" adapterTypeName="executor://xunit/VsTestRunner2/netcoreapp" className="_2020.Tests.Days.Day11Tests" name="Part2_Pack" />
    </UnitTest>
    <UnitTest name="_2020.Tests.Days.Day3Tests.Part1_case2(fileContent: &quot;...\r\n#..&quot;)" storage="c:\workspace\github\adventofcode\2020.tests\bin\debug\netcoreapp3.1\2020.tests.dll" id="136cf6b3-49e2-8bb0-486f-d1f9a3983f12">
      <Execution id="97e4bde2-f838-464d-8a2a-45070fb69a30" />
      <TestMethod codeBase="C:\Workspace\GitHub\AdventOfCode\2020.Tests\bin\Debug\netcoreapp3.1\2020.Tests.dll" adapterTypeName="executor://xunit/VsTestRunner2/netcoreapp" className="_2020.Tests.Days.Day3Tests" name="Part1_case2" />
    </UnitTest>
  </TestDefinitions>
  <TestEntries>
    <TestEntry testId="375e425c-9b53-a326-01d6-888b92935a87" executionId="44152967-d87d-40b3-912a-6efa51b231e6" testListId="8c84fa94-04c1-424b-9868-57a2d4851a1d" />
    <TestEntry testId="32ed6bd8-e0af-dd5c-7f74-96ea03b7cf74" executionId="1a0cebd0-a9fd-4b11-9e4f-f71104a168fe" testListId="8c84fa94-04c1-424b-9868-57a2d4851a1d" />
    <TestEntry testId="5d9c47dd-439e-67ac-b1d4-8dc742348d44" executionId="88f8e0e0-bd3e-4a1a-8509-2e10b9df6f5c" testListId="8c84fa94-04c1-424b-9868-57a2d4851a1d" />
    <TestEntry testId="3e90431b-d28c-c271-ef23-978dcb2898e8" executionId="08d7f1f0-ce58-4f6e-a688-3dfc0e2aa089" testListId="8c84fa94-04c1-424b-9868-57a2d4851a1d" />
    <TestEntry testId="4d95249a-c4ec-74a6-909c-c074eed39474" executionId="3e22106c-fa9d-4b80-8e27-304959b8fe6f" testListId="8c84fa94-04c1-424b-9868-57a2d4851a1d" />
    <TestEntry testId="de573764-ea0d-8509-05be-8709ab895a61" executionId="efe1c87b-0131-4cb7-88d9-117be2002c30" testListId="8c84fa94-04c1-424b-9868-57a2d4851a1d" />
    <TestEntry testId="b27c9020-e789-a65d-c36f-5611503fe0b7" executionId="7d21226f-6897-4a50-8fb9-7c5a37e61daf" testListId="8c84fa94-04c1-424b-9868-57a2d4851a1d" />
    <TestEntry testId="159d3ea9-44fc-4aaa-9da0-18c06a48805e" executionId="79327249-58c9-4e0d-8bd0-d685d86546b4" testListId="8c84fa94-04c1-424b-9868-57a2d4851a1d" />
    <TestEntry testId="f6865024-5e66-1a8c-8eaa-13d5eb300007" executionId="2636abbf-0e95-48ad-b12d-552680111268" testListId="8c84fa94-04c1-424b-9868-57a2d4851a1d" />
    <TestEntry testId="9b48be43-b6dc-ab4a-e9b5-a0f0a0083d37" executionId="0293119c-43e3-45b6-9746-f4d1326d4824" testListId="8c84fa94-04c1-424b-9868-57a2d4851a1d" />
    <TestEntry testId="02ecd7ab-bcdf-e3ce-73c4-60d49e1f8cf1" executionId="28936a72-e733-4212-8616-7f50a0ea7c79" testListId="8c84fa94-04c1-424b-9868-57a2d4851a1d" />
    <TestEntry testId="b9a0883d-021b-16e7-be90-275f6000cc9d" executionId="7eb946f5-2f5c-4bbd-ba13-bf934f86c596" testListId="8c84fa94-04c1-424b-9868-57a2d4851a1d" />
    <TestEntry testId="d87515a5-cd25-21bb-1381-51ed2081f274" executionId="80da92dc-94e1-4d8d-9d4d-aa6a9f039522" testListId="8c84fa94-04c1-424b-9868-57a2d4851a1d" />
    <TestEntry testId="d07cd30b-d230-d13b-93e4-5f93de4f56b2" executionId="6b4c8d8a-eca0-435a-a8ad-fd7a3223165c" testListId="8c84fa94-04c1-424b-9868-57a2d4851a1d" />
    <TestEntry testId="4dc9e345-1e1c-7c56-ffd6-51f432d6c33b" executionId="b72cbee6-237f-4f86-bc4c-3f8d64b433ea" testListId="8c84fa94-04c1-424b-9868-57a2d4851a1d" />
    <TestEntry testId="0b60d97b-b22a-43f0-3b65-c801f8f15e8d" executionId="e50b4106-977a-42ac-a434-91220a0483dd" testListId="8c84fa94-04c1-424b-9868-57a2d4851a1d" />
    <TestEntry testId="9f0ccaf6-c07d-b20e-be6b-7733f88e5aab" executionId="b9a99950-cb10-4a96-bc60-28999a1aebaf" testListId="8c84fa94-04c1-424b-9868-57a2d4851a1d" />
    <TestEntry testId="136cf6b3-49e2-8bb0-486f-d1f9a3983f12" executionId="97e4bde2-f838-464d-8a2a-45070fb69a30" testListId="8c84fa94-04c1-424b-9868-57a2d4851a1d" />
    <TestEntry testId="26f20c36-20b3-9005-cb04-ee3276a58fd4" executionId="4c85a7ce-e0dc-4822-9f68-e175d2b1dfca" testListId="8c84fa94-04c1-424b-9868-57a2d4851a1d" />
    <TestEntry testId="dce4b7c0-81f4-b41c-94b9-afb06d0ad99d" executionId="3bf0956e-f721-4398-b11a-3c6a61c60e2f" testListId="8c84fa94-04c1-424b-9868-57a2d4851a1d" />
    <TestEntry testId="e3b45518-8d0a-2cd6-89ed-a43178b94cdf" executionId="4489c695-9bed-4b1e-a55e-9f4c11422d4a" testListId="8c84fa94-04c1-424b-9868-57a2d4851a1d" />
    <TestEntry testId="216f5805-6dfd-d79f-4066-e2138129ea68" executionId="814308b7-94f2-4772-832f-8e28637e3bbf" testListId="8c84fa94-04c1-424b-9868-57a2d4851a1d" />
    <TestEntry testId="e7fe6284-3fcb-b9cb-9a4e-f74cf392b140" executionId="608fa773-6e88-4a0e-af4d-ff7d3cbf2706" testListId="8c84fa94-04c1-424b-9868-57a2d4851a1d" />
    <TestEntry testId="bdaba18c-2c59-04ae-e240-7ebf7e7a64fb" executionId="36c79f8f-f7b2-435a-980c-041fc1befe54" testListId="8c84fa94-04c1-424b-9868-57a2d4851a1d" />
    <TestEntry testId="56b8ecc6-4451-516f-e6ef-1f4a55f10fe8" executionId="6640e30f-26d2-4d3e-b622-b25c3305eee0" testListId="8c84fa94-04c1-424b-9868-57a2d4851a1d" />
    <TestEntry testId="7505053a-8388-b504-70a1-f4bcc9da9d25" executionId="8b61f14a-f076-4c40-a16e-85c250c90bc0" testListId="8c84fa94-04c1-424b-9868-57a2d4851a1d" />
    <TestEntry testId="fc6461b5-e450-3964-c0c6-8dde33d0fbf9" executionId="270c238b-f2f2-48fe-ac74-66c4fcaf7b4f" testListId="8c84fa94-04c1-424b-9868-57a2d4851a1d" />
    <TestEntry testId="4884422f-a201-6166-d234-44d86f6dd8d3" executionId="6cd084ad-3599-48db-97b1-98b26cf32daf" testListId="8c84fa94-04c1-424b-9868-57a2d4851a1d" />
    <TestEntry testId="04f07e51-e06f-f9ef-687e-27f8f50cd69c" executionId="1e11f664-6842-4580-8ad5-49f2349d60b1" testListId="8c84fa94-04c1-424b-9868-57a2d4851a1d" />
    <TestEntry testId="1bd4918e-984f-4b09-f089-8b165ff131a6" executionId="232a0375-94e4-4617-a9e8-ce2d22dfe07c" testListId="8c84fa94-04c1-424b-9868-57a2d4851a1d" />
    <TestEntry testId="de2d88b7-cfd9-036b-e718-618c36e4686c" executionId="a8300479-2fdc-407d-b595-f80e9a1c8a8e" testListId="8c84fa94-04c1-424b-9868-57a2d4851a1d" />
    <TestEntry testId="6b95806a-569f-591e-33c5-cf371e97a169" executionId="e4fdd2cd-05b0-4e89-9676-73f069cefd37" testListId="8c84fa94-04c1-424b-9868-57a2d4851a1d" />
    <TestEntry testId="9fcb3a2b-27f0-5f22-0206-56c0549b9a84" executionId="5468c20b-dc9f-4523-a23b-7d1455844aa7" testListId="8c84fa94-04c1-424b-9868-57a2d4851a1d" />
    <TestEntry testId="8aed83a5-1388-ee14-1e01-687801be888e" executionId="b381c32a-8b11-45aa-83ea-246004f41c9b" testListId="8c84fa94-04c1-424b-9868-57a2d4851a1d" />
    <TestEntry testId="db94a0d2-a22c-8314-89a3-1a38e815913a" executionId="56e48e8c-64ca-4161-bd6e-c73716911cc2" testListId="8c84fa94-04c1-424b-9868-57a2d4851a1d" />
    <TestEntry testId="ea350fd8-4960-b90d-698c-7f319b46d10e" executionId="23617949-cbb8-42dd-bb32-849b9afa7a25" testListId="8c84fa94-04c1-424b-9868-57a2d4851a1d" />
    <TestEntry testId="de8b5722-7c80-d4eb-b97c-ebe57717fb6c" executionId="c2bd2c24-d52a-4320-b188-92200e1e11da" testListId="8c84fa94-04c1-424b-9868-57a2d4851a1d" />
    <TestEntry testId="d612b35d-eb74-c9d6-7c08-b6087fbf724b" executionId="a71a83ae-7b6b-4b00-9015-93ca351c0115" testListId="8c84fa94-04c1-424b-9868-57a2d4851a1d" />
    <TestEntry testId="26e5e629-8263-4046-5e10-c84b3539586e" executionId="5d5a5f1e-d78f-43f6-959e-4e13f2a7ab1b" testListId="8c84fa94-04c1-424b-9868-57a2d4851a1d" />
    <TestEntry testId="0ae8165c-5db8-2151-c07c-655806764c15" executionId="db4b07b4-b543-4394-8deb-eabf3beca192" testListId="8c84fa94-04c1-424b-9868-57a2d4851a1d" />
    <TestEntry testId="5cb521d9-b508-87d2-d6b3-9430721a3a5b" executionId="cd73bab0-2eaa-474a-ba85-980b34487801" testListId="8c84fa94-04c1-424b-9868-57a2d4851a1d" />
    <TestEntry testId="844a928f-443a-c27a-8ee8-10b193eadc8b" executionId="21edbd99-46f7-473e-a5b7-97992a488a34" testListId="8c84fa94-04c1-424b-9868-57a2d4851a1d" />
    <TestEntry testId="99b22c00-0b2b-9e79-261c-dcb39b52aa8e" executionId="0128a030-3ad6-423b-8e78-accd7ac2434b" testListId="8c84fa94-04c1-424b-9868-57a2d4851a1d" />
    <TestEntry testId="01c6738e-928f-12e9-002b-a3010d7f109b" executionId="6da75df2-ebc8-4ed0-9e07-27ccdc3dfa98" testListId="8c84fa94-04c1-424b-9868-57a2d4851a1d" />
    <TestEntry testId="b73fc7b5-5c4f-ce2b-029f-5099fc932df8" executionId="543ecc0c-77d5-4867-af12-d72936927d83" testListId="8c84fa94-04c1-424b-9868-57a2d4851a1d" />
    <TestEntry testId="d36ee119-83d8-bc35-7ac6-7f5ac328dab5" executionId="ca4cd4b3-9e96-4f6c-8cc9-c03073cea819" testListId="8c84fa94-04c1-424b-9868-57a2d4851a1d" />
    <TestEntry testId="9cf0cba5-172e-c153-e796-92c43fe8b799" executionId="01ff7a43-9056-484e-be88-c947aa881bee" testListId="8c84fa94-04c1-424b-9868-57a2d4851a1d" />
    <TestEntry testId="8146e86e-cd6b-cf36-e743-61cfc2778296" executionId="f823dc18-d7b2-4cf3-9ce2-17bca29b7a28" testListId="8c84fa94-04c1-424b-9868-57a2d4851a1d" />
    <TestEntry testId="9e27424c-7bf4-a54a-a23f-62f6c33d62bb" executionId="2b109b21-de99-4af1-9f0b-27927b58d684" testListId="8c84fa94-04c1-424b-9868-57a2d4851a1d" />
    <TestEntry testId="7e2b291f-4d36-b74a-6972-5466517a8596" executionId="3389c59e-3453-4674-a229-426b007eb732" testListId="8c84fa94-04c1-424b-9868-57a2d4851a1d" />
    <TestEntry testId="7deeee6f-5f68-e96c-55d2-19a70aab7c3d" executionId="9ea5eb5b-180d-400a-ae39-6067e03ad12a" testListId="8c84fa94-04c1-424b-9868-57a2d4851a1d" />
    <TestEntry testId="0f9af31d-0f66-fa47-7811-06be3c347ad8" executionId="dda35a7e-3add-4e03-96d0-1695d797466e" testListId="8c84fa94-04c1-424b-9868-57a2d4851a1d" />
    <TestEntry testId="5670067d-1cf3-a96b-1c13-3fd4f02d341b" executionId="445fc09e-1619-46d1-bbff-9ad474a9f7c9" testListId="8c84fa94-04c1-424b-9868-57a2d4851a1d" />
    <TestEntry testId="edfee89c-6991-817a-4b5f-507b7c5607c8" executionId="320113b9-3538-45c1-b2f8-0ba2e4575858" testListId="8c84fa94-04c1-424b-9868-57a2d4851a1d" />
    <TestEntry testId="0a2c2f88-73a7-a432-398b-2f86564fd773" executionId="2db66e8c-bab0-4977-9402-393132a4a630" testListId="8c84fa94-04c1-424b-9868-57a2d4851a1d" />
    <TestEntry testId="9d63c5ca-cd81-dfa2-45c3-bef99b47c927" executionId="d97120fa-b578-4e91-818c-2efb6a623c23" testListId="8c84fa94-04c1-424b-9868-57a2d4851a1d" />
    <TestEntry testId="0e0b30c5-6422-25c8-2172-d67c44a7d25d" executionId="8f9a59a4-b9dd-4232-9bf0-69ca457d801f" testListId="8c84fa94-04c1-424b-9868-57a2d4851a1d" />
    <TestEntry testId="2cc010d6-e101-5b64-2847-d92eb3aca667" executionId="9301c07f-f654-4f98-afe3-0c8540495b8a" testListId="8c84fa94-04c1-424b-9868-57a2d4851a1d" />
    <TestEntry testId="b2758025-0ea6-8920-1ed3-b47e23fd5591" executionId="4d371ab9-2712-4e70-b5a2-7e5a209d2db7" testListId="8c84fa94-04c1-424b-9868-57a2d4851a1d" />
    <TestEntry testId="db9d81cc-9f3b-68f2-2d29-410e4425b6d1" executionId="50cc4c80-433b-451b-b8b2-c8f4696c6c67" testListId="8c84fa94-04c1-424b-9868-57a2d4851a1d" />
    <TestEntry testId="f7e40ddb-a284-7426-9379-70e1c4cc7afa" executionId="aa0baa6a-d9c4-4f34-8937-f0393f600687" testListId="8c84fa94-04c1-424b-9868-57a2d4851a1d" />
  </TestEntries>
  <TestLists>
    <TestList name="Wyniki, których nie ma na liście" id="8c84fa94-04c1-424b-9868-57a2d4851a1d" />
    <TestList name="Wszystkie załadowane wyniki" id="19431567-8539-422a-85d7-44ee4e166bda" />
  </TestLists>
  <ResultSummary outcome="Completed">
    <Counters total="61" executed="61" passed="61" failed="0" error="0" timeout="0" aborted="0" inconclusive="0" passedButRunAborted="0" notRunnable="0" notExecuted="0" disconnected="0" warning="0" completed="0" inProgress="0" pending="0" />
    <Output>
      <StdOut>[xUnit.net 00:00:00.00] xUnit.net VSTest Adapter v2.4.3+1b45f5407b (64-bit .NET Core 3.1.9)&#xD;
[xUnit.net 00:00:00.36]   Discovering: 2020.Tests&#xD;
[xUnit.net 00:00:00.46]   Discovered:  2020.Tests&#xD;
[xUnit.net 00:00:00.46]   Starting:    2020.Tests&#xD;
[xUnit.net 00:00:02.19]   Finished:    2020.Tests&#xD;
</StdOut>
    </Output>
  </ResultSummary>
</TestRun>