<?xml version="1.0" encoding="utf-8"?>
<TestRun id="6e547a99-828d-4c8d-8ec7-0cbe2a01efca" name="pnaro@LAPTOP-35RG0TO8 2020-12-15 13:05:24" runUser="LAPTOP-35RG0TO8\pnaro" xmlns="http://microsoft.com/schemas/VisualStudio/TeamTest/2010">
  <Times creation="2020-12-15T13:05:24.7123953+01:00" queuing="2020-12-15T13:05:24.7123961+01:00" start="2020-12-15T13:05:23.5187266+01:00" finish="2020-12-15T13:05:26.3689678+01:00" />
  <TestSettings name="default" id="45819e4c-b350-4672-9954-a3d9887db4f0">
    <Deployment runDeploymentRoot="pnaro_LAPTOP-35RG0TO8_2020-12-15_13_05_24" />
  </TestSettings>
  <Results>
    <UnitTestResult executionId="a0354064-55d5-4773-ba41-b8f8eb0e97ea" testId="de2d88b7-cfd9-036b-e718-618c36e4686c" testName="_2020.Tests.Days.Day4Tests.Part2(fileContent: &quot;eyr:2027\r\nhcl:#602927\r\nhgt:186cm byr:1939 iyr:&quot;...)" computerName="LAPTOP-35RG0TO8" duration="00:00:00.0098204" startTime="2020-12-15T13:05:24.6954040+01:00" endTime="2020-12-15T13:05:24.6954042+01:00" testType="13cdc9d9-ddb5-4fa4-a97d-d965ccfc6d4b" outcome="Passed" testListId="8c84fa94-04c1-424b-9868-57a2d4851a1d" relativeResultsDirectory="a0354064-55d5-4773-ba41-b8f8eb0e97ea">
      <Output>
        <StdOut>answer for part 2 is: 194</StdOut>
      </Output>
    </UnitTestResult>
    <UnitTestResult executionId="c352e7aa-642c-4cd9-9fb3-35a466c3203d" testId="16df4b72-a1be-7d8a-175c-1e6c5237fc4e" testName="_2020.Tests.Days.Day14Tests.Part1_pack(testCaseName: &quot;example1&quot;, expectedResult: &quot;165&quot;, _: &quot;&quot;, fileContent: &quot;mask = XXXXXXXXXXXXXXXXXXXXXXXXXXXXX1XXXX0X\r\nmem&quot;...)" computerName="LAPTOP-35RG0TO8" duration="00:00:00.0000407" startTime="2020-12-15T13:05:24.6821964+01:00" endTime="2020-12-15T13:05:24.6821966+01:00" testType="13cdc9d9-ddb5-4fa4-a97d-d965ccfc6d4b" outcome="Passed" testListId="8c84fa94-04c1-424b-9868-57a2d4851a1d" relativeResultsDirectory="c352e7aa-642c-4cd9-9fb3-35a466c3203d" />
    <UnitTestResult executionId="711104de-62bf-471e-8024-68ce4436d42e" testId="de8b5722-7c80-d4eb-b97c-ebe57717fb6c" testName="_2020.Tests.Days.Day5Tests.Part1_pack(testCaseName: &quot;example1&quot;, expectedResult: &quot;820&quot;, _: &quot;&quot;, fileContent: &quot;BFFFBBFRRR\r\nFFFBBBFRRR\r\nBBFFBBFRLL&quot;)" computerName="LAPTOP-35RG0TO8" duration="00:00:00.0000170" startTime="2020-12-15T13:05:24.6995401+01:00" endTime="2020-12-15T13:05:24.6995406+01:00" testType="13cdc9d9-ddb5-4fa4-a97d-d965ccfc6d4b" outcome="Passed" testListId="8c84fa94-04c1-424b-9868-57a2d4851a1d" relativeResultsDirectory="711104de-62bf-471e-8024-68ce4436d42e" />
    <UnitTestResult executionId="2f11d1aa-8af9-4809-aa8a-d02623208c5a" testId="1bd4918e-984f-4b09-f089-8b165ff131a6" testName="_2020.Tests.Days.Day12Tests.Part2_Pack(testCaseName: &quot;puzzleinput&quot;, _: &quot;1565&quot;, expectedResult: &quot;78883&quot;, fileContent: &quot;E5\r\nR90\r\nE5\r\nL90\r\nF80\r\nL90\r\nE3\r\nN5\r&quot;...)" computerName="LAPTOP-35RG0TO8" duration="00:00:00.0206611" startTime="2020-12-15T13:05:24.6366591+01:00" endTime="2020-12-15T13:05:24.6368186+01:00" testType="13cdc9d9-ddb5-4fa4-a97d-d965ccfc6d4b" outcome="Passed" testListId="8c84fa94-04c1-424b-9868-57a2d4851a1d" relativeResultsDirectory="2f11d1aa-8af9-4809-aa8a-d02623208c5a" />
    <UnitTestResult executionId="e02c484c-f524-4d69-ad5f-5aea9b7e12d3" testId="ea350fd8-4960-b90d-698c-7f319b46d10e" testName="_2020.Tests.Days.Day11Tests.Part1_pack(testCaseName: &quot;puzzleinput&quot;, expectedResult: &quot;2310&quot;, _: &quot;2074&quot;, fileContent: &quot;LLLLLLLLLL.LLLLLLLL.LLLLLLLLLLLLL.LLLLL.LLLL.LL.L.&quot;...)" computerName="LAPTOP-35RG0TO8" duration="00:00:00.8226326" startTime="2020-12-15T13:05:26.3020075+01:00" endTime="2020-12-15T13:05:26.3020209+01:00" testType="13cdc9d9-ddb5-4fa4-a97d-d965ccfc6d4b" outcome="Passed" testListId="8c84fa94-04c1-424b-9868-57a2d4851a1d" relativeResultsDirectory="e02c484c-f524-4d69-ad5f-5aea9b7e12d3" />
    <UnitTestResult executionId="e4964c42-eb90-4658-ae74-10588e996c49" testId="4dc9e345-1e1c-7c56-ffd6-51f432d6c33b" testName="_2020.Tests.Days.Day9Tests.Part1_pack(testCaseName: &quot;example1&quot;, expectedResult: &quot;127&quot;, preamble: &quot;5&quot;, _: &quot;62&quot;, fileContent: &quot;35\r\n20\r\n15\r\n25\r\n47\r\n40\r\n62\r\n55\r\n65&quot;...)" computerName="LAPTOP-35RG0TO8" duration="00:00:00.0222250" startTime="2020-12-15T13:05:24.6996449+01:00" endTime="2020-12-15T13:05:24.6996452+01:00" testType="13cdc9d9-ddb5-4fa4-a97d-d965ccfc6d4b" outcome="Passed" testListId="8c84fa94-04c1-424b-9868-57a2d4851a1d" relativeResultsDirectory="e4964c42-eb90-4658-ae74-10588e996c49" />
    <UnitTestResult executionId="acbc6d58-fd4a-45d8-be20-decbb4df22cd" testId="edfee89c-6991-817a-4b5f-507b7c5607c8" testName="_2020.Tests.Days.Day8Tests.Part1_pack(testCaseName: &quot;example1&quot;, expectedResult: &quot;5&quot;, _: &quot;8&quot;, fileContent: &quot;nop +0\r\nacc +1\r\njmp +4\r\nacc +3\r\njmp -3\r\n&quot;...)" computerName="LAPTOP-35RG0TO8" duration="00:00:00.0003845" startTime="2020-12-15T13:05:24.6931812+01:00" endTime="2020-12-15T13:05:24.6931813+01:00" testType="13cdc9d9-ddb5-4fa4-a97d-d965ccfc6d4b" outcome="Passed" testListId="8c84fa94-04c1-424b-9868-57a2d4851a1d" relativeResultsDirectory="acbc6d58-fd4a-45d8-be20-decbb4df22cd" />
    <UnitTestResult executionId="c6856965-53d6-4762-a611-8f76190e6903" testId="136cf6b3-49e2-8bb0-486f-d1f9a3983f12" testName="_2020.Tests.Days.Day3Tests.Part1_case2(fileContent: &quot;...\r\n#..&quot;)" computerName="LAPTOP-35RG0TO8" duration="00:00:00.0080175" startTime="2020-12-15T13:05:24.6913828+01:00" endTime="2020-12-15T13:05:24.6913830+01:00" testType="13cdc9d9-ddb5-4fa4-a97d-d965ccfc6d4b" outcome="Passed" testListId="8c84fa94-04c1-424b-9868-57a2d4851a1d" relativeResultsDirectory="c6856965-53d6-4762-a611-8f76190e6903">
      <Output>
        <StdOut>answer for part 1 is: 1</StdOut>
      </Output>
    </UnitTestResult>
    <UnitTestResult executionId="0772a635-f9f4-4527-8341-73f58b6669e1" testId="b27c9020-e789-a65d-c36f-5611503fe0b7" testName="_2020.Tests.Days.Day8Tests.Part1_pack(testCaseName: &quot;puzzleinput&quot;, expectedResult: &quot;2051&quot;, _: &quot;2304&quot;, fileContent: &quot;jmp +583\r\nacc +9\r\njmp +525\r\njmp +302\r\njmp &quot;...)" computerName="LAPTOP-35RG0TO8" duration="00:00:00.0002306" startTime="2020-12-15T13:05:24.6932445+01:00" endTime="2020-12-15T13:05:24.6932447+01:00" testType="13cdc9d9-ddb5-4fa4-a97d-d965ccfc6d4b" outcome="Passed" testListId="8c84fa94-04c1-424b-9868-57a2d4851a1d" relativeResultsDirectory="0772a635-f9f4-4527-8341-73f58b6669e1" />
    <UnitTestResult executionId="240bcece-0955-4da2-be18-7aa824a6b0ba" testId="9e27424c-7bf4-a54a-a23f-62f6c33d62bb" testName="_2020.Tests.Days.Day3Tests.Part2(fileContent: &quot;.#.......#...........#.........\r\n..##.......#.#.&quot;...)" computerName="LAPTOP-35RG0TO8" duration="00:00:00.0178962" startTime="2020-12-15T13:05:24.6953456+01:00" endTime="2020-12-15T13:05:24.6953459+01:00" testType="13cdc9d9-ddb5-4fa4-a97d-d965ccfc6d4b" outcome="Passed" testListId="8c84fa94-04c1-424b-9868-57a2d4851a1d" relativeResultsDirectory="240bcece-0955-4da2-be18-7aa824a6b0ba">
      <Output>
        <StdOut>answer for part 2 is: 1574890240</StdOut>
      </Output>
    </UnitTestResult>
    <UnitTestResult executionId="3385ac2f-2fdb-4d10-979a-3f11009225ed" testId="8aed83a5-1388-ee14-1e01-687801be888e" testName="_2020.Tests.Days.Day4Tests.Part1_pack(testCaseName: &quot;valid&quot;, expectedResult: &quot;4&quot;, _: &quot;4&quot;, fileContent: &quot;pid:087499704 hgt:74in ecl:grn iyr:2012 eyr:2030 b&quot;...)" computerName="LAPTOP-35RG0TO8" duration="00:00:00.0207908" startTime="2020-12-15T13:05:24.6524122+01:00" endTime="2020-12-15T13:05:24.6524125+01:00" testType="13cdc9d9-ddb5-4fa4-a97d-d965ccfc6d4b" outcome="Passed" testListId="8c84fa94-04c1-424b-9868-57a2d4851a1d" relativeResultsDirectory="3385ac2f-2fdb-4d10-979a-3f11009225ed" />
    <UnitTestResult executionId="26673b11-119c-4fc4-be55-7d9e7abd0d6e" testId="b9a0883d-021b-16e7-be90-275f6000cc9d" testName="_2020.Tests.Days.Day2Tests.Part1(fileContent: &quot;1-5 k: kkkkhkkkkkkkkkk\r\n5-7 k: blkqhtxfgktdkxzkk&quot;...)" computerName="LAPTOP-35RG0TO8" duration="00:00:00.0205488" startTime="2020-12-15T13:05:24.6528423+01:00" endTime="2020-12-15T13:05:24.6528433+01:00" testType="13cdc9d9-ddb5-4fa4-a97d-d965ccfc6d4b" outcome="Passed" testListId="8c84fa94-04c1-424b-9868-57a2d4851a1d" relativeResultsDirectory="26673b11-119c-4fc4-be55-7d9e7abd0d6e">
      <Output>
        <StdOut>answer for part 1 is: 519</StdOut>
      </Output>
    </UnitTestResult>
    <UnitTestResult executionId="e3b2b811-9263-44fc-9c36-50b39e899ef9" testId="0ae8165c-5db8-2151-c07c-655806764c15" testName="_2020.Tests.Days.Day6Tests.Part2_Pack(testCaseName: &quot;puzzleinput&quot;, _: &quot;6551&quot;, expectedResult: &quot;3358&quot;, fileContent: &quot;nvlyak\r\nnyvha\r\nyaen\r\nqynia\r\n\r\nkend\r\nen&quot;...)" computerName="LAPTOP-35RG0TO8" duration="00:00:00.0023212" startTime="2020-12-15T13:05:24.6866116+01:00" endTime="2020-12-15T13:05:24.6866119+01:00" testType="13cdc9d9-ddb5-4fa4-a97d-d965ccfc6d4b" outcome="Passed" testListId="8c84fa94-04c1-424b-9868-57a2d4851a1d" relativeResultsDirectory="e3b2b811-9263-44fc-9c36-50b39e899ef9" />
    <UnitTestResult executionId="16727082-8492-4701-8912-11671d263cbf" testId="844a928f-443a-c27a-8ee8-10b193eadc8b" testName="_2020.Tests.Days.Day7Tests.Part2_Pack(testCaseName: &quot;example2&quot;, _: &quot;&quot;, expectedResult: &quot;126&quot;, fileContent: &quot;shiny gold bags contain 2 dark red bags.\r\ndark r&quot;...)" computerName="LAPTOP-35RG0TO8" duration="00:00:00.0399664" startTime="2020-12-15T13:05:24.6914276+01:00" endTime="2020-12-15T13:05:24.6914279+01:00" testType="13cdc9d9-ddb5-4fa4-a97d-d965ccfc6d4b" outcome="Passed" testListId="8c84fa94-04c1-424b-9868-57a2d4851a1d" relativeResultsDirectory="16727082-8492-4701-8912-11671d263cbf" />
    <UnitTestResult executionId="21959346-3258-4b79-9aa0-9c18f577cf09" testId="26e5e629-8263-4046-5e10-c84b3539586e" testName="_2020.Tests.Days.Day2Tests.Part2(fileContent: &quot;1-5 k: kkkkhkkkkkkkkkk\r\n5-7 k: blkqhtxfgktdkxzkk&quot;...)" computerName="LAPTOP-35RG0TO8" duration="00:00:00.0085949" startTime="2020-12-15T13:05:24.6914661+01:00" endTime="2020-12-15T13:05:24.6914663+01:00" testType="13cdc9d9-ddb5-4fa4-a97d-d965ccfc6d4b" outcome="Passed" testListId="8c84fa94-04c1-424b-9868-57a2d4851a1d" relativeResultsDirectory="21959346-3258-4b79-9aa0-9c18f577cf09">
      <Output>
        <StdOut>answer for part 2 is: 708</StdOut>
      </Output>
    </UnitTestResult>
    <UnitTestResult executionId="3a1f36a7-ad56-4875-bb54-cec24a550ec5" testId="99b22c00-0b2b-9e79-261c-dcb39b52aa8e" testName="_2020.Tests.Days.Day3Tests.Part1(fileContent: &quot;.#.......#...........#.........\r\n..##.......#.#.&quot;...)" computerName="LAPTOP-35RG0TO8" duration="00:00:00.0002117" startTime="2020-12-15T13:05:24.6970786+01:00" endTime="2020-12-15T13:05:24.6970790+01:00" testType="13cdc9d9-ddb5-4fa4-a97d-d965ccfc6d4b" outcome="Passed" testListId="8c84fa94-04c1-424b-9868-57a2d4851a1d" relativeResultsDirectory="3a1f36a7-ad56-4875-bb54-cec24a550ec5">
      <Output>
        <StdOut>answer for part 1 is: 209</StdOut>
      </Output>
    </UnitTestResult>
    <UnitTestResult executionId="c9283421-3946-4006-88fa-b863578c187e" testId="fc6461b5-e450-3964-c0c6-8dde33d0fbf9" testName="_2020.Tests.Days.Day4Tests.Part1Example(fileContent: &quot;ecl:gry pid:860033327 eyr:2020 hcl:#fffffd\r\nbyr:&quot;...)" computerName="LAPTOP-35RG0TO8" duration="00:00:00.0036359" startTime="2020-12-15T13:05:24.6915264+01:00" endTime="2020-12-15T13:05:24.6915267+01:00" testType="13cdc9d9-ddb5-4fa4-a97d-d965ccfc6d4b" outcome="Passed" testListId="8c84fa94-04c1-424b-9868-57a2d4851a1d" relativeResultsDirectory="c9283421-3946-4006-88fa-b863578c187e">
      <Output>
        <StdOut>answer for part 1 is: 2</StdOut>
      </Output>
    </UnitTestResult>
    <UnitTestResult executionId="2020ac17-7249-4425-981d-d9379b009818" testId="7df7f244-2fd3-a955-75ef-80b7d924f8e2" testName="_2020.Tests.Days.Day14Tests.Part2_Pack(testCaseName: &quot;example2&quot;, _: &quot;51&quot;, expectedResult: &quot;208&quot;, fileContent: &quot;mask = 000000000000000000000000000000X1001X\r\nmem&quot;...)" computerName="LAPTOP-35RG0TO8" duration="00:00:00.0000587" startTime="2020-12-15T13:05:24.8623154+01:00" endTime="2020-12-15T13:05:24.8623160+01:00" testType="13cdc9d9-ddb5-4fa4-a97d-d965ccfc6d4b" outcome="Passed" testListId="8c84fa94-04c1-424b-9868-57a2d4851a1d" relativeResultsDirectory="2020ac17-7249-4425-981d-d9379b009818" />
    <UnitTestResult executionId="2d0ecc85-7782-4e7f-b36d-35ffb894a772" testId="c8eb35de-3806-7a84-c356-ef8a1ba0e171" testName="_2020.Tests.Days.Day14Tests.Part2_Pack(testCaseName: &quot;puzzleinput&quot;, _: &quot;13496669152158&quot;, expectedResult: &quot;3278997609887&quot;, fileContent: &quot;mask = 01111X0011X11110XX11X110111001X00001\r\nmem&quot;...)" computerName="LAPTOP-35RG0TO8" duration="00:00:00.2235348" startTime="2020-12-15T13:05:24.8604678+01:00" endTime="2020-12-15T13:05:24.8604701+01:00" testType="13cdc9d9-ddb5-4fa4-a97d-d965ccfc6d4b" outcome="Passed" testListId="8c84fa94-04c1-424b-9868-57a2d4851a1d" relativeResultsDirectory="2d0ecc85-7782-4e7f-b36d-35ffb894a772" />
    <UnitTestResult executionId="d28b80a9-16fe-4050-bd75-83e9028e12e6" testId="d612b35d-eb74-c9d6-7c08-b6087fbf724b" testName="_2020.Tests.Days.Day13Tests.Part1_pack(testCaseName: &quot;puzzleinput&quot;, expectedResult: &quot;4135&quot;, _: &quot;640856202464541&quot;, fileContent: &quot;1011416\r\n41,x,x,x,x,x,x,x,x,x,x,x,x,x,x,x,x,x,x,&quot;...)" computerName="LAPTOP-35RG0TO8" duration="00:00:00.0179243" startTime="2020-12-15T13:05:24.6952883+01:00" endTime="2020-12-15T13:05:24.6952886+01:00" testType="13cdc9d9-ddb5-4fa4-a97d-d965ccfc6d4b" outcome="Passed" testListId="8c84fa94-04c1-424b-9868-57a2d4851a1d" relativeResultsDirectory="d28b80a9-16fe-4050-bd75-83e9028e12e6" />
    <UnitTestResult executionId="7d7e446b-aa2a-4bb4-9636-d9ca7a2bf23e" testId="01c6738e-928f-12e9-002b-a3010d7f109b" testName="_2020.Tests.Days.Day8Tests.Part2_Pack(testCaseName: &quot;puzzleinput&quot;, _: &quot;2051&quot;, expectedResult: &quot;2304&quot;, fileContent: &quot;jmp +583\r\nacc +9\r\njmp +525\r\njmp +302\r\njmp &quot;...)" computerName="LAPTOP-35RG0TO8" duration="00:00:00.0160394" startTime="2020-12-15T13:05:24.6931438+01:00" endTime="2020-12-15T13:05:24.6931439+01:00" testType="13cdc9d9-ddb5-4fa4-a97d-d965ccfc6d4b" outcome="Passed" testListId="8c84fa94-04c1-424b-9868-57a2d4851a1d" relativeResultsDirectory="7d7e446b-aa2a-4bb4-9636-d9ca7a2bf23e" />
    <UnitTestResult executionId="f88aff6a-c400-450c-ba30-6beaff6d17fc" testId="5d9c47dd-439e-67ac-b1d4-8dc742348d44" testName="_2020.Tests.Days.Day10Tests.Part1_pack(testCaseName: &quot;example2&quot;, expectedResult: &quot;220&quot;, _: &quot;19208&quot;, fileContent: &quot;28\r\n33\r\n18\r\n42\r\n31\r\n14\r\n46\r\n20\r\n48&quot;...)" computerName="LAPTOP-35RG0TO8" duration="00:00:00.0000422" startTime="2020-12-15T13:05:24.6822536+01:00" endTime="2020-12-15T13:05:24.6822542+01:00" testType="13cdc9d9-ddb5-4fa4-a97d-d965ccfc6d4b" outcome="Passed" testListId="8c84fa94-04c1-424b-9868-57a2d4851a1d" relativeResultsDirectory="f88aff6a-c400-450c-ba30-6beaff6d17fc" />
    <UnitTestResult executionId="9867ae6f-1cbc-4152-9e19-3c0614e957fb" testId="8146e86e-cd6b-cf36-e743-61cfc2778296" testName="_2020.Tests.Days.Day3Tests.Move_Works(fileContent: &quot;.......\r\n...X...\r\n......X&quot;, coordinates: [0, 0, 3, 1], isTree: False)" computerName="LAPTOP-35RG0TO8" duration="00:00:00.0000086" startTime="2020-12-15T13:05:24.6823651+01:00" endTime="2020-12-15T13:05:24.6823654+01:00" testType="13cdc9d9-ddb5-4fa4-a97d-d965ccfc6d4b" outcome="Passed" testListId="8c84fa94-04c1-424b-9868-57a2d4851a1d" relativeResultsDirectory="9867ae6f-1cbc-4152-9e19-3c0614e957fb" />
    <UnitTestResult executionId="4edc39c1-24ac-4855-bd1c-6f50971a2c0d" testId="26f20c36-20b3-9005-cb04-ee3276a58fd4" testName="_2020.Tests.Days.Day1Tests.Part1(lines: &quot;1753\r\n1976\r\n1574\r\n308\r\n1384\r\n1191\r\n173&quot;...)" computerName="LAPTOP-35RG0TO8" duration="00:00:00.0068221" startTime="2020-12-15T13:05:24.6867891+01:00" endTime="2020-12-15T13:05:24.6867896+01:00" testType="13cdc9d9-ddb5-4fa4-a97d-d965ccfc6d4b" outcome="Passed" testListId="8c84fa94-04c1-424b-9868-57a2d4851a1d" relativeResultsDirectory="4edc39c1-24ac-4855-bd1c-6f50971a2c0d">
      <Output>
        <StdOut>answer for part 1 is: 989824</StdOut>
      </Output>
    </UnitTestResult>
    <UnitTestResult executionId="0aee7265-bf53-4a97-8576-b0f08dace6fc" testId="f7e40ddb-a284-7426-9379-70e1c4cc7afa" testName="_2020.Tests.Days.Day12Tests.Part1_pack(testCaseName: &quot;puzzleinput&quot;, expectedResult: &quot;1565&quot;, _: &quot;78883&quot;, fileContent: &quot;E5\r\nR90\r\nE5\r\nL90\r\nF80\r\nL90\r\nE3\r\nN5\r&quot;...)" computerName="LAPTOP-35RG0TO8" duration="00:00:00.0017181" startTime="2020-12-15T13:05:24.6867152+01:00" endTime="2020-12-15T13:05:24.6867154+01:00" testType="13cdc9d9-ddb5-4fa4-a97d-d965ccfc6d4b" outcome="Passed" testListId="8c84fa94-04c1-424b-9868-57a2d4851a1d" relativeResultsDirectory="0aee7265-bf53-4a97-8576-b0f08dace6fc" />
    <UnitTestResult executionId="301d1427-554e-4bdd-aca6-0d0514667408" testId="0b60d97b-b22a-43f0-3b65-c801f8f15e8d" testName="_2020.Tests.Days.Day9Tests.Part2_Pack(testCaseName: &quot;puzzleinput&quot;, _: &quot;41682220&quot;, preamble: &quot;25&quot;, expectedResult: &quot;5388976&quot;, fileContent: &quot;23\r\n3\r\n36\r\n14\r\n50\r\n8\r\n2\r\n44\r\n30\r\&quot;...)" computerName="LAPTOP-35RG0TO8" duration="00:00:00.0007785" startTime="2020-12-15T13:05:24.6997484+01:00" endTime="2020-12-15T13:05:24.6997487+01:00" testType="13cdc9d9-ddb5-4fa4-a97d-d965ccfc6d4b" outcome="Passed" testListId="8c84fa94-04c1-424b-9868-57a2d4851a1d" relativeResultsDirectory="301d1427-554e-4bdd-aca6-0d0514667408" />
    <UnitTestResult executionId="4c6df506-4431-4a17-bf18-62d147806da7" testId="5670067d-1cf3-a96b-1c13-3fd4f02d341b" testName="_2020.Tests.Days.Day5Tests.Part2_Pack(testCaseName: &quot;mydata&quot;, _: &quot;998&quot;, expectedResult: &quot;676&quot;, fileContent: &quot;BFBBBBBLLR\r\nBBFFBBFRRL\r\nFBFBFFFRRL\r\nBBFFFBFR&quot;...)" computerName="LAPTOP-35RG0TO8" duration="00:00:00.0065438" startTime="2020-12-15T13:05:24.6996033+01:00" endTime="2020-12-15T13:05:24.6996036+01:00" testType="13cdc9d9-ddb5-4fa4-a97d-d965ccfc6d4b" outcome="Passed" testListId="8c84fa94-04c1-424b-9868-57a2d4851a1d" relativeResultsDirectory="4c6df506-4431-4a17-bf18-62d147806da7" />
    <UnitTestResult executionId="12609f8b-74d2-4481-b1d1-2aa7b9fb167c" testId="db9d81cc-9f3b-68f2-2d29-410e4425b6d1" testName="_2020.Tests.Days.Day10Tests.Part2_Pack(testCaseName: &quot;example_small&quot;, _: &quot;12&quot;, expectedResult: &quot;4&quot;, fileContent: &quot;3\r\n4\r\n5\r\n8\r\n9\r\n10&quot;)" computerName="LAPTOP-35RG0TO8" duration="00:00:00.0000244" startTime="2020-12-15T13:05:24.6931209+01:00" endTime="2020-12-15T13:05:24.6931210+01:00" testType="13cdc9d9-ddb5-4fa4-a97d-d965ccfc6d4b" outcome="Passed" testListId="8c84fa94-04c1-424b-9868-57a2d4851a1d" relativeResultsDirectory="12609f8b-74d2-4481-b1d1-2aa7b9fb167c" />
    <UnitTestResult executionId="552ed3c4-c325-4fd1-ad4c-a7df94ebaa9b" testId="de573764-ea0d-8509-05be-8709ab895a61" testName="_2020.Tests.Days.Day4Tests.Part1(fileContent: &quot;eyr:2027\r\nhcl:#602927\r\nhgt:186cm byr:1939 iyr:&quot;...)" computerName="LAPTOP-35RG0TO8" duration="00:00:00.0051907" startTime="2020-12-15T13:05:24.6933030+01:00" endTime="2020-12-15T13:05:24.6933032+01:00" testType="13cdc9d9-ddb5-4fa4-a97d-d965ccfc6d4b" outcome="Passed" testListId="8c84fa94-04c1-424b-9868-57a2d4851a1d" relativeResultsDirectory="552ed3c4-c325-4fd1-ad4c-a7df94ebaa9b">
      <Output>
        <StdOut>answer for part 1 is: 235</StdOut>
      </Output>
    </UnitTestResult>
    <UnitTestResult executionId="438ac326-c533-498e-8609-3f1cbfbf5697" testId="6c059688-c465-f5a5-7144-0e70ce180f19" testName="_2020.Tests.Days.Day14Tests.Part1_pack(testCaseName: &quot;example2&quot;, expectedResult: &quot;51&quot;, _: &quot;208&quot;, fileContent: &quot;mask = 000000000000000000000000000000X1001X\r\nmem&quot;...)" computerName="LAPTOP-35RG0TO8" duration="00:00:00.0000705" startTime="2020-12-15T13:05:24.6799602+01:00" endTime="2020-12-15T13:05:24.6799605+01:00" testType="13cdc9d9-ddb5-4fa4-a97d-d965ccfc6d4b" outcome="Passed" testListId="8c84fa94-04c1-424b-9868-57a2d4851a1d" relativeResultsDirectory="438ac326-c533-498e-8609-3f1cbfbf5697" />
    <UnitTestResult executionId="a7d39f0a-a4d7-4374-9c61-4300c53736ae" testId="db94a0d2-a22c-8314-89a3-1a38e815913a" testName="_2020.Tests.Days.Day1Tests.Part2(lines: &quot;1753\r\n1976\r\n1574\r\n308\r\n1384\r\n1191\r\n173&quot;...)" computerName="LAPTOP-35RG0TO8" duration="00:00:00.0206796" startTime="2020-12-15T13:05:24.6523421+01:00" endTime="2020-12-15T13:05:24.6523425+01:00" testType="13cdc9d9-ddb5-4fa4-a97d-d965ccfc6d4b" outcome="Passed" testListId="8c84fa94-04c1-424b-9868-57a2d4851a1d" relativeResultsDirectory="a7d39f0a-a4d7-4374-9c61-4300c53736ae" />
    <UnitTestResult executionId="ec1e9cb0-081f-4783-aa06-c3d0259f576b" testId="2cc010d6-e101-5b64-2847-d92eb3aca667" testName="_2020.Tests.Days.Day10Tests.Part2_Pack(testCaseName: &quot;puzzleinput&quot;, _: &quot;2059&quot;, expectedResult: &quot;86812553324672&quot;, fileContent: &quot;77\r\n58\r\n25\r\n92\r\n14\r\n154\r\n105\r\n112\r\&quot;...)" computerName="LAPTOP-35RG0TO8" duration="00:00:00.0001013" startTime="2020-12-15T13:05:24.6930586+01:00" endTime="2020-12-15T13:05:24.6930587+01:00" testType="13cdc9d9-ddb5-4fa4-a97d-d965ccfc6d4b" outcome="Passed" testListId="8c84fa94-04c1-424b-9868-57a2d4851a1d" relativeResultsDirectory="ec1e9cb0-081f-4783-aa06-c3d0259f576b" />
    <UnitTestResult executionId="a581cd11-b61e-49a8-bc3d-ff0c5ce29d1a" testId="9f0ccaf6-c07d-b20e-be6b-7733f88e5aab" testName="_2020.Tests.Days.Day11Tests.Part1_pack(testCaseName: &quot;example1&quot;, expectedResult: &quot;37&quot;, _: &quot;26&quot;, fileContent: &quot;L.LL.LL.LL\r\nLLLLLLL.LL\r\nL.L.L..L..\r\nLLLL.LL.&quot;...)" computerName="LAPTOP-35RG0TO8" duration="00:00:00.0003630" startTime="2020-12-15T13:05:26.3025851+01:00" endTime="2020-12-15T13:05:26.3025860+01:00" testType="13cdc9d9-ddb5-4fa4-a97d-d965ccfc6d4b" outcome="Passed" testListId="8c84fa94-04c1-424b-9868-57a2d4851a1d" relativeResultsDirectory="a581cd11-b61e-49a8-bc3d-ff0c5ce29d1a" />
    <UnitTestResult executionId="3853d089-1710-4a93-b629-5d62e662c0f6" testId="216f5805-6dfd-d79f-4066-e2138129ea68" testName="_2020.Tests.Days.Day5Tests.Part1_pack(testCaseName: &quot;mydata&quot;, expectedResult: &quot;998&quot;, _: &quot;676&quot;, fileContent: &quot;BFBBBBBLLR\r\nBBFFBBFRRL\r\nFBFBFFFRRL\r\nBBFFFBFR&quot;...)" computerName="LAPTOP-35RG0TO8" duration="00:00:00.0085276" startTime="2020-12-15T13:05:24.6971879+01:00" endTime="2020-12-15T13:05:24.6971882+01:00" testType="13cdc9d9-ddb5-4fa4-a97d-d965ccfc6d4b" outcome="Passed" testListId="8c84fa94-04c1-424b-9868-57a2d4851a1d" relativeResultsDirectory="3853d089-1710-4a93-b629-5d62e662c0f6" />
    <UnitTestResult executionId="c9fa5faf-d3b0-470d-8de4-e46e08f2bc4d" testId="0a2c2f88-73a7-a432-398b-2f86564fd773" testName="_2020.Tests.Days.Day13Tests.Part1_pack(testCaseName: &quot;example1&quot;, expectedResult: &quot;295&quot;, _: &quot;1068781&quot;, fileContent: &quot;939\r\n7,13,x,x,59,x,31,19&quot;)" computerName="LAPTOP-35RG0TO8" duration="00:00:00.0000686" startTime="2020-12-15T13:05:24.6954291+01:00" endTime="2020-12-15T13:05:24.6954293+01:00" testType="13cdc9d9-ddb5-4fa4-a97d-d965ccfc6d4b" outcome="Passed" testListId="8c84fa94-04c1-424b-9868-57a2d4851a1d" relativeResultsDirectory="c9fa5faf-d3b0-470d-8de4-e46e08f2bc4d" />
    <UnitTestResult executionId="65bea505-3811-478c-b23b-f27ea4d15c12" testId="0e0b30c5-6422-25c8-2172-d67c44a7d25d" testName="_2020.Tests.Days.Day10Tests.Part1_pack(testCaseName: &quot;puzzleinput&quot;, expectedResult: &quot;2059&quot;, _: &quot;86812553324672&quot;, fileContent: &quot;77\r\n58\r\n25\r\n92\r\n14\r\n154\r\n105\r\n112\r\&quot;...)" computerName="LAPTOP-35RG0TO8" duration="00:00:00.0000758" startTime="2020-12-15T13:05:24.6820343+01:00" endTime="2020-12-15T13:05:24.6820353+01:00" testType="13cdc9d9-ddb5-4fa4-a97d-d965ccfc6d4b" outcome="Passed" testListId="8c84fa94-04c1-424b-9868-57a2d4851a1d" relativeResultsDirectory="65bea505-3811-478c-b23b-f27ea4d15c12" />
    <UnitTestResult executionId="b39bdba8-94b3-447f-9107-15db56c471bc" testId="7e2b291f-4d36-b74a-6972-5466517a8596" testName="_2020.Tests.Days.Day10Tests.Part2_Pack(testCaseName: &quot;example2&quot;, _: &quot;220&quot;, expectedResult: &quot;19208&quot;, fileContent: &quot;28\r\n33\r\n18\r\n42\r\n31\r\n14\r\n46\r\n20\r\n48&quot;...)" computerName="LAPTOP-35RG0TO8" duration="00:00:00.0000265" startTime="2020-12-15T13:05:24.6930908+01:00" endTime="2020-12-15T13:05:24.6930910+01:00" testType="13cdc9d9-ddb5-4fa4-a97d-d965ccfc6d4b" outcome="Passed" testListId="8c84fa94-04c1-424b-9868-57a2d4851a1d" relativeResultsDirectory="b39bdba8-94b3-447f-9107-15db56c471bc" />
    <UnitTestResult executionId="f1175e46-f137-4fe2-8b95-ab10e238338e" testId="56b8ecc6-4451-516f-e6ef-1f4a55f10fe8" testName="_2020.Tests.Days.Day13Tests.Part2_Pack(testCaseName: &quot;example1&quot;, _: &quot;295&quot;, expectedResult: &quot;1068781&quot;, fileContent: &quot;939\r\n7,13,x,x,59,x,31,19&quot;)" computerName="LAPTOP-35RG0TO8" duration="00:00:00.0000785" startTime="2020-12-15T13:05:24.6913274+01:00" endTime="2020-12-15T13:05:24.6913275+01:00" testType="13cdc9d9-ddb5-4fa4-a97d-d965ccfc6d4b" outcome="Passed" testListId="8c84fa94-04c1-424b-9868-57a2d4851a1d" relativeResultsDirectory="f1175e46-f137-4fe2-8b95-ab10e238338e" />
    <UnitTestResult executionId="1f8566d4-6c55-4ab5-83d6-1e1ddbc137ac" testId="d36ee119-83d8-bc35-7ac6-7f5ac328dab5" testName="_2020.Tests.Days.Day3Tests.Move_Works(fileContent: &quot;.......\r\n...#...\r\n......#&quot;, coordinates: [0, 0, 3, 1], isTree: True)" computerName="LAPTOP-35RG0TO8" duration="00:00:00.0000099" startTime="2020-12-15T13:05:24.6823056+01:00" endTime="2020-12-15T13:05:24.6823059+01:00" testType="13cdc9d9-ddb5-4fa4-a97d-d965ccfc6d4b" outcome="Passed" testListId="8c84fa94-04c1-424b-9868-57a2d4851a1d" relativeResultsDirectory="1f8566d4-6c55-4ab5-83d6-1e1ddbc137ac" />
    <UnitTestResult executionId="5ed6a5a8-6f4a-4c5a-a275-911cc7b9d539" testId="9fcb3a2b-27f0-5f22-0206-56c0549b9a84" testName="_2020.Tests.Days.Day6Tests.Part2_Pack(testCaseName: &quot;example1&quot;, _: &quot;11&quot;, expectedResult: &quot;6&quot;, fileContent: &quot;abc\r\n\r\na\r\nb\r\nc\r\n\r\nab\r\nac\r\n\r\na\r\&quot;...)" computerName="LAPTOP-35RG0TO8" duration="00:00:00.0226465" startTime="2020-12-15T13:05:24.6523602+01:00" endTime="2020-12-15T13:05:24.6523604+01:00" testType="13cdc9d9-ddb5-4fa4-a97d-d965ccfc6d4b" outcome="Passed" testListId="8c84fa94-04c1-424b-9868-57a2d4851a1d" relativeResultsDirectory="5ed6a5a8-6f4a-4c5a-a275-911cc7b9d539" />
    <UnitTestResult executionId="323031f2-6778-4fd6-91d3-00e6614249a4" testId="dce4b7c0-81f4-b41c-94b9-afb06d0ad99d" testName="_2020.Tests.Days.Day6Tests.Part1_pack(testCaseName: &quot;example1&quot;, expectedResult: &quot;11&quot;, _: &quot;6&quot;, fileContent: &quot;abc\r\n\r\na\r\nb\r\nc\r\n\r\nab\r\nac\r\n\r\na\r\&quot;...)" computerName="LAPTOP-35RG0TO8" duration="00:00:00.0000287" startTime="2020-12-15T13:05:24.6932562+01:00" endTime="2020-12-15T13:05:24.6932564+01:00" testType="13cdc9d9-ddb5-4fa4-a97d-d965ccfc6d4b" outcome="Passed" testListId="8c84fa94-04c1-424b-9868-57a2d4851a1d" relativeResultsDirectory="323031f2-6778-4fd6-91d3-00e6614249a4" />
    <UnitTestResult executionId="a9365128-7d46-4961-8663-4956cd3ecd19" testId="7505053a-8388-b504-70a1-f4bcc9da9d25" testName="_2020.Tests.Days.Day4Tests.Part1_pack(testCaseName: &quot;invalid&quot;, expectedResult: &quot;4&quot;, _: &quot;0&quot;, fileContent: &quot;eyr:1972 cid:100\r\nhcl:#18171d ecl:amb hgt:170 pi&quot;...)" computerName="LAPTOP-35RG0TO8" duration="00:00:00.0000657" startTime="2020-12-15T13:05:24.6798725+01:00" endTime="2020-12-15T13:05:24.6798729+01:00" testType="13cdc9d9-ddb5-4fa4-a97d-d965ccfc6d4b" outcome="Passed" testListId="8c84fa94-04c1-424b-9868-57a2d4851a1d" relativeResultsDirectory="a9365128-7d46-4961-8663-4956cd3ecd19" />
    <UnitTestResult executionId="f7ef2be0-d161-46d6-bd9b-d87f27c38391" testId="e3b45518-8d0a-2cd6-89ed-a43178b94cdf" testName="_2020.Tests.Days.Day9Tests.Part2_Pack(testCaseName: &quot;example1&quot;, _: &quot;127&quot;, preamble: &quot;5&quot;, expectedResult: &quot;62&quot;, fileContent: &quot;35\r\n20\r\n15\r\n25\r\n47\r\n40\r\n62\r\n55\r\n65&quot;...)" computerName="LAPTOP-35RG0TO8" duration="00:00:00.0000249" startTime="2020-12-15T13:05:24.6997948+01:00" endTime="2020-12-15T13:05:24.6997951+01:00" testType="13cdc9d9-ddb5-4fa4-a97d-d965ccfc6d4b" outcome="Passed" testListId="8c84fa94-04c1-424b-9868-57a2d4851a1d" relativeResultsDirectory="f7ef2be0-d161-46d6-bd9b-d87f27c38391" />
    <UnitTestResult executionId="a6de6eed-612c-491c-9f1e-c35858efd71f" testId="b2758025-0ea6-8920-1ed3-b47e23fd5591" testName="_2020.Tests.Days.Day10Tests.Part2_Pack(testCaseName: &quot;example1&quot;, _: &quot;35&quot;, expectedResult: &quot;8&quot;, fileContent: &quot;16\r\n10\r\n15\r\n5\r\n1\r\n11\r\n7\r\n19\r\n6\r\n&quot;...)" computerName="LAPTOP-35RG0TO8" duration="00:00:00.0148484" startTime="2020-12-15T13:05:24.6930186+01:00" endTime="2020-12-15T13:05:24.6930191+01:00" testType="13cdc9d9-ddb5-4fa4-a97d-d965ccfc6d4b" outcome="Passed" testListId="8c84fa94-04c1-424b-9868-57a2d4851a1d" relativeResultsDirectory="a6de6eed-612c-491c-9f1e-c35858efd71f" />
    <UnitTestResult executionId="8f3c8f8f-19eb-4a65-a535-adddbbf27d46" testId="d87515a5-cd25-21bb-1381-51ed2081f274" testName="_2020.Tests.Days.Day8Tests.Part2_Pack(testCaseName: &quot;example1&quot;, _: &quot;5&quot;, expectedResult: &quot;8&quot;, fileContent: &quot;nop +0\r\nacc +1\r\njmp +4\r\nacc +3\r\njmp -3\r\n&quot;...)" computerName="LAPTOP-35RG0TO8" duration="00:00:00.0218653" startTime="2020-12-15T13:05:24.6523127+01:00" endTime="2020-12-15T13:05:24.6523131+01:00" testType="13cdc9d9-ddb5-4fa4-a97d-d965ccfc6d4b" outcome="Passed" testListId="8c84fa94-04c1-424b-9868-57a2d4851a1d" relativeResultsDirectory="8f3c8f8f-19eb-4a65-a535-adddbbf27d46" />
    <UnitTestResult executionId="3f85dddb-a405-4adf-9cdb-c8c28b469055" testId="4d95249a-c4ec-74a6-909c-c074eed39474" testName="_2020.Tests.Days.Day10Tests.Part1_pack(testCaseName: &quot;example1&quot;, expectedResult: &quot;35&quot;, _: &quot;8&quot;, fileContent: &quot;16\r\n10\r\n15\r\n5\r\n1\r\n11\r\n7\r\n19\r\n6\r\n&quot;...)" computerName="LAPTOP-35RG0TO8" duration="00:00:00.0276918" startTime="2020-12-15T13:05:24.6523766+01:00" endTime="2020-12-15T13:05:24.6523768+01:00" testType="13cdc9d9-ddb5-4fa4-a97d-d965ccfc6d4b" outcome="Passed" testListId="8c84fa94-04c1-424b-9868-57a2d4851a1d" relativeResultsDirectory="3f85dddb-a405-4adf-9cdb-c8c28b469055" />
    <UnitTestResult executionId="a0fe0e5e-c2c7-4d2c-bafa-42c3516943b9" testId="9b48be43-b6dc-ab4a-e9b5-a0f0a0083d37" testName="_2020.Tests.Days.Day3Tests.Move_Works(fileContent: &quot;...\r\n#..&quot;, coordinates: [0, 0, 0, 1], isTree: True)" computerName="LAPTOP-35RG0TO8" duration="00:00:00.0000088" startTime="2020-12-15T13:05:24.6821792+01:00" endTime="2020-12-15T13:05:24.6821796+01:00" testType="13cdc9d9-ddb5-4fa4-a97d-d965ccfc6d4b" outcome="Passed" testListId="8c84fa94-04c1-424b-9868-57a2d4851a1d" relativeResultsDirectory="a0fe0e5e-c2c7-4d2c-bafa-42c3516943b9" />
    <UnitTestResult executionId="14967d00-ef9c-4096-8351-c0850219d1bb" testId="04f07e51-e06f-f9ef-687e-27f8f50cd69c" testName="_2020.Tests.Days.Day10Tests.Part1_pack(testCaseName: &quot;example_small&quot;, expectedResult: &quot;12&quot;, _: &quot;4&quot;, fileContent: &quot;3\r\n4\r\n5\r\n8\r\n9\r\n10&quot;)" computerName="LAPTOP-35RG0TO8" duration="00:00:00.0000585" startTime="2020-12-15T13:05:24.6796896+01:00" endTime="2020-12-15T13:05:24.6796905+01:00" testType="13cdc9d9-ddb5-4fa4-a97d-d965ccfc6d4b" outcome="Passed" testListId="8c84fa94-04c1-424b-9868-57a2d4851a1d" relativeResultsDirectory="14967d00-ef9c-4096-8351-c0850219d1bb" />
    <UnitTestResult executionId="4b254e7d-dc6b-4ee8-a075-13d6d1fe997b" testId="6b95806a-569f-591e-33c5-cf371e97a169" testName="_2020.Tests.Days.Day7Tests.Part1_pack(testCaseName: &quot;puzzleinput&quot;, expectedResult: &quot;335&quot;, _: &quot;2431&quot;, fileContent: &quot;dim silver bags contain 3 posh fuchsia bags.\r\nwa&quot;...)" computerName="LAPTOP-35RG0TO8" duration="00:00:00.0121346" startTime="2020-12-15T13:05:24.6999067+01:00" endTime="2020-12-15T13:05:24.6999070+01:00" testType="13cdc9d9-ddb5-4fa4-a97d-d965ccfc6d4b" outcome="Passed" testListId="8c84fa94-04c1-424b-9868-57a2d4851a1d" relativeResultsDirectory="4b254e7d-dc6b-4ee8-a075-13d6d1fe997b" />
    <UnitTestResult executionId="6674eb72-4fe6-4087-8fed-9cd23044ca60" testId="375e425c-9b53-a326-01d6-888b92935a87" testName="_2020.Tests.Days.Day7Tests.Part1_pack(testCaseName: &quot;example1&quot;, expectedResult: &quot;4&quot;, _: &quot;&quot;, fileContent: &quot;light red bags contain 1 bright white bag, 2 muted&quot;...)" computerName="LAPTOP-35RG0TO8" duration="00:00:00.0001080" startTime="2020-12-15T13:05:24.6999533+01:00" endTime="2020-12-15T13:05:24.6999535+01:00" testType="13cdc9d9-ddb5-4fa4-a97d-d965ccfc6d4b" outcome="Passed" testListId="8c84fa94-04c1-424b-9868-57a2d4851a1d" relativeResultsDirectory="6674eb72-4fe6-4087-8fed-9cd23044ca60" />
    <UnitTestResult executionId="c8d40a07-61e3-4a56-893a-cfc93636a90c" testId="159d3ea9-44fc-4aaa-9da0-18c06a48805e" testName="_2020.Tests.Days.Day4Tests.Part2_Pack(testCaseName: &quot;valid&quot;, _: &quot;4&quot;, expectedResult: &quot;4&quot;, fileContent: &quot;pid:087499704 hgt:74in ecl:grn iyr:2012 eyr:2030 b&quot;...)" computerName="LAPTOP-35RG0TO8" duration="00:00:00.0043197" startTime="2020-12-15T13:05:24.6868187+01:00" endTime="2020-12-15T13:05:24.6868190+01:00" testType="13cdc9d9-ddb5-4fa4-a97d-d965ccfc6d4b" outcome="Passed" testListId="8c84fa94-04c1-424b-9868-57a2d4851a1d" relativeResultsDirectory="c8d40a07-61e3-4a56-893a-cfc93636a90c" />
    <UnitTestResult executionId="b8d6088a-bce9-41f2-b46e-681e85fa994e" testId="b73fc7b5-5c4f-ce2b-029f-5099fc932df8" testName="_2020.Tests.Days.Day9Tests.Part1_pack(testCaseName: &quot;puzzleinput&quot;, expectedResult: &quot;41682220&quot;, preamble: &quot;25&quot;, _: &quot;5388976&quot;, fileContent: &quot;23\r\n3\r\n36\r\n14\r\n50\r\n8\r\n2\r\n44\r\n30\r\&quot;...)" computerName="LAPTOP-35RG0TO8" duration="00:00:00.0002535" startTime="2020-12-15T13:05:24.6996915+01:00" endTime="2020-12-15T13:05:24.6996917+01:00" testType="13cdc9d9-ddb5-4fa4-a97d-d965ccfc6d4b" outcome="Passed" testListId="8c84fa94-04c1-424b-9868-57a2d4851a1d" relativeResultsDirectory="b8d6088a-bce9-41f2-b46e-681e85fa994e" />
    <UnitTestResult executionId="4f609935-8642-43a6-b662-71b2893b84f3" testId="9c6adfa0-dd3c-9e72-a127-4e1805362479" testName="_2020.Tests.Days.Day14Tests.Part1_pack(testCaseName: &quot;puzzleinput&quot;, expectedResult: &quot;13496669152158&quot;, _: &quot;3278997609887&quot;, fileContent: &quot;mask = 01111X0011X11110XX11X110111001X00001\r\nmem&quot;...)" computerName="LAPTOP-35RG0TO8" duration="00:00:00.0253509" startTime="2020-12-15T13:05:24.6522540+01:00" endTime="2020-12-15T13:05:24.6522552+01:00" testType="13cdc9d9-ddb5-4fa4-a97d-d965ccfc6d4b" outcome="Passed" testListId="8c84fa94-04c1-424b-9868-57a2d4851a1d" relativeResultsDirectory="4f609935-8642-43a6-b662-71b2893b84f3" />
    <UnitTestResult executionId="4ca8a88d-12fa-4e0e-81b8-12c641493ab0" testId="3e90431b-d28c-c271-ef23-978dcb2898e8" testName="_2020.Tests.Days.Day3Tests.Move_Works(fileContent: &quot;...\r\nX..&quot;, coordinates: [0, 0, 0, 1], isTree: False)" computerName="LAPTOP-35RG0TO8" duration="00:00:00.0199432" startTime="2020-12-15T13:05:24.6523985+01:00" endTime="2020-12-15T13:05:24.6523988+01:00" testType="13cdc9d9-ddb5-4fa4-a97d-d965ccfc6d4b" outcome="Passed" testListId="8c84fa94-04c1-424b-9868-57a2d4851a1d" relativeResultsDirectory="4ca8a88d-12fa-4e0e-81b8-12c641493ab0" />
    <UnitTestResult executionId="dc6a0b9b-9e6f-42d4-9ba3-3a3ffbb9bb8b" testId="9d63c5ca-cd81-dfa2-45c3-bef99b47c927" testName="_2020.Tests.Days.Day3Tests.Part2_TC3(fileContent: &quot;..##.......\r\n#...#...#..\r\n.#....#..#.\r\n..#.#&quot;...)" computerName="LAPTOP-35RG0TO8" duration="00:00:00.0001296" startTime="2020-12-15T13:05:24.6971437+01:00" endTime="2020-12-15T13:05:24.6971440+01:00" testType="13cdc9d9-ddb5-4fa4-a97d-d965ccfc6d4b" outcome="Passed" testListId="8c84fa94-04c1-424b-9868-57a2d4851a1d" relativeResultsDirectory="dc6a0b9b-9e6f-42d4-9ba3-3a3ffbb9bb8b" />
    <UnitTestResult executionId="bc48b787-d837-4730-93f8-b50d20a64728" testId="7deeee6f-5f68-e96c-55d2-19a70aab7c3d" testName="_2020.Tests.Days.Day3Tests.Move_Works(fileContent: &quot;.......\r\n...#...\r\n......#&quot;, coordinates: [3, 1, 6, 2], isTree: True)" computerName="LAPTOP-35RG0TO8" duration="00:00:00.0000396" startTime="2020-12-15T13:05:24.6820785+01:00" endTime="2020-12-15T13:05:24.6820789+01:00" testType="13cdc9d9-ddb5-4fa4-a97d-d965ccfc6d4b" outcome="Passed" testListId="8c84fa94-04c1-424b-9868-57a2d4851a1d" relativeResultsDirectory="bc48b787-d837-4730-93f8-b50d20a64728" />
    <UnitTestResult executionId="1ec1ba28-3498-432d-8a8b-73e022c29e3e" testId="4884422f-a201-6166-d234-44d86f6dd8d3" testName="_2020.Tests.Days.Day3Tests.Move_Works(fileContent: &quot;.......\r\n...X...\r\n......X&quot;, coordinates: [3, 1, 6, 2], isTree: False)" computerName="LAPTOP-35RG0TO8" duration="00:00:00.0000090" startTime="2020-12-15T13:05:24.6824254+01:00" endTime="2020-12-15T13:05:24.6824257+01:00" testType="13cdc9d9-ddb5-4fa4-a97d-d965ccfc6d4b" outcome="Passed" testListId="8c84fa94-04c1-424b-9868-57a2d4851a1d" relativeResultsDirectory="1ec1ba28-3498-432d-8a8b-73e022c29e3e" />
    <UnitTestResult executionId="386b5442-deaf-48fe-a828-889727316711" testId="0f9af31d-0f66-fa47-7811-06be3c347ad8" testName="_2020.Tests.Days.Day4Tests.Part2_Pack(testCaseName: &quot;invalid&quot;, _: &quot;4&quot;, expectedResult: &quot;0&quot;, fileContent: &quot;eyr:1972 cid:100\r\nhcl:#18171d ecl:amb hgt:170 pi&quot;...)" computerName="LAPTOP-35RG0TO8" duration="00:00:00.0027005" startTime="2020-12-15T13:05:24.6866736+01:00" endTime="2020-12-15T13:05:24.6866738+01:00" testType="13cdc9d9-ddb5-4fa4-a97d-d965ccfc6d4b" outcome="Passed" testListId="8c84fa94-04c1-424b-9868-57a2d4851a1d" relativeResultsDirectory="386b5442-deaf-48fe-a828-889727316711" />
    <UnitTestResult executionId="8ac7becd-862c-4990-bd21-d1c6d0d9620b" testId="f6865024-5e66-1a8c-8eaa-13d5eb300007" testName="_2020.Tests.Days.Day6Tests.Part1_pack(testCaseName: &quot;puzzleinput&quot;, expectedResult: &quot;6551&quot;, _: &quot;3358&quot;, fileContent: &quot;nvlyak\r\nnyvha\r\nyaen\r\nqynia\r\n\r\nkend\r\nen&quot;...)" computerName="LAPTOP-35RG0TO8" duration="00:00:00.0143080" startTime="2020-12-15T13:05:24.6932112+01:00" endTime="2020-12-15T13:05:24.6932114+01:00" testType="13cdc9d9-ddb5-4fa4-a97d-d965ccfc6d4b" outcome="Passed" testListId="8c84fa94-04c1-424b-9868-57a2d4851a1d" relativeResultsDirectory="8ac7becd-862c-4990-bd21-d1c6d0d9620b" />
    <UnitTestResult executionId="bb849289-3b9e-4050-92b7-4f0797b678cb" testId="9cf0cba5-172e-c153-e796-92c43fe8b799" testName="_2020.Tests.Days.Day13Tests.Part2_Pack(testCaseName: &quot;puzzleinput&quot;, _: &quot;4135&quot;, expectedResult: &quot;640856202464541&quot;, fileContent: &quot;1011416\r\n41,x,x,x,x,x,x,x,x,x,x,x,x,x,x,x,x,x,x,&quot;...)" computerName="LAPTOP-35RG0TO8" duration="00:00:00.0391081" startTime="2020-12-15T13:05:24.6912849+01:00" endTime="2020-12-15T13:05:24.6912855+01:00" testType="13cdc9d9-ddb5-4fa4-a97d-d965ccfc6d4b" outcome="Passed" testListId="8c84fa94-04c1-424b-9868-57a2d4851a1d" relativeResultsDirectory="bb849289-3b9e-4050-92b7-4f0797b678cb" />
    <UnitTestResult executionId="e6d441e6-0811-4867-8ae7-0366aeaaf387" testId="d07cd30b-d230-d13b-93e4-5f93de4f56b2" testName="_2020.Tests.Days.Day12Tests.Part1_pack(testCaseName: &quot;example1&quot;, expectedResult: &quot;25&quot;, _: &quot;286&quot;, fileContent: &quot;F10\r\nN3\r\nF7\r\nR90\r\nF11&quot;)" computerName="LAPTOP-35RG0TO8" duration="00:00:00.0015256" startTime="2020-12-15T13:05:24.6865629+01:00" endTime="2020-12-15T13:05:24.6865640+01:00" testType="13cdc9d9-ddb5-4fa4-a97d-d965ccfc6d4b" outcome="Passed" testListId="8c84fa94-04c1-424b-9868-57a2d4851a1d" relativeResultsDirectory="e6d441e6-0811-4867-8ae7-0366aeaaf387" />
    <UnitTestResult executionId="ae591cf7-259a-4bbc-9395-16947cf8d150" testId="5cb521d9-b508-87d2-d6b3-9430721a3a5b" testName="_2020.Tests.Days.Day11Tests.Part2_Pack(testCaseName: &quot;puzzleinput&quot;, _: &quot;2310&quot;, expectedResult: &quot;2074&quot;, fileContent: &quot;LLLLLLLLLL.LLLLLLLL.LLLLLLLLLLLLL.LLLLL.LLLL.LL.L.&quot;...)" computerName="LAPTOP-35RG0TO8" duration="00:00:00.8421787" startTime="2020-12-15T13:05:25.4789822+01:00" endTime="2020-12-15T13:05:25.4789937+01:00" testType="13cdc9d9-ddb5-4fa4-a97d-d965ccfc6d4b" outcome="Passed" testListId="8c84fa94-04c1-424b-9868-57a2d4851a1d" relativeResultsDirectory="ae591cf7-259a-4bbc-9395-16947cf8d150" />
    <UnitTestResult executionId="0db10fa4-0f37-42a6-8f67-bec1e97d5d91" testId="e7fe6284-3fcb-b9cb-9a4e-f74cf392b140" testName="_2020.Tests.Days.Day3Tests.Part1_case3(fileContent: &quot;..##.......\r\n#...#...#..\r\n.#....#..#.\r\n..#.#&quot;...)" computerName="LAPTOP-35RG0TO8" duration="00:00:00.0001454" startTime="2020-12-15T13:05:24.6969895+01:00" endTime="2020-12-15T13:05:24.6969907+01:00" testType="13cdc9d9-ddb5-4fa4-a97d-d965ccfc6d4b" outcome="Passed" testListId="8c84fa94-04c1-424b-9868-57a2d4851a1d" relativeResultsDirectory="0db10fa4-0f37-42a6-8f67-bec1e97d5d91" />
    <UnitTestResult executionId="b53e14eb-6474-439f-a31a-e835f7697b82" testId="32ed6bd8-e0af-dd5c-7f74-96ea03b7cf74" testName="_2020.Tests.Days.Day11Tests.Part2_Pack(testCaseName: &quot;example1&quot;, _: &quot;37&quot;, expectedResult: &quot;26&quot;, fileContent: &quot;L.LL.LL.LL\r\nLLLLLLL.LL\r\nL.L.L..L..\r\nLLLL.LL.&quot;...)" computerName="LAPTOP-35RG0TO8" duration="00:00:00.0303547" startTime="2020-12-15T13:05:24.6533238+01:00" endTime="2020-12-15T13:05:24.6533247+01:00" testType="13cdc9d9-ddb5-4fa4-a97d-d965ccfc6d4b" outcome="Passed" testListId="8c84fa94-04c1-424b-9868-57a2d4851a1d" relativeResultsDirectory="b53e14eb-6474-439f-a31a-e835f7697b82" />
    <UnitTestResult executionId="ac3f1377-b20f-456a-95f8-c69ae653d029" testId="bdaba18c-2c59-04ae-e240-7ebf7e7a64fb" testName="_2020.Tests.Days.Day7Tests.Part2_Pack(testCaseName: &quot;puzzleinput&quot;, _: &quot;335&quot;, expectedResult: &quot;2431&quot;, fileContent: &quot;dim silver bags contain 3 posh fuchsia bags.\r\nwa&quot;...)" computerName="LAPTOP-35RG0TO8" duration="00:00:00.0337956" startTime="2020-12-15T13:05:24.6998345+01:00" endTime="2020-12-15T13:05:24.6998347+01:00" testType="13cdc9d9-ddb5-4fa4-a97d-d965ccfc6d4b" outcome="Passed" testListId="8c84fa94-04c1-424b-9868-57a2d4851a1d" relativeResultsDirectory="ac3f1377-b20f-456a-95f8-c69ae653d029" />
    <UnitTestResult executionId="20237c2b-257c-48db-b144-a252c2e2e3d9" testId="02ecd7ab-bcdf-e3ce-73c4-60d49e1f8cf1" testName="_2020.Tests.Days.Day12Tests.Part2_Pack(testCaseName: &quot;example1&quot;, _: &quot;25&quot;, expectedResult: &quot;286&quot;, fileContent: &quot;F10\r\nN3\r\nF7\r\nR90\r\nF11&quot;)" computerName="LAPTOP-35RG0TO8" duration="00:00:00.0000315" startTime="2020-12-15T13:05:24.6799156+01:00" endTime="2020-12-15T13:05:24.6799159+01:00" testType="13cdc9d9-ddb5-4fa4-a97d-d965ccfc6d4b" outcome="Passed" testListId="8c84fa94-04c1-424b-9868-57a2d4851a1d" relativeResultsDirectory="20237c2b-257c-48db-b144-a252c2e2e3d9" />
  </Results>
  <TestDefinitions>
    <UnitTest name="_2020.Tests.Days.Day9Tests.Part1_pack(testCaseName: &quot;example1&quot;, expectedResult: &quot;127&quot;, preamble: &quot;5&quot;, _: &quot;62&quot;, fileContent: &quot;35\r\n20\r\n15\r\n25\r\n47\r\n40\r\n62\r\n55\r\n65&quot;...)" storage="c:\workspace\github\adventofcode\2020.tests\bin\debug\netcoreapp3.1\2020.tests.dll" id="4dc9e345-1e1c-7c56-ffd6-51f432d6c33b">
      <Execution id="e4964c42-eb90-4658-ae74-10588e996c49" />
      <TestMethod codeBase="C:\Workspace\GitHub\AdventOfCode\2020.Tests\bin\Debug\netcoreapp3.1\2020.Tests.dll" adapterTypeName="executor://xunit/VsTestRunner2/netcoreapp" className="_2020.Tests.Days.Day9Tests" name="Part1_pack" />
    </UnitTest>
    <UnitTest name="_2020.Tests.Days.Day7Tests.Part2_Pack(testCaseName: &quot;example2&quot;, _: &quot;&quot;, expectedResult: &quot;126&quot;, fileContent: &quot;shiny gold bags contain 2 dark red bags.\r\ndark r&quot;...)" storage="c:\workspace\github\adventofcode\2020.tests\bin\debug\netcoreapp3.1\2020.tests.dll" id="844a928f-443a-c27a-8ee8-10b193eadc8b">
      <Execution id="16727082-8492-4701-8912-11671d263cbf" />
      <TestMethod codeBase="C:\Workspace\GitHub\AdventOfCode\2020.Tests\bin\Debug\netcoreapp3.1\2020.Tests.dll" adapterTypeName="executor://xunit/VsTestRunner2/netcoreapp" className="_2020.Tests.Days.Day7Tests" name="Part2_Pack" />
    </UnitTest>
    <UnitTest name="_2020.Tests.Days.Day11Tests.Part1_pack(testCaseName: &quot;example1&quot;, expectedResult: &quot;37&quot;, _: &quot;26&quot;, fileContent: &quot;L.LL.LL.LL\r\nLLLLLLL.LL\r\nL.L.L..L..\r\nLLLL.LL.&quot;...)" storage="c:\workspace\github\adventofcode\2020.tests\bin\debug\netcoreapp3.1\2020.tests.dll" id="9f0ccaf6-c07d-b20e-be6b-7733f88e5aab">
      <Execution id="a581cd11-b61e-49a8-bc3d-ff0c5ce29d1a" />
      <TestMethod codeBase="C:\Workspace\GitHub\AdventOfCode\2020.Tests\bin\Debug\netcoreapp3.1\2020.Tests.dll" adapterTypeName="executor://xunit/VsTestRunner2/netcoreapp" className="_2020.Tests.Days.Day11Tests" name="Part1_pack" />
    </UnitTest>
    <UnitTest name="_2020.Tests.Days.Day10Tests.Part1_pack(testCaseName: &quot;example1&quot;, expectedResult: &quot;35&quot;, _: &quot;8&quot;, fileContent: &quot;16\r\n10\r\n15\r\n5\r\n1\r\n11\r\n7\r\n19\r\n6\r\n&quot;...)" storage="c:\workspace\github\adventofcode\2020.tests\bin\debug\netcoreapp3.1\2020.tests.dll" id="4d95249a-c4ec-74a6-909c-c074eed39474">
      <Execution id="3f85dddb-a405-4adf-9cdb-c8c28b469055" />
      <TestMethod codeBase="C:\Workspace\GitHub\AdventOfCode\2020.Tests\bin\Debug\netcoreapp3.1\2020.Tests.dll" adapterTypeName="executor://xunit/VsTestRunner2/netcoreapp" className="_2020.Tests.Days.Day10Tests" name="Part1_pack" />
    </UnitTest>
    <UnitTest name="_2020.Tests.Days.Day5Tests.Part1_pack(testCaseName: &quot;example1&quot;, expectedResult: &quot;820&quot;, _: &quot;&quot;, fileContent: &quot;BFFFBBFRRR\r\nFFFBBBFRRR\r\nBBFFBBFRLL&quot;)" storage="c:\workspace\github\adventofcode\2020.tests\bin\debug\netcoreapp3.1\2020.tests.dll" id="de8b5722-7c80-d4eb-b97c-ebe57717fb6c">
      <Execution id="711104de-62bf-471e-8024-68ce4436d42e" />
      <TestMethod codeBase="C:\Workspace\GitHub\AdventOfCode\2020.Tests\bin\Debug\netcoreapp3.1\2020.Tests.dll" adapterTypeName="executor://xunit/VsTestRunner2/netcoreapp" className="_2020.Tests.Days.Day5Tests" name="Part1_pack" />
    </UnitTest>
    <UnitTest name="_2020.Tests.Days.Day3Tests.Part2_TC3(fileContent: &quot;..##.......\r\n#...#...#..\r\n.#....#..#.\r\n..#.#&quot;...)" storage="c:\workspace\github\adventofcode\2020.tests\bin\debug\netcoreapp3.1\2020.tests.dll" id="9d63c5ca-cd81-dfa2-45c3-bef99b47c927">
      <Execution id="dc6a0b9b-9e6f-42d4-9ba3-3a3ffbb9bb8b" />
      <TestMethod codeBase="C:\Workspace\GitHub\AdventOfCode\2020.Tests\bin\Debug\netcoreapp3.1\2020.Tests.dll" adapterTypeName="executor://xunit/VsTestRunner2/netcoreapp" className="_2020.Tests.Days.Day3Tests" name="Part2_TC3" />
    </UnitTest>
    <UnitTest name="_2020.Tests.Days.Day10Tests.Part2_Pack(testCaseName: &quot;puzzleinput&quot;, _: &quot;2059&quot;, expectedResult: &quot;86812553324672&quot;, fileContent: &quot;77\r\n58\r\n25\r\n92\r\n14\r\n154\r\n105\r\n112\r\&quot;...)" storage="c:\workspace\github\adventofcode\2020.tests\bin\debug\netcoreapp3.1\2020.tests.dll" id="2cc010d6-e101-5b64-2847-d92eb3aca667">
      <Execution id="ec1e9cb0-081f-4783-aa06-c3d0259f576b" />
      <TestMethod codeBase="C:\Workspace\GitHub\AdventOfCode\2020.Tests\bin\Debug\netcoreapp3.1\2020.Tests.dll" adapterTypeName="executor://xunit/VsTestRunner2/netcoreapp" className="_2020.Tests.Days.Day10Tests" name="Part2_Pack" />
    </UnitTest>
    <UnitTest name="_2020.Tests.Days.Day7Tests.Part2_Pack(testCaseName: &quot;puzzleinput&quot;, _: &quot;335&quot;, expectedResult: &quot;2431&quot;, fileContent: &quot;dim silver bags contain 3 posh fuchsia bags.\r\nwa&quot;...)" storage="c:\workspace\github\adventofcode\2020.tests\bin\debug\netcoreapp3.1\2020.tests.dll" id="bdaba18c-2c59-04ae-e240-7ebf7e7a64fb">
      <Execution id="ac3f1377-b20f-456a-95f8-c69ae653d029" />
      <TestMethod codeBase="C:\Workspace\GitHub\AdventOfCode\2020.Tests\bin\Debug\netcoreapp3.1\2020.Tests.dll" adapterTypeName="executor://xunit/VsTestRunner2/netcoreapp" className="_2020.Tests.Days.Day7Tests" name="Part2_Pack" />
    </UnitTest>
    <UnitTest name="_2020.Tests.Days.Day4Tests.Part1_pack(testCaseName: &quot;valid&quot;, expectedResult: &quot;4&quot;, _: &quot;4&quot;, fileContent: &quot;pid:087499704 hgt:74in ecl:grn iyr:2012 eyr:2030 b&quot;...)" storage="c:\workspace\github\adventofcode\2020.tests\bin\debug\netcoreapp3.1\2020.tests.dll" id="8aed83a5-1388-ee14-1e01-687801be888e">
      <Execution id="3385ac2f-2fdb-4d10-979a-3f11009225ed" />
      <TestMethod codeBase="C:\Workspace\GitHub\AdventOfCode\2020.Tests\bin\Debug\netcoreapp3.1\2020.Tests.dll" adapterTypeName="executor://xunit/VsTestRunner2/netcoreapp" className="_2020.Tests.Days.Day4Tests" name="Part1_pack" />
    </UnitTest>
    <UnitTest name="_2020.Tests.Days.Day13Tests.Part1_pack(testCaseName: &quot;puzzleinput&quot;, expectedResult: &quot;4135&quot;, _: &quot;640856202464541&quot;, fileContent: &quot;1011416\r\n41,x,x,x,x,x,x,x,x,x,x,x,x,x,x,x,x,x,x,&quot;...)" storage="c:\workspace\github\adventofcode\2020.tests\bin\debug\netcoreapp3.1\2020.tests.dll" id="d612b35d-eb74-c9d6-7c08-b6087fbf724b">
      <Execution id="d28b80a9-16fe-4050-bd75-83e9028e12e6" />
      <TestMethod codeBase="C:\Workspace\GitHub\AdventOfCode\2020.Tests\bin\Debug\netcoreapp3.1\2020.Tests.dll" adapterTypeName="executor://xunit/VsTestRunner2/netcoreapp" className="_2020.Tests.Days.Day13Tests" name="Part1_pack" />
    </UnitTest>
    <UnitTest name="_2020.Tests.Days.Day10Tests.Part1_pack(testCaseName: &quot;puzzleinput&quot;, expectedResult: &quot;2059&quot;, _: &quot;86812553324672&quot;, fileContent: &quot;77\r\n58\r\n25\r\n92\r\n14\r\n154\r\n105\r\n112\r\&quot;...)" storage="c:\workspace\github\adventofcode\2020.tests\bin\debug\netcoreapp3.1\2020.tests.dll" id="0e0b30c5-6422-25c8-2172-d67c44a7d25d">
      <Execution id="65bea505-3811-478c-b23b-f27ea4d15c12" />
      <TestMethod codeBase="C:\Workspace\GitHub\AdventOfCode\2020.Tests\bin\Debug\netcoreapp3.1\2020.Tests.dll" adapterTypeName="executor://xunit/VsTestRunner2/netcoreapp" className="_2020.Tests.Days.Day10Tests" name="Part1_pack" />
    </UnitTest>
    <UnitTest name="_2020.Tests.Days.Day3Tests.Move_Works(fileContent: &quot;...\r\n#..&quot;, coordinates: [0, 0, 0, 1], isTree: True)" storage="c:\workspace\github\adventofcode\2020.tests\bin\debug\netcoreapp3.1\2020.tests.dll" id="9b48be43-b6dc-ab4a-e9b5-a0f0a0083d37">
      <Execution id="a0fe0e5e-c2c7-4d2c-bafa-42c3516943b9" />
      <TestMethod codeBase="C:\Workspace\GitHub\AdventOfCode\2020.Tests\bin\Debug\netcoreapp3.1\2020.Tests.dll" adapterTypeName="executor://xunit/VsTestRunner2/netcoreapp" className="_2020.Tests.Days.Day3Tests" name="Move_Works" />
    </UnitTest>
    <UnitTest name="_2020.Tests.Days.Day8Tests.Part1_pack(testCaseName: &quot;example1&quot;, expectedResult: &quot;5&quot;, _: &quot;8&quot;, fileContent: &quot;nop +0\r\nacc +1\r\njmp +4\r\nacc +3\r\njmp -3\r\n&quot;...)" storage="c:\workspace\github\adventofcode\2020.tests\bin\debug\netcoreapp3.1\2020.tests.dll" id="edfee89c-6991-817a-4b5f-507b7c5607c8">
      <Execution id="acbc6d58-fd4a-45d8-be20-decbb4df22cd" />
      <TestMethod codeBase="C:\Workspace\GitHub\AdventOfCode\2020.Tests\bin\Debug\netcoreapp3.1\2020.Tests.dll" adapterTypeName="executor://xunit/VsTestRunner2/netcoreapp" className="_2020.Tests.Days.Day8Tests" name="Part1_pack" />
    </UnitTest>
    <UnitTest name="_2020.Tests.Days.Day8Tests.Part2_Pack(testCaseName: &quot;example1&quot;, _: &quot;5&quot;, expectedResult: &quot;8&quot;, fileContent: &quot;nop +0\r\nacc +1\r\njmp +4\r\nacc +3\r\njmp -3\r\n&quot;...)" storage="c:\workspace\github\adventofcode\2020.tests\bin\debug\netcoreapp3.1\2020.tests.dll" id="d87515a5-cd25-21bb-1381-51ed2081f274">
      <Execution id="8f3c8f8f-19eb-4a65-a535-adddbbf27d46" />
      <TestMethod codeBase="C:\Workspace\GitHub\AdventOfCode\2020.Tests\bin\Debug\netcoreapp3.1\2020.Tests.dll" adapterTypeName="executor://xunit/VsTestRunner2/netcoreapp" className="_2020.Tests.Days.Day8Tests" name="Part2_Pack" />
    </UnitTest>
    <UnitTest name="_2020.Tests.Days.Day12Tests.Part2_Pack(testCaseName: &quot;example1&quot;, _: &quot;25&quot;, expectedResult: &quot;286&quot;, fileContent: &quot;F10\r\nN3\r\nF7\r\nR90\r\nF11&quot;)" storage="c:\workspace\github\adventofcode\2020.tests\bin\debug\netcoreapp3.1\2020.tests.dll" id="02ecd7ab-bcdf-e3ce-73c4-60d49e1f8cf1">
      <Execution id="20237c2b-257c-48db-b144-a252c2e2e3d9" />
      <TestMethod codeBase="C:\Workspace\GitHub\AdventOfCode\2020.Tests\bin\Debug\netcoreapp3.1\2020.Tests.dll" adapterTypeName="executor://xunit/VsTestRunner2/netcoreapp" className="_2020.Tests.Days.Day12Tests" name="Part2_Pack" />
    </UnitTest>
    <UnitTest name="_2020.Tests.Days.Day6Tests.Part2_Pack(testCaseName: &quot;puzzleinput&quot;, _: &quot;6551&quot;, expectedResult: &quot;3358&quot;, fileContent: &quot;nvlyak\r\nnyvha\r\nyaen\r\nqynia\r\n\r\nkend\r\nen&quot;...)" storage="c:\workspace\github\adventofcode\2020.tests\bin\debug\netcoreapp3.1\2020.tests.dll" id="0ae8165c-5db8-2151-c07c-655806764c15">
      <Execution id="e3b2b811-9263-44fc-9c36-50b39e899ef9" />
      <TestMethod codeBase="C:\Workspace\GitHub\AdventOfCode\2020.Tests\bin\Debug\netcoreapp3.1\2020.Tests.dll" adapterTypeName="executor://xunit/VsTestRunner2/netcoreapp" className="_2020.Tests.Days.Day6Tests" name="Part2_Pack" />
    </UnitTest>
    <UnitTest name="_2020.Tests.Days.Day10Tests.Part2_Pack(testCaseName: &quot;example1&quot;, _: &quot;35&quot;, expectedResult: &quot;8&quot;, fileContent: &quot;16\r\n10\r\n15\r\n5\r\n1\r\n11\r\n7\r\n19\r\n6\r\n&quot;...)" storage="c:\workspace\github\adventofcode\2020.tests\bin\debug\netcoreapp3.1\2020.tests.dll" id="b2758025-0ea6-8920-1ed3-b47e23fd5591">
      <Execution id="a6de6eed-612c-491c-9f1e-c35858efd71f" />
      <TestMethod codeBase="C:\Workspace\GitHub\AdventOfCode\2020.Tests\bin\Debug\netcoreapp3.1\2020.Tests.dll" adapterTypeName="executor://xunit/VsTestRunner2/netcoreapp" className="_2020.Tests.Days.Day10Tests" name="Part2_Pack" />
    </UnitTest>
    <UnitTest name="_2020.Tests.Days.Day5Tests.Part2_Pack(testCaseName: &quot;mydata&quot;, _: &quot;998&quot;, expectedResult: &quot;676&quot;, fileContent: &quot;BFBBBBBLLR\r\nBBFFBBFRRL\r\nFBFBFFFRRL\r\nBBFFFBFR&quot;...)" storage="c:\workspace\github\adventofcode\2020.tests\bin\debug\netcoreapp3.1\2020.tests.dll" id="5670067d-1cf3-a96b-1c13-3fd4f02d341b">
      <Execution id="4c6df506-4431-4a17-bf18-62d147806da7" />
      <TestMethod codeBase="C:\Workspace\GitHub\AdventOfCode\2020.Tests\bin\Debug\netcoreapp3.1\2020.Tests.dll" adapterTypeName="executor://xunit/VsTestRunner2/netcoreapp" className="_2020.Tests.Days.Day5Tests" name="Part2_Pack" />
    </UnitTest>
    <UnitTest name="_2020.Tests.Days.Day10Tests.Part1_pack(testCaseName: &quot;example_small&quot;, expectedResult: &quot;12&quot;, _: &quot;4&quot;, fileContent: &quot;3\r\n4\r\n5\r\n8\r\n9\r\n10&quot;)" storage="c:\workspace\github\adventofcode\2020.tests\bin\debug\netcoreapp3.1\2020.tests.dll" id="04f07e51-e06f-f9ef-687e-27f8f50cd69c">
      <Execution id="14967d00-ef9c-4096-8351-c0850219d1bb" />
      <TestMethod codeBase="C:\Workspace\GitHub\AdventOfCode\2020.Tests\bin\Debug\netcoreapp3.1\2020.Tests.dll" adapterTypeName="executor://xunit/VsTestRunner2/netcoreapp" className="_2020.Tests.Days.Day10Tests" name="Part1_pack" />
    </UnitTest>
    <UnitTest name="_2020.Tests.Days.Day8Tests.Part2_Pack(testCaseName: &quot;puzzleinput&quot;, _: &quot;2051&quot;, expectedResult: &quot;2304&quot;, fileContent: &quot;jmp +583\r\nacc +9\r\njmp +525\r\njmp +302\r\njmp &quot;...)" storage="c:\workspace\github\adventofcode\2020.tests\bin\debug\netcoreapp3.1\2020.tests.dll" id="01c6738e-928f-12e9-002b-a3010d7f109b">
      <Execution id="7d7e446b-aa2a-4bb4-9636-d9ca7a2bf23e" />
      <TestMethod codeBase="C:\Workspace\GitHub\AdventOfCode\2020.Tests\bin\Debug\netcoreapp3.1\2020.Tests.dll" adapterTypeName="executor://xunit/VsTestRunner2/netcoreapp" className="_2020.Tests.Days.Day8Tests" name="Part2_Pack" />
    </UnitTest>
    <UnitTest name="_2020.Tests.Days.Day9Tests.Part1_pack(testCaseName: &quot;puzzleinput&quot;, expectedResult: &quot;41682220&quot;, preamble: &quot;25&quot;, _: &quot;5388976&quot;, fileContent: &quot;23\r\n3\r\n36\r\n14\r\n50\r\n8\r\n2\r\n44\r\n30\r\&quot;...)" storage="c:\workspace\github\adventofcode\2020.tests\bin\debug\netcoreapp3.1\2020.tests.dll" id="b73fc7b5-5c4f-ce2b-029f-5099fc932df8">
      <Execution id="b8d6088a-bce9-41f2-b46e-681e85fa994e" />
      <TestMethod codeBase="C:\Workspace\GitHub\AdventOfCode\2020.Tests\bin\Debug\netcoreapp3.1\2020.Tests.dll" adapterTypeName="executor://xunit/VsTestRunner2/netcoreapp" className="_2020.Tests.Days.Day9Tests" name="Part1_pack" />
    </UnitTest>
    <UnitTest name="_2020.Tests.Days.Day3Tests.Part1(fileContent: &quot;.#.......#...........#.........\r\n..##.......#.#.&quot;...)" storage="c:\workspace\github\adventofcode\2020.tests\bin\debug\netcoreapp3.1\2020.tests.dll" id="99b22c00-0b2b-9e79-261c-dcb39b52aa8e">
      <Execution id="3a1f36a7-ad56-4875-bb54-cec24a550ec5" />
      <TestMethod codeBase="C:\Workspace\GitHub\AdventOfCode\2020.Tests\bin\Debug\netcoreapp3.1\2020.Tests.dll" adapterTypeName="executor://xunit/VsTestRunner2/netcoreapp" className="_2020.Tests.Days.Day3Tests" name="Part1" />
    </UnitTest>
    <UnitTest name="_2020.Tests.Days.Day13Tests.Part2_Pack(testCaseName: &quot;puzzleinput&quot;, _: &quot;4135&quot;, expectedResult: &quot;640856202464541&quot;, fileContent: &quot;1011416\r\n41,x,x,x,x,x,x,x,x,x,x,x,x,x,x,x,x,x,x,&quot;...)" storage="c:\workspace\github\adventofcode\2020.tests\bin\debug\netcoreapp3.1\2020.tests.dll" id="9cf0cba5-172e-c153-e796-92c43fe8b799">
      <Execution id="bb849289-3b9e-4050-92b7-4f0797b678cb" />
      <TestMethod codeBase="C:\Workspace\GitHub\AdventOfCode\2020.Tests\bin\Debug\netcoreapp3.1\2020.Tests.dll" adapterTypeName="executor://xunit/VsTestRunner2/netcoreapp" className="_2020.Tests.Days.Day13Tests" name="Part2_Pack" />
    </UnitTest>
    <UnitTest name="_2020.Tests.Days.Day14Tests.Part1_pack(testCaseName: &quot;puzzleinput&quot;, expectedResult: &quot;13496669152158&quot;, _: &quot;3278997609887&quot;, fileContent: &quot;mask = 01111X0011X11110XX11X110111001X00001\r\nmem&quot;...)" storage="c:\workspace\github\adventofcode\2020.tests\bin\debug\netcoreapp3.1\2020.tests.dll" id="9c6adfa0-dd3c-9e72-a127-4e1805362479">
      <Execution id="4f609935-8642-43a6-b662-71b2893b84f3" />
      <TestMethod codeBase="C:\Workspace\GitHub\AdventOfCode\2020.Tests\bin\Debug\netcoreapp3.1\2020.Tests.dll" adapterTypeName="executor://xunit/VsTestRunner2/netcoreapp" className="_2020.Tests.Days.Day14Tests" name="Part1_pack" />
    </UnitTest>
    <UnitTest name="_2020.Tests.Days.Day3Tests.Move_Works(fileContent: &quot;.......\r\n...X...\r\n......X&quot;, coordinates: [3, 1, 6, 2], isTree: False)" storage="c:\workspace\github\adventofcode\2020.tests\bin\debug\netcoreapp3.1\2020.tests.dll" id="4884422f-a201-6166-d234-44d86f6dd8d3">
      <Execution id="1ec1ba28-3498-432d-8a8b-73e022c29e3e" />
      <TestMethod codeBase="C:\Workspace\GitHub\AdventOfCode\2020.Tests\bin\Debug\netcoreapp3.1\2020.Tests.dll" adapterTypeName="executor://xunit/VsTestRunner2/netcoreapp" className="_2020.Tests.Days.Day3Tests" name="Move_Works" />
    </UnitTest>
    <UnitTest name="_2020.Tests.Days.Day10Tests.Part2_Pack(testCaseName: &quot;example2&quot;, _: &quot;220&quot;, expectedResult: &quot;19208&quot;, fileContent: &quot;28\r\n33\r\n18\r\n42\r\n31\r\n14\r\n46\r\n20\r\n48&quot;...)" storage="c:\workspace\github\adventofcode\2020.tests\bin\debug\netcoreapp3.1\2020.tests.dll" id="7e2b291f-4d36-b74a-6972-5466517a8596">
      <Execution id="b39bdba8-94b3-447f-9107-15db56c471bc" />
      <TestMethod codeBase="C:\Workspace\GitHub\AdventOfCode\2020.Tests\bin\Debug\netcoreapp3.1\2020.Tests.dll" adapterTypeName="executor://xunit/VsTestRunner2/netcoreapp" className="_2020.Tests.Days.Day10Tests" name="Part2_Pack" />
    </UnitTest>
    <UnitTest name="_2020.Tests.Days.Day10Tests.Part2_Pack(testCaseName: &quot;example_small&quot;, _: &quot;12&quot;, expectedResult: &quot;4&quot;, fileContent: &quot;3\r\n4\r\n5\r\n8\r\n9\r\n10&quot;)" storage="c:\workspace\github\adventofcode\2020.tests\bin\debug\netcoreapp3.1\2020.tests.dll" id="db9d81cc-9f3b-68f2-2d29-410e4425b6d1">
      <Execution id="12609f8b-74d2-4481-b1d1-2aa7b9fb167c" />
      <TestMethod codeBase="C:\Workspace\GitHub\AdventOfCode\2020.Tests\bin\Debug\netcoreapp3.1\2020.Tests.dll" adapterTypeName="executor://xunit/VsTestRunner2/netcoreapp" className="_2020.Tests.Days.Day10Tests" name="Part2_Pack" />
    </UnitTest>
    <UnitTest name="_2020.Tests.Days.Day4Tests.Part2_Pack(testCaseName: &quot;invalid&quot;, _: &quot;4&quot;, expectedResult: &quot;0&quot;, fileContent: &quot;eyr:1972 cid:100\r\nhcl:#18171d ecl:amb hgt:170 pi&quot;...)" storage="c:\workspace\github\adventofcode\2020.tests\bin\debug\netcoreapp3.1\2020.tests.dll" id="0f9af31d-0f66-fa47-7811-06be3c347ad8">
      <Execution id="386b5442-deaf-48fe-a828-889727316711" />
      <TestMethod codeBase="C:\Workspace\GitHub\AdventOfCode\2020.Tests\bin\Debug\netcoreapp3.1\2020.Tests.dll" adapterTypeName="executor://xunit/VsTestRunner2/netcoreapp" className="_2020.Tests.Days.Day4Tests" name="Part2_Pack" />
    </UnitTest>
    <UnitTest name="_2020.Tests.Days.Day14Tests.Part1_pack(testCaseName: &quot;example1&quot;, expectedResult: &quot;165&quot;, _: &quot;&quot;, fileContent: &quot;mask = XXXXXXXXXXXXXXXXXXXXXXXXXXXXX1XXXX0X\r\nmem&quot;...)" storage="c:\workspace\github\adventofcode\2020.tests\bin\debug\netcoreapp3.1\2020.tests.dll" id="16df4b72-a1be-7d8a-175c-1e6c5237fc4e">
      <Execution id="c352e7aa-642c-4cd9-9fb3-35a466c3203d" />
      <TestMethod codeBase="C:\Workspace\GitHub\AdventOfCode\2020.Tests\bin\Debug\netcoreapp3.1\2020.Tests.dll" adapterTypeName="executor://xunit/VsTestRunner2/netcoreapp" className="_2020.Tests.Days.Day14Tests" name="Part1_pack" />
    </UnitTest>
    <UnitTest name="_2020.Tests.Days.Day4Tests.Part1(fileContent: &quot;eyr:2027\r\nhcl:#602927\r\nhgt:186cm byr:1939 iyr:&quot;...)" storage="c:\workspace\github\adventofcode\2020.tests\bin\debug\netcoreapp3.1\2020.tests.dll" id="de573764-ea0d-8509-05be-8709ab895a61">
      <Execution id="552ed3c4-c325-4fd1-ad4c-a7df94ebaa9b" />
      <TestMethod codeBase="C:\Workspace\GitHub\AdventOfCode\2020.Tests\bin\Debug\netcoreapp3.1\2020.Tests.dll" adapterTypeName="executor://xunit/VsTestRunner2/netcoreapp" className="_2020.Tests.Days.Day4Tests" name="Part1" />
    </UnitTest>
    <UnitTest name="_2020.Tests.Days.Day2Tests.Part2(fileContent: &quot;1-5 k: kkkkhkkkkkkkkkk\r\n5-7 k: blkqhtxfgktdkxzkk&quot;...)" storage="c:\workspace\github\adventofcode\2020.tests\bin\debug\netcoreapp3.1\2020.tests.dll" id="26e5e629-8263-4046-5e10-c84b3539586e">
      <Execution id="21959346-3258-4b79-9aa0-9c18f577cf09" />
      <TestMethod codeBase="C:\Workspace\GitHub\AdventOfCode\2020.Tests\bin\Debug\netcoreapp3.1\2020.Tests.dll" adapterTypeName="executor://xunit/VsTestRunner2/netcoreapp" className="_2020.Tests.Days.Day2Tests" name="Part2" />
    </UnitTest>
    <UnitTest name="_2020.Tests.Days.Day1Tests.Part2(lines: &quot;1753\r\n1976\r\n1574\r\n308\r\n1384\r\n1191\r\n173&quot;...)" storage="c:\workspace\github\adventofcode\2020.tests\bin\debug\netcoreapp3.1\2020.tests.dll" id="db94a0d2-a22c-8314-89a3-1a38e815913a">
      <Execution id="a7d39f0a-a4d7-4374-9c61-4300c53736ae" />
      <TestMethod codeBase="C:\Workspace\GitHub\AdventOfCode\2020.Tests\bin\Debug\netcoreapp3.1\2020.Tests.dll" adapterTypeName="executor://xunit/VsTestRunner2/netcoreapp" className="_2020.Tests.Days.Day1Tests" name="Part2" />
    </UnitTest>
    <UnitTest name="_2020.Tests.Days.Day13Tests.Part1_pack(testCaseName: &quot;example1&quot;, expectedResult: &quot;295&quot;, _: &quot;1068781&quot;, fileContent: &quot;939\r\n7,13,x,x,59,x,31,19&quot;)" storage="c:\workspace\github\adventofcode\2020.tests\bin\debug\netcoreapp3.1\2020.tests.dll" id="0a2c2f88-73a7-a432-398b-2f86564fd773">
      <Execution id="c9fa5faf-d3b0-470d-8de4-e46e08f2bc4d" />
      <TestMethod codeBase="C:\Workspace\GitHub\AdventOfCode\2020.Tests\bin\Debug\netcoreapp3.1\2020.Tests.dll" adapterTypeName="executor://xunit/VsTestRunner2/netcoreapp" className="_2020.Tests.Days.Day13Tests" name="Part1_pack" />
    </UnitTest>
    <UnitTest name="_2020.Tests.Days.Day4Tests.Part2_Pack(testCaseName: &quot;valid&quot;, _: &quot;4&quot;, expectedResult: &quot;4&quot;, fileContent: &quot;pid:087499704 hgt:74in ecl:grn iyr:2012 eyr:2030 b&quot;...)" storage="c:\workspace\github\adventofcode\2020.tests\bin\debug\netcoreapp3.1\2020.tests.dll" id="159d3ea9-44fc-4aaa-9da0-18c06a48805e">
      <Execution id="c8d40a07-61e3-4a56-893a-cfc93636a90c" />
      <TestMethod codeBase="C:\Workspace\GitHub\AdventOfCode\2020.Tests\bin\Debug\netcoreapp3.1\2020.Tests.dll" adapterTypeName="executor://xunit/VsTestRunner2/netcoreapp" className="_2020.Tests.Days.Day4Tests" name="Part2_Pack" />
    </UnitTest>
    <UnitTest name="_2020.Tests.Days.Day6Tests.Part2_Pack(testCaseName: &quot;example1&quot;, _: &quot;11&quot;, expectedResult: &quot;6&quot;, fileContent: &quot;abc\r\n\r\na\r\nb\r\nc\r\n\r\nab\r\nac\r\n\r\na\r\&quot;...)" storage="c:\workspace\github\adventofcode\2020.tests\bin\debug\netcoreapp3.1\2020.tests.dll" id="9fcb3a2b-27f0-5f22-0206-56c0549b9a84">
      <Execution id="5ed6a5a8-6f4a-4c5a-a275-911cc7b9d539" />
      <TestMethod codeBase="C:\Workspace\GitHub\AdventOfCode\2020.Tests\bin\Debug\netcoreapp3.1\2020.Tests.dll" adapterTypeName="executor://xunit/VsTestRunner2/netcoreapp" className="_2020.Tests.Days.Day6Tests" name="Part2_Pack" />
    </UnitTest>
    <UnitTest name="_2020.Tests.Days.Day7Tests.Part1_pack(testCaseName: &quot;example1&quot;, expectedResult: &quot;4&quot;, _: &quot;&quot;, fileContent: &quot;light red bags contain 1 bright white bag, 2 muted&quot;...)" storage="c:\workspace\github\adventofcode\2020.tests\bin\debug\netcoreapp3.1\2020.tests.dll" id="375e425c-9b53-a326-01d6-888b92935a87">
      <Execution id="6674eb72-4fe6-4087-8fed-9cd23044ca60" />
      <TestMethod codeBase="C:\Workspace\GitHub\AdventOfCode\2020.Tests\bin\Debug\netcoreapp3.1\2020.Tests.dll" adapterTypeName="executor://xunit/VsTestRunner2/netcoreapp" className="_2020.Tests.Days.Day7Tests" name="Part1_pack" />
    </UnitTest>
    <UnitTest name="_2020.Tests.Days.Day2Tests.Part1(fileContent: &quot;1-5 k: kkkkhkkkkkkkkkk\r\n5-7 k: blkqhtxfgktdkxzkk&quot;...)" storage="c:\workspace\github\adventofcode\2020.tests\bin\debug\netcoreapp3.1\2020.tests.dll" id="b9a0883d-021b-16e7-be90-275f6000cc9d">
      <Execution id="26673b11-119c-4fc4-be55-7d9e7abd0d6e" />
      <TestMethod codeBase="C:\Workspace\GitHub\AdventOfCode\2020.Tests\bin\Debug\netcoreapp3.1\2020.Tests.dll" adapterTypeName="executor://xunit/VsTestRunner2/netcoreapp" className="_2020.Tests.Days.Day2Tests" name="Part1" />
    </UnitTest>
    <UnitTest name="_2020.Tests.Days.Day8Tests.Part1_pack(testCaseName: &quot;puzzleinput&quot;, expectedResult: &quot;2051&quot;, _: &quot;2304&quot;, fileContent: &quot;jmp +583\r\nacc +9\r\njmp +525\r\njmp +302\r\njmp &quot;...)" storage="c:\workspace\github\adventofcode\2020.tests\bin\debug\netcoreapp3.1\2020.tests.dll" id="b27c9020-e789-a65d-c36f-5611503fe0b7">
      <Execution id="0772a635-f9f4-4527-8341-73f58b6669e1" />
      <TestMethod codeBase="C:\Workspace\GitHub\AdventOfCode\2020.Tests\bin\Debug\netcoreapp3.1\2020.Tests.dll" adapterTypeName="executor://xunit/VsTestRunner2/netcoreapp" className="_2020.Tests.Days.Day8Tests" name="Part1_pack" />
    </UnitTest>
    <UnitTest name="_2020.Tests.Days.Day11Tests.Part2_Pack(testCaseName: &quot;puzzleinput&quot;, _: &quot;2310&quot;, expectedResult: &quot;2074&quot;, fileContent: &quot;LLLLLLLLLL.LLLLLLLL.LLLLLLLLLLLLL.LLLLL.LLLL.LL.L.&quot;...)" storage="c:\workspace\github\adventofcode\2020.tests\bin\debug\netcoreapp3.1\2020.tests.dll" id="5cb521d9-b508-87d2-d6b3-9430721a3a5b">
      <Execution id="ae591cf7-259a-4bbc-9395-16947cf8d150" />
      <TestMethod codeBase="C:\Workspace\GitHub\AdventOfCode\2020.Tests\bin\Debug\netcoreapp3.1\2020.Tests.dll" adapterTypeName="executor://xunit/VsTestRunner2/netcoreapp" className="_2020.Tests.Days.Day11Tests" name="Part2_Pack" />
    </UnitTest>
    <UnitTest name="_2020.Tests.Days.Day7Tests.Part1_pack(testCaseName: &quot;puzzleinput&quot;, expectedResult: &quot;335&quot;, _: &quot;2431&quot;, fileContent: &quot;dim silver bags contain 3 posh fuchsia bags.\r\nwa&quot;...)" storage="c:\workspace\github\adventofcode\2020.tests\bin\debug\netcoreapp3.1\2020.tests.dll" id="6b95806a-569f-591e-33c5-cf371e97a169">
      <Execution id="4b254e7d-dc6b-4ee8-a075-13d6d1fe997b" />
      <TestMethod codeBase="C:\Workspace\GitHub\AdventOfCode\2020.Tests\bin\Debug\netcoreapp3.1\2020.Tests.dll" adapterTypeName="executor://xunit/VsTestRunner2/netcoreapp" className="_2020.Tests.Days.Day7Tests" name="Part1_pack" />
    </UnitTest>
    <UnitTest name="_2020.Tests.Days.Day14Tests.Part1_pack(testCaseName: &quot;example2&quot;, expectedResult: &quot;51&quot;, _: &quot;208&quot;, fileContent: &quot;mask = 000000000000000000000000000000X1001X\r\nmem&quot;...)" storage="c:\workspace\github\adventofcode\2020.tests\bin\debug\netcoreapp3.1\2020.tests.dll" id="6c059688-c465-f5a5-7144-0e70ce180f19">
      <Execution id="438ac326-c533-498e-8609-3f1cbfbf5697" />
      <TestMethod codeBase="C:\Workspace\GitHub\AdventOfCode\2020.Tests\bin\Debug\netcoreapp3.1\2020.Tests.dll" adapterTypeName="executor://xunit/VsTestRunner2/netcoreapp" className="_2020.Tests.Days.Day14Tests" name="Part1_pack" />
    </UnitTest>
    <UnitTest name="_2020.Tests.Days.Day3Tests.Move_Works(fileContent: &quot;...\r\nX..&quot;, coordinates: [0, 0, 0, 1], isTree: False)" storage="c:\workspace\github\adventofcode\2020.tests\bin\debug\netcoreapp3.1\2020.tests.dll" id="3e90431b-d28c-c271-ef23-978dcb2898e8">
      <Execution id="4ca8a88d-12fa-4e0e-81b8-12c641493ab0" />
      <TestMethod codeBase="C:\Workspace\GitHub\AdventOfCode\2020.Tests\bin\Debug\netcoreapp3.1\2020.Tests.dll" adapterTypeName="executor://xunit/VsTestRunner2/netcoreapp" className="_2020.Tests.Days.Day3Tests" name="Move_Works" />
    </UnitTest>
    <UnitTest name="_2020.Tests.Days.Day9Tests.Part2_Pack(testCaseName: &quot;example1&quot;, _: &quot;127&quot;, preamble: &quot;5&quot;, expectedResult: &quot;62&quot;, fileContent: &quot;35\r\n20\r\n15\r\n25\r\n47\r\n40\r\n62\r\n55\r\n65&quot;...)" storage="c:\workspace\github\adventofcode\2020.tests\bin\debug\netcoreapp3.1\2020.tests.dll" id="e3b45518-8d0a-2cd6-89ed-a43178b94cdf">
      <Execution id="f7ef2be0-d161-46d6-bd9b-d87f27c38391" />
      <TestMethod codeBase="C:\Workspace\GitHub\AdventOfCode\2020.Tests\bin\Debug\netcoreapp3.1\2020.Tests.dll" adapterTypeName="executor://xunit/VsTestRunner2/netcoreapp" className="_2020.Tests.Days.Day9Tests" name="Part2_Pack" />
    </UnitTest>
    <UnitTest name="_2020.Tests.Days.Day12Tests.Part1_pack(testCaseName: &quot;puzzleinput&quot;, expectedResult: &quot;1565&quot;, _: &quot;78883&quot;, fileContent: &quot;E5\r\nR90\r\nE5\r\nL90\r\nF80\r\nL90\r\nE3\r\nN5\r&quot;...)" storage="c:\workspace\github\adventofcode\2020.tests\bin\debug\netcoreapp3.1\2020.tests.dll" id="f7e40ddb-a284-7426-9379-70e1c4cc7afa">
      <Execution id="0aee7265-bf53-4a97-8576-b0f08dace6fc" />
      <TestMethod codeBase="C:\Workspace\GitHub\AdventOfCode\2020.Tests\bin\Debug\netcoreapp3.1\2020.Tests.dll" adapterTypeName="executor://xunit/VsTestRunner2/netcoreapp" className="_2020.Tests.Days.Day12Tests" name="Part1_pack" />
    </UnitTest>
    <UnitTest name="_2020.Tests.Days.Day10Tests.Part1_pack(testCaseName: &quot;example2&quot;, expectedResult: &quot;220&quot;, _: &quot;19208&quot;, fileContent: &quot;28\r\n33\r\n18\r\n42\r\n31\r\n14\r\n46\r\n20\r\n48&quot;...)" storage="c:\workspace\github\adventofcode\2020.tests\bin\debug\netcoreapp3.1\2020.tests.dll" id="5d9c47dd-439e-67ac-b1d4-8dc742348d44">
      <Execution id="f88aff6a-c400-450c-ba30-6beaff6d17fc" />
      <TestMethod codeBase="C:\Workspace\GitHub\AdventOfCode\2020.Tests\bin\Debug\netcoreapp3.1\2020.Tests.dll" adapterTypeName="executor://xunit/VsTestRunner2/netcoreapp" className="_2020.Tests.Days.Day10Tests" name="Part1_pack" />
    </UnitTest>
    <UnitTest name="_2020.Tests.Days.Day1Tests.Part1(lines: &quot;1753\r\n1976\r\n1574\r\n308\r\n1384\r\n1191\r\n173&quot;...)" storage="c:\workspace\github\adventofcode\2020.tests\bin\debug\netcoreapp3.1\2020.tests.dll" id="26f20c36-20b3-9005-cb04-ee3276a58fd4">
      <Execution id="4edc39c1-24ac-4855-bd1c-6f50971a2c0d" />
      <TestMethod codeBase="C:\Workspace\GitHub\AdventOfCode\2020.Tests\bin\Debug\netcoreapp3.1\2020.Tests.dll" adapterTypeName="executor://xunit/VsTestRunner2/netcoreapp" className="_2020.Tests.Days.Day1Tests" name="Part1" />
    </UnitTest>
    <UnitTest name="_2020.Tests.Days.Day13Tests.Part2_Pack(testCaseName: &quot;example1&quot;, _: &quot;295&quot;, expectedResult: &quot;1068781&quot;, fileContent: &quot;939\r\n7,13,x,x,59,x,31,19&quot;)" storage="c:\workspace\github\adventofcode\2020.tests\bin\debug\netcoreapp3.1\2020.tests.dll" id="56b8ecc6-4451-516f-e6ef-1f4a55f10fe8">
      <Execution id="f1175e46-f137-4fe2-8b95-ab10e238338e" />
      <TestMethod codeBase="C:\Workspace\GitHub\AdventOfCode\2020.Tests\bin\Debug\netcoreapp3.1\2020.Tests.dll" adapterTypeName="executor://xunit/VsTestRunner2/netcoreapp" className="_2020.Tests.Days.Day13Tests" name="Part2_Pack" />
    </UnitTest>
    <UnitTest name="_2020.Tests.Days.Day11Tests.Part1_pack(testCaseName: &quot;puzzleinput&quot;, expectedResult: &quot;2310&quot;, _: &quot;2074&quot;, fileContent: &quot;LLLLLLLLLL.LLLLLLLL.LLLLLLLLLLLLL.LLLLL.LLLL.LL.L.&quot;...)" storage="c:\workspace\github\adventofcode\2020.tests\bin\debug\netcoreapp3.1\2020.tests.dll" id="ea350fd8-4960-b90d-698c-7f319b46d10e">
      <Execution id="e02c484c-f524-4d69-ad5f-5aea9b7e12d3" />
      <TestMethod codeBase="C:\Workspace\GitHub\AdventOfCode\2020.Tests\bin\Debug\netcoreapp3.1\2020.Tests.dll" adapterTypeName="executor://xunit/VsTestRunner2/netcoreapp" className="_2020.Tests.Days.Day11Tests" name="Part1_pack" />
    </UnitTest>
    <UnitTest name="_2020.Tests.Days.Day5Tests.Part1_pack(testCaseName: &quot;mydata&quot;, expectedResult: &quot;998&quot;, _: &quot;676&quot;, fileContent: &quot;BFBBBBBLLR\r\nBBFFBBFRRL\r\nFBFBFFFRRL\r\nBBFFFBFR&quot;...)" storage="c:\workspace\github\adventofcode\2020.tests\bin\debug\netcoreapp3.1\2020.tests.dll" id="216f5805-6dfd-d79f-4066-e2138129ea68">
      <Execution id="3853d089-1710-4a93-b629-5d62e662c0f6" />
      <TestMethod codeBase="C:\Workspace\GitHub\AdventOfCode\2020.Tests\bin\Debug\netcoreapp3.1\2020.Tests.dll" adapterTypeName="executor://xunit/VsTestRunner2/netcoreapp" className="_2020.Tests.Days.Day5Tests" name="Part1_pack" />
    </UnitTest>
    <UnitTest name="_2020.Tests.Days.Day3Tests.Part2(fileContent: &quot;.#.......#...........#.........\r\n..##.......#.#.&quot;...)" storage="c:\workspace\github\adventofcode\2020.tests\bin\debug\netcoreapp3.1\2020.tests.dll" id="9e27424c-7bf4-a54a-a23f-62f6c33d62bb">
      <Execution id="240bcece-0955-4da2-be18-7aa824a6b0ba" />
      <TestMethod codeBase="C:\Workspace\GitHub\AdventOfCode\2020.Tests\bin\Debug\netcoreapp3.1\2020.Tests.dll" adapterTypeName="executor://xunit/VsTestRunner2/netcoreapp" className="_2020.Tests.Days.Day3Tests" name="Part2" />
    </UnitTest>
    <UnitTest name="_2020.Tests.Days.Day14Tests.Part2_Pack(testCaseName: &quot;example2&quot;, _: &quot;51&quot;, expectedResult: &quot;208&quot;, fileContent: &quot;mask = 000000000000000000000000000000X1001X\r\nmem&quot;...)" storage="c:\workspace\github\adventofcode\2020.tests\bin\debug\netcoreapp3.1\2020.tests.dll" id="7df7f244-2fd3-a955-75ef-80b7d924f8e2">
      <Execution id="2020ac17-7249-4425-981d-d9379b009818" />
      <TestMethod codeBase="C:\Workspace\GitHub\AdventOfCode\2020.Tests\bin\Debug\netcoreapp3.1\2020.Tests.dll" adapterTypeName="executor://xunit/VsTestRunner2/netcoreapp" className="_2020.Tests.Days.Day14Tests" name="Part2_Pack" />
    </UnitTest>
    <UnitTest name="_2020.Tests.Days.Day3Tests.Move_Works(fileContent: &quot;.......\r\n...#...\r\n......#&quot;, coordinates: [0, 0, 3, 1], isTree: True)" storage="c:\workspace\github\adventofcode\2020.tests\bin\debug\netcoreapp3.1\2020.tests.dll" id="d36ee119-83d8-bc35-7ac6-7f5ac328dab5">
      <Execution id="1f8566d4-6c55-4ab5-83d6-1e1ddbc137ac" />
      <TestMethod codeBase="C:\Workspace\GitHub\AdventOfCode\2020.Tests\bin\Debug\netcoreapp3.1\2020.Tests.dll" adapterTypeName="executor://xunit/VsTestRunner2/netcoreapp" className="_2020.Tests.Days.Day3Tests" name="Move_Works" />
    </UnitTest>
    <UnitTest name="_2020.Tests.Days.Day12Tests.Part2_Pack(testCaseName: &quot;puzzleinput&quot;, _: &quot;1565&quot;, expectedResult: &quot;78883&quot;, fileContent: &quot;E5\r\nR90\r\nE5\r\nL90\r\nF80\r\nL90\r\nE3\r\nN5\r&quot;...)" storage="c:\workspace\github\adventofcode\2020.tests\bin\debug\netcoreapp3.1\2020.tests.dll" id="1bd4918e-984f-4b09-f089-8b165ff131a6">
      <Execution id="2f11d1aa-8af9-4809-aa8a-d02623208c5a" />
      <TestMethod codeBase="C:\Workspace\GitHub\AdventOfCode\2020.Tests\bin\Debug\netcoreapp3.1\2020.Tests.dll" adapterTypeName="executor://xunit/VsTestRunner2/netcoreapp" className="_2020.Tests.Days.Day12Tests" name="Part2_Pack" />
    </UnitTest>
    <UnitTest name="_2020.Tests.Days.Day14Tests.Part2_Pack(testCaseName: &quot;puzzleinput&quot;, _: &quot;13496669152158&quot;, expectedResult: &quot;3278997609887&quot;, fileContent: &quot;mask = 01111X0011X11110XX11X110111001X00001\r\nmem&quot;...)" storage="c:\workspace\github\adventofcode\2020.tests\bin\debug\netcoreapp3.1\2020.tests.dll" id="c8eb35de-3806-7a84-c356-ef8a1ba0e171">
      <Execution id="2d0ecc85-7782-4e7f-b36d-35ffb894a772" />
      <TestMethod codeBase="C:\Workspace\GitHub\AdventOfCode\2020.Tests\bin\Debug\netcoreapp3.1\2020.Tests.dll" adapterTypeName="executor://xunit/VsTestRunner2/netcoreapp" className="_2020.Tests.Days.Day14Tests" name="Part2_Pack" />
    </UnitTest>
    <UnitTest name="_2020.Tests.Days.Day9Tests.Part2_Pack(testCaseName: &quot;puzzleinput&quot;, _: &quot;41682220&quot;, preamble: &quot;25&quot;, expectedResult: &quot;5388976&quot;, fileContent: &quot;23\r\n3\r\n36\r\n14\r\n50\r\n8\r\n2\r\n44\r\n30\r\&quot;...)" storage="c:\workspace\github\adventofcode\2020.tests\bin\debug\netcoreapp3.1\2020.tests.dll" id="0b60d97b-b22a-43f0-3b65-c801f8f15e8d">
      <Execution id="301d1427-554e-4bdd-aca6-0d0514667408" />
      <TestMethod codeBase="C:\Workspace\GitHub\AdventOfCode\2020.Tests\bin\Debug\netcoreapp3.1\2020.Tests.dll" adapterTypeName="executor://xunit/VsTestRunner2/netcoreapp" className="_2020.Tests.Days.Day9Tests" name="Part2_Pack" />
    </UnitTest>
    <UnitTest name="_2020.Tests.Days.Day6Tests.Part1_pack(testCaseName: &quot;example1&quot;, expectedResult: &quot;11&quot;, _: &quot;6&quot;, fileContent: &quot;abc\r\n\r\na\r\nb\r\nc\r\n\r\nab\r\nac\r\n\r\na\r\&quot;...)" storage="c:\workspace\github\adventofcode\2020.tests\bin\debug\netcoreapp3.1\2020.tests.dll" id="dce4b7c0-81f4-b41c-94b9-afb06d0ad99d">
      <Execution id="323031f2-6778-4fd6-91d3-00e6614249a4" />
      <TestMethod codeBase="C:\Workspace\GitHub\AdventOfCode\2020.Tests\bin\Debug\netcoreapp3.1\2020.Tests.dll" adapterTypeName="executor://xunit/VsTestRunner2/netcoreapp" className="_2020.Tests.Days.Day6Tests" name="Part1_pack" />
    </UnitTest>
    <UnitTest name="_2020.Tests.Days.Day12Tests.Part1_pack(testCaseName: &quot;example1&quot;, expectedResult: &quot;25&quot;, _: &quot;286&quot;, fileContent: &quot;F10\r\nN3\r\nF7\r\nR90\r\nF11&quot;)" storage="c:\workspace\github\adventofcode\2020.tests\bin\debug\netcoreapp3.1\2020.tests.dll" id="d07cd30b-d230-d13b-93e4-5f93de4f56b2">
      <Execution id="e6d441e6-0811-4867-8ae7-0366aeaaf387" />
      <TestMethod codeBase="C:\Workspace\GitHub\AdventOfCode\2020.Tests\bin\Debug\netcoreapp3.1\2020.Tests.dll" adapterTypeName="executor://xunit/VsTestRunner2/netcoreapp" className="_2020.Tests.Days.Day12Tests" name="Part1_pack" />
    </UnitTest>
    <UnitTest name="_2020.Tests.Days.Day3Tests.Move_Works(fileContent: &quot;.......\r\n...#...\r\n......#&quot;, coordinates: [3, 1, 6, 2], isTree: True)" storage="c:\workspace\github\adventofcode\2020.tests\bin\debug\netcoreapp3.1\2020.tests.dll" id="7deeee6f-5f68-e96c-55d2-19a70aab7c3d">
      <Execution id="bc48b787-d837-4730-93f8-b50d20a64728" />
      <TestMethod codeBase="C:\Workspace\GitHub\AdventOfCode\2020.Tests\bin\Debug\netcoreapp3.1\2020.Tests.dll" adapterTypeName="executor://xunit/VsTestRunner2/netcoreapp" className="_2020.Tests.Days.Day3Tests" name="Move_Works" />
    </UnitTest>
    <UnitTest name="_2020.Tests.Days.Day4Tests.Part2(fileContent: &quot;eyr:2027\r\nhcl:#602927\r\nhgt:186cm byr:1939 iyr:&quot;...)" storage="c:\workspace\github\adventofcode\2020.tests\bin\debug\netcoreapp3.1\2020.tests.dll" id="de2d88b7-cfd9-036b-e718-618c36e4686c">
      <Execution id="a0354064-55d5-4773-ba41-b8f8eb0e97ea" />
      <TestMethod codeBase="C:\Workspace\GitHub\AdventOfCode\2020.Tests\bin\Debug\netcoreapp3.1\2020.Tests.dll" adapterTypeName="executor://xunit/VsTestRunner2/netcoreapp" className="_2020.Tests.Days.Day4Tests" name="Part2" />
    </UnitTest>
    <UnitTest name="_2020.Tests.Days.Day6Tests.Part1_pack(testCaseName: &quot;puzzleinput&quot;, expectedResult: &quot;6551&quot;, _: &quot;3358&quot;, fileContent: &quot;nvlyak\r\nnyvha\r\nyaen\r\nqynia\r\n\r\nkend\r\nen&quot;...)" storage="c:\workspace\github\adventofcode\2020.tests\bin\debug\netcoreapp3.1\2020.tests.dll" id="f6865024-5e66-1a8c-8eaa-13d5eb300007">
      <Execution id="8ac7becd-862c-4990-bd21-d1c6d0d9620b" />
      <TestMethod codeBase="C:\Workspace\GitHub\AdventOfCode\2020.Tests\bin\Debug\netcoreapp3.1\2020.Tests.dll" adapterTypeName="executor://xunit/VsTestRunner2/netcoreapp" className="_2020.Tests.Days.Day6Tests" name="Part1_pack" />
    </UnitTest>
    <UnitTest name="_2020.Tests.Days.Day4Tests.Part1_pack(testCaseName: &quot;invalid&quot;, expectedResult: &quot;4&quot;, _: &quot;0&quot;, fileContent: &quot;eyr:1972 cid:100\r\nhcl:#18171d ecl:amb hgt:170 pi&quot;...)" storage="c:\workspace\github\adventofcode\2020.tests\bin\debug\netcoreapp3.1\2020.tests.dll" id="7505053a-8388-b504-70a1-f4bcc9da9d25">
      <Execution id="a9365128-7d46-4961-8663-4956cd3ecd19" />
      <TestMethod codeBase="C:\Workspace\GitHub\AdventOfCode\2020.Tests\bin\Debug\netcoreapp3.1\2020.Tests.dll" adapterTypeName="executor://xunit/VsTestRunner2/netcoreapp" className="_2020.Tests.Days.Day4Tests" name="Part1_pack" />
    </UnitTest>
    <UnitTest name="_2020.Tests.Days.Day4Tests.Part1Example(fileContent: &quot;ecl:gry pid:860033327 eyr:2020 hcl:#fffffd\r\nbyr:&quot;...)" storage="c:\workspace\github\adventofcode\2020.tests\bin\debug\netcoreapp3.1\2020.tests.dll" id="fc6461b5-e450-3964-c0c6-8dde33d0fbf9">
      <Execution id="c9283421-3946-4006-88fa-b863578c187e" />
      <TestMethod codeBase="C:\Workspace\GitHub\AdventOfCode\2020.Tests\bin\Debug\netcoreapp3.1\2020.Tests.dll" adapterTypeName="executor://xunit/VsTestRunner2/netcoreapp" className="_2020.Tests.Days.Day4Tests" name="Part1Example" />
    </UnitTest>
    <UnitTest name="_2020.Tests.Days.Day3Tests.Move_Works(fileContent: &quot;.......\r\n...X...\r\n......X&quot;, coordinates: [0, 0, 3, 1], isTree: False)" storage="c:\workspace\github\adventofcode\2020.tests\bin\debug\netcoreapp3.1\2020.tests.dll" id="8146e86e-cd6b-cf36-e743-61cfc2778296">
      <Execution id="9867ae6f-1cbc-4152-9e19-3c0614e957fb" />
      <TestMethod codeBase="C:\Workspace\GitHub\AdventOfCode\2020.Tests\bin\Debug\netcoreapp3.1\2020.Tests.dll" adapterTypeName="executor://xunit/VsTestRunner2/netcoreapp" className="_2020.Tests.Days.Day3Tests" name="Move_Works" />
    </UnitTest>
    <UnitTest name="_2020.Tests.Days.Day3Tests.Part1_case3(fileContent: &quot;..##.......\r\n#...#...#..\r\n.#....#..#.\r\n..#.#&quot;...)" storage="c:\workspace\github\adventofcode\2020.tests\bin\debug\netcoreapp3.1\2020.tests.dll" id="e7fe6284-3fcb-b9cb-9a4e-f74cf392b140">
      <Execution id="0db10fa4-0f37-42a6-8f67-bec1e97d5d91" />
      <TestMethod codeBase="C:\Workspace\GitHub\AdventOfCode\2020.Tests\bin\Debug\netcoreapp3.1\2020.Tests.dll" adapterTypeName="executor://xunit/VsTestRunner2/netcoreapp" className="_2020.Tests.Days.Day3Tests" name="Part1_case3" />
    </UnitTest>
    <UnitTest name="_2020.Tests.Days.Day11Tests.Part2_Pack(testCaseName: &quot;example1&quot;, _: &quot;37&quot;, expectedResult: &quot;26&quot;, fileContent: &quot;L.LL.LL.LL\r\nLLLLLLL.LL\r\nL.L.L..L..\r\nLLLL.LL.&quot;...)" storage="c:\workspace\github\adventofcode\2020.tests\bin\debug\netcoreapp3.1\2020.tests.dll" id="32ed6bd8-e0af-dd5c-7f74-96ea03b7cf74">
      <Execution id="b53e14eb-6474-439f-a31a-e835f7697b82" />
      <TestMethod codeBase="C:\Workspace\GitHub\AdventOfCode\2020.Tests\bin\Debug\netcoreapp3.1\2020.Tests.dll" adapterTypeName="executor://xunit/VsTestRunner2/netcoreapp" className="_2020.Tests.Days.Day11Tests" name="Part2_Pack" />
    </UnitTest>
    <UnitTest name="_2020.Tests.Days.Day3Tests.Part1_case2(fileContent: &quot;...\r\n#..&quot;)" storage="c:\workspace\github\adventofcode\2020.tests\bin\debug\netcoreapp3.1\2020.tests.dll" id="136cf6b3-49e2-8bb0-486f-d1f9a3983f12">
      <Execution id="c6856965-53d6-4762-a611-8f76190e6903" />
      <TestMethod codeBase="C:\Workspace\GitHub\AdventOfCode\2020.Tests\bin\Debug\netcoreapp3.1\2020.Tests.dll" adapterTypeName="executor://xunit/VsTestRunner2/netcoreapp" className="_2020.Tests.Days.Day3Tests" name="Part1_case2" />
    </UnitTest>
  </TestDefinitions>
  <TestEntries>
    <TestEntry testId="de2d88b7-cfd9-036b-e718-618c36e4686c" executionId="a0354064-55d5-4773-ba41-b8f8eb0e97ea" testListId="8c84fa94-04c1-424b-9868-57a2d4851a1d" />
    <TestEntry testId="16df4b72-a1be-7d8a-175c-1e6c5237fc4e" executionId="c352e7aa-642c-4cd9-9fb3-35a466c3203d" testListId="8c84fa94-04c1-424b-9868-57a2d4851a1d" />
    <TestEntry testId="de8b5722-7c80-d4eb-b97c-ebe57717fb6c" executionId="711104de-62bf-471e-8024-68ce4436d42e" testListId="8c84fa94-04c1-424b-9868-57a2d4851a1d" />
    <TestEntry testId="1bd4918e-984f-4b09-f089-8b165ff131a6" executionId="2f11d1aa-8af9-4809-aa8a-d02623208c5a" testListId="8c84fa94-04c1-424b-9868-57a2d4851a1d" />
    <TestEntry testId="ea350fd8-4960-b90d-698c-7f319b46d10e" executionId="e02c484c-f524-4d69-ad5f-5aea9b7e12d3" testListId="8c84fa94-04c1-424b-9868-57a2d4851a1d" />
    <TestEntry testId="4dc9e345-1e1c-7c56-ffd6-51f432d6c33b" executionId="e4964c42-eb90-4658-ae74-10588e996c49" testListId="8c84fa94-04c1-424b-9868-57a2d4851a1d" />
    <TestEntry testId="edfee89c-6991-817a-4b5f-507b7c5607c8" executionId="acbc6d58-fd4a-45d8-be20-decbb4df22cd" testListId="8c84fa94-04c1-424b-9868-57a2d4851a1d" />
    <TestEntry testId="136cf6b3-49e2-8bb0-486f-d1f9a3983f12" executionId="c6856965-53d6-4762-a611-8f76190e6903" testListId="8c84fa94-04c1-424b-9868-57a2d4851a1d" />
    <TestEntry testId="b27c9020-e789-a65d-c36f-5611503fe0b7" executionId="0772a635-f9f4-4527-8341-73f58b6669e1" testListId="8c84fa94-04c1-424b-9868-57a2d4851a1d" />
    <TestEntry testId="9e27424c-7bf4-a54a-a23f-62f6c33d62bb" executionId="240bcece-0955-4da2-be18-7aa824a6b0ba" testListId="8c84fa94-04c1-424b-9868-57a2d4851a1d" />
    <TestEntry testId="8aed83a5-1388-ee14-1e01-687801be888e" executionId="3385ac2f-2fdb-4d10-979a-3f11009225ed" testListId="8c84fa94-04c1-424b-9868-57a2d4851a1d" />
    <TestEntry testId="b9a0883d-021b-16e7-be90-275f6000cc9d" executionId="26673b11-119c-4fc4-be55-7d9e7abd0d6e" testListId="8c84fa94-04c1-424b-9868-57a2d4851a1d" />
    <TestEntry testId="0ae8165c-5db8-2151-c07c-655806764c15" executionId="e3b2b811-9263-44fc-9c36-50b39e899ef9" testListId="8c84fa94-04c1-424b-9868-57a2d4851a1d" />
    <TestEntry testId="844a928f-443a-c27a-8ee8-10b193eadc8b" executionId="16727082-8492-4701-8912-11671d263cbf" testListId="8c84fa94-04c1-424b-9868-57a2d4851a1d" />
    <TestEntry testId="26e5e629-8263-4046-5e10-c84b3539586e" executionId="21959346-3258-4b79-9aa0-9c18f577cf09" testListId="8c84fa94-04c1-424b-9868-57a2d4851a1d" />
    <TestEntry testId="99b22c00-0b2b-9e79-261c-dcb39b52aa8e" executionId="3a1f36a7-ad56-4875-bb54-cec24a550ec5" testListId="8c84fa94-04c1-424b-9868-57a2d4851a1d" />
    <TestEntry testId="fc6461b5-e450-3964-c0c6-8dde33d0fbf9" executionId="c9283421-3946-4006-88fa-b863578c187e" testListId="8c84fa94-04c1-424b-9868-57a2d4851a1d" />
    <TestEntry testId="7df7f244-2fd3-a955-75ef-80b7d924f8e2" executionId="2020ac17-7249-4425-981d-d9379b009818" testListId="8c84fa94-04c1-424b-9868-57a2d4851a1d" />
    <TestEntry testId="c8eb35de-3806-7a84-c356-ef8a1ba0e171" executionId="2d0ecc85-7782-4e7f-b36d-35ffb894a772" testListId="8c84fa94-04c1-424b-9868-57a2d4851a1d" />
    <TestEntry testId="d612b35d-eb74-c9d6-7c08-b6087fbf724b" executionId="d28b80a9-16fe-4050-bd75-83e9028e12e6" testListId="8c84fa94-04c1-424b-9868-57a2d4851a1d" />
    <TestEntry testId="01c6738e-928f-12e9-002b-a3010d7f109b" executionId="7d7e446b-aa2a-4bb4-9636-d9ca7a2bf23e" testListId="8c84fa94-04c1-424b-9868-57a2d4851a1d" />
    <TestEntry testId="5d9c47dd-439e-67ac-b1d4-8dc742348d44" executionId="f88aff6a-c400-450c-ba30-6beaff6d17fc" testListId="8c84fa94-04c1-424b-9868-57a2d4851a1d" />
    <TestEntry testId="8146e86e-cd6b-cf36-e743-61cfc2778296" executionId="9867ae6f-1cbc-4152-9e19-3c0614e957fb" testListId="8c84fa94-04c1-424b-9868-57a2d4851a1d" />
    <TestEntry testId="26f20c36-20b3-9005-cb04-ee3276a58fd4" executionId="4edc39c1-24ac-4855-bd1c-6f50971a2c0d" testListId="8c84fa94-04c1-424b-9868-57a2d4851a1d" />
    <TestEntry testId="f7e40ddb-a284-7426-9379-70e1c4cc7afa" executionId="0aee7265-bf53-4a97-8576-b0f08dace6fc" testListId="8c84fa94-04c1-424b-9868-57a2d4851a1d" />
    <TestEntry testId="0b60d97b-b22a-43f0-3b65-c801f8f15e8d" executionId="301d1427-554e-4bdd-aca6-0d0514667408" testListId="8c84fa94-04c1-424b-9868-57a2d4851a1d" />
    <TestEntry testId="5670067d-1cf3-a96b-1c13-3fd4f02d341b" executionId="4c6df506-4431-4a17-bf18-62d147806da7" testListId="8c84fa94-04c1-424b-9868-57a2d4851a1d" />
    <TestEntry testId="db9d81cc-9f3b-68f2-2d29-410e4425b6d1" executionId="12609f8b-74d2-4481-b1d1-2aa7b9fb167c" testListId="8c84fa94-04c1-424b-9868-57a2d4851a1d" />
    <TestEntry testId="de573764-ea0d-8509-05be-8709ab895a61" executionId="552ed3c4-c325-4fd1-ad4c-a7df94ebaa9b" testListId="8c84fa94-04c1-424b-9868-57a2d4851a1d" />
    <TestEntry testId="6c059688-c465-f5a5-7144-0e70ce180f19" executionId="438ac326-c533-498e-8609-3f1cbfbf5697" testListId="8c84fa94-04c1-424b-9868-57a2d4851a1d" />
    <TestEntry testId="db94a0d2-a22c-8314-89a3-1a38e815913a" executionId="a7d39f0a-a4d7-4374-9c61-4300c53736ae" testListId="8c84fa94-04c1-424b-9868-57a2d4851a1d" />
    <TestEntry testId="2cc010d6-e101-5b64-2847-d92eb3aca667" executionId="ec1e9cb0-081f-4783-aa06-c3d0259f576b" testListId="8c84fa94-04c1-424b-9868-57a2d4851a1d" />
    <TestEntry testId="9f0ccaf6-c07d-b20e-be6b-7733f88e5aab" executionId="a581cd11-b61e-49a8-bc3d-ff0c5ce29d1a" testListId="8c84fa94-04c1-424b-9868-57a2d4851a1d" />
    <TestEntry testId="216f5805-6dfd-d79f-4066-e2138129ea68" executionId="3853d089-1710-4a93-b629-5d62e662c0f6" testListId="8c84fa94-04c1-424b-9868-57a2d4851a1d" />
    <TestEntry testId="0a2c2f88-73a7-a432-398b-2f86564fd773" executionId="c9fa5faf-d3b0-470d-8de4-e46e08f2bc4d" testListId="8c84fa94-04c1-424b-9868-57a2d4851a1d" />
    <TestEntry testId="0e0b30c5-6422-25c8-2172-d67c44a7d25d" executionId="65bea505-3811-478c-b23b-f27ea4d15c12" testListId="8c84fa94-04c1-424b-9868-57a2d4851a1d" />
    <TestEntry testId="7e2b291f-4d36-b74a-6972-5466517a8596" executionId="b39bdba8-94b3-447f-9107-15db56c471bc" testListId="8c84fa94-04c1-424b-9868-57a2d4851a1d" />
    <TestEntry testId="56b8ecc6-4451-516f-e6ef-1f4a55f10fe8" executionId="f1175e46-f137-4fe2-8b95-ab10e238338e" testListId="8c84fa94-04c1-424b-9868-57a2d4851a1d" />
    <TestEntry testId="d36ee119-83d8-bc35-7ac6-7f5ac328dab5" executionId="1f8566d4-6c55-4ab5-83d6-1e1ddbc137ac" testListId="8c84fa94-04c1-424b-9868-57a2d4851a1d" />
    <TestEntry testId="9fcb3a2b-27f0-5f22-0206-56c0549b9a84" executionId="5ed6a5a8-6f4a-4c5a-a275-911cc7b9d539" testListId="8c84fa94-04c1-424b-9868-57a2d4851a1d" />
    <TestEntry testId="dce4b7c0-81f4-b41c-94b9-afb06d0ad99d" executionId="323031f2-6778-4fd6-91d3-00e6614249a4" testListId="8c84fa94-04c1-424b-9868-57a2d4851a1d" />
    <TestEntry testId="7505053a-8388-b504-70a1-f4bcc9da9d25" executionId="a9365128-7d46-4961-8663-4956cd3ecd19" testListId="8c84fa94-04c1-424b-9868-57a2d4851a1d" />
    <TestEntry testId="e3b45518-8d0a-2cd6-89ed-a43178b94cdf" executionId="f7ef2be0-d161-46d6-bd9b-d87f27c38391" testListId="8c84fa94-04c1-424b-9868-57a2d4851a1d" />
    <TestEntry testId="b2758025-0ea6-8920-1ed3-b47e23fd5591" executionId="a6de6eed-612c-491c-9f1e-c35858efd71f" testListId="8c84fa94-04c1-424b-9868-57a2d4851a1d" />
    <TestEntry testId="d87515a5-cd25-21bb-1381-51ed2081f274" executionId="8f3c8f8f-19eb-4a65-a535-adddbbf27d46" testListId="8c84fa94-04c1-424b-9868-57a2d4851a1d" />
    <TestEntry testId="4d95249a-c4ec-74a6-909c-c074eed39474" executionId="3f85dddb-a405-4adf-9cdb-c8c28b469055" testListId="8c84fa94-04c1-424b-9868-57a2d4851a1d" />
    <TestEntry testId="9b48be43-b6dc-ab4a-e9b5-a0f0a0083d37" executionId="a0fe0e5e-c2c7-4d2c-bafa-42c3516943b9" testListId="8c84fa94-04c1-424b-9868-57a2d4851a1d" />
    <TestEntry testId="04f07e51-e06f-f9ef-687e-27f8f50cd69c" executionId="14967d00-ef9c-4096-8351-c0850219d1bb" testListId="8c84fa94-04c1-424b-9868-57a2d4851a1d" />
    <TestEntry testId="6b95806a-569f-591e-33c5-cf371e97a169" executionId="4b254e7d-dc6b-4ee8-a075-13d6d1fe997b" testListId="8c84fa94-04c1-424b-9868-57a2d4851a1d" />
    <TestEntry testId="375e425c-9b53-a326-01d6-888b92935a87" executionId="6674eb72-4fe6-4087-8fed-9cd23044ca60" testListId="8c84fa94-04c1-424b-9868-57a2d4851a1d" />
    <TestEntry testId="159d3ea9-44fc-4aaa-9da0-18c06a48805e" executionId="c8d40a07-61e3-4a56-893a-cfc93636a90c" testListId="8c84fa94-04c1-424b-9868-57a2d4851a1d" />
    <TestEntry testId="b73fc7b5-5c4f-ce2b-029f-5099fc932df8" executionId="b8d6088a-bce9-41f2-b46e-681e85fa994e" testListId="8c84fa94-04c1-424b-9868-57a2d4851a1d" />
    <TestEntry testId="9c6adfa0-dd3c-9e72-a127-4e1805362479" executionId="4f609935-8642-43a6-b662-71b2893b84f3" testListId="8c84fa94-04c1-424b-9868-57a2d4851a1d" />
    <TestEntry testId="3e90431b-d28c-c271-ef23-978dcb2898e8" executionId="4ca8a88d-12fa-4e0e-81b8-12c641493ab0" testListId="8c84fa94-04c1-424b-9868-57a2d4851a1d" />
    <TestEntry testId="9d63c5ca-cd81-dfa2-45c3-bef99b47c927" executionId="dc6a0b9b-9e6f-42d4-9ba3-3a3ffbb9bb8b" testListId="8c84fa94-04c1-424b-9868-57a2d4851a1d" />
    <TestEntry testId="7deeee6f-5f68-e96c-55d2-19a70aab7c3d" executionId="bc48b787-d837-4730-93f8-b50d20a64728" testListId="8c84fa94-04c1-424b-9868-57a2d4851a1d" />
    <TestEntry testId="4884422f-a201-6166-d234-44d86f6dd8d3" executionId="1ec1ba28-3498-432d-8a8b-73e022c29e3e" testListId="8c84fa94-04c1-424b-9868-57a2d4851a1d" />
    <TestEntry testId="0f9af31d-0f66-fa47-7811-06be3c347ad8" executionId="386b5442-deaf-48fe-a828-889727316711" testListId="8c84fa94-04c1-424b-9868-57a2d4851a1d" />
    <TestEntry testId="f6865024-5e66-1a8c-8eaa-13d5eb300007" executionId="8ac7becd-862c-4990-bd21-d1c6d0d9620b" testListId="8c84fa94-04c1-424b-9868-57a2d4851a1d" />
    <TestEntry testId="9cf0cba5-172e-c153-e796-92c43fe8b799" executionId="bb849289-3b9e-4050-92b7-4f0797b678cb" testListId="8c84fa94-04c1-424b-9868-57a2d4851a1d" />
    <TestEntry testId="d07cd30b-d230-d13b-93e4-5f93de4f56b2" executionId="e6d441e6-0811-4867-8ae7-0366aeaaf387" testListId="8c84fa94-04c1-424b-9868-57a2d4851a1d" />
    <TestEntry testId="5cb521d9-b508-87d2-d6b3-9430721a3a5b" executionId="ae591cf7-259a-4bbc-9395-16947cf8d150" testListId="8c84fa94-04c1-424b-9868-57a2d4851a1d" />
    <TestEntry testId="e7fe6284-3fcb-b9cb-9a4e-f74cf392b140" executionId="0db10fa4-0f37-42a6-8f67-bec1e97d5d91" testListId="8c84fa94-04c1-424b-9868-57a2d4851a1d" />
    <TestEntry testId="32ed6bd8-e0af-dd5c-7f74-96ea03b7cf74" executionId="b53e14eb-6474-439f-a31a-e835f7697b82" testListId="8c84fa94-04c1-424b-9868-57a2d4851a1d" />
    <TestEntry testId="bdaba18c-2c59-04ae-e240-7ebf7e7a64fb" executionId="ac3f1377-b20f-456a-95f8-c69ae653d029" testListId="8c84fa94-04c1-424b-9868-57a2d4851a1d" />
    <TestEntry testId="02ecd7ab-bcdf-e3ce-73c4-60d49e1f8cf1" executionId="20237c2b-257c-48db-b144-a252c2e2e3d9" testListId="8c84fa94-04c1-424b-9868-57a2d4851a1d" />
  </TestEntries>
  <TestLists>
    <TestList name="Wyniki, których nie ma na liście" id="8c84fa94-04c1-424b-9868-57a2d4851a1d" />
    <TestList name="Wszystkie załadowane wyniki" id="19431567-8539-422a-85d7-44ee4e166bda" />
  </TestLists>
  <ResultSummary outcome="Completed">
    <Counters total="66" executed="66" passed="66" failed="0" error="0" timeout="0" aborted="0" inconclusive="0" passedButRunAborted="0" notRunnable="0" notExecuted="0" disconnected="0" warning="0" completed="0" inProgress="0" pending="0" />
    <Output>
      <StdOut>[xUnit.net 00:00:00.00] xUnit.net VSTest Adapter v2.4.3+1b45f5407b (64-bit .NET Core 3.1.10)&#xD;
[xUnit.net 00:00:00.35]   Discovering: 2020.Tests&#xD;
[xUnit.net 00:00:00.43]   Discovered:  2020.Tests&#xD;
[xUnit.net 00:00:00.44]   Starting:    2020.Tests&#xD;
[xUnit.net 00:00:02.19]   Finished:    2020.Tests&#xD;
</StdOut>
    </Output>
  </ResultSummary>
</TestRun>